{"/home/runner/work/ledger/ledger/frontend/src/application/hooks/useNetworkStatus.ts": {"path":"/home/runner/work/ledger/ledger/frontend/src/application/hooks/useNetworkStatus.ts","statementMap":{"0":{"start":{"line":24,"column":32},"end":{"line":188,"column":1}},"1":{"start":{"line":25,"column":44},"end":{"line":30,"column":4}},"2":{"start":{"line":32,"column":38},"end":{"line":37,"column":4}},"3":{"start":{"line":39,"column":2},"end":{"line":70,"column":9}},"4":{"start":{"line":41,"column":24},"end":{"line":55,"column":6}},"5":{"start":{"line":42,"column":22},"end":{"line":42,"column":86}},"6":{"start":{"line":44,"column":6},"end":{"line":49,"column":9}},"7":{"start":{"line":52,"column":6},"end":{"line":54,"column":7}},"8":{"start":{"line":53,"column":8},"end":{"line":53,"column":23}},"9":{"start":{"line":58,"column":4},"end":{"line":65,"column":7}},"10":{"start":{"line":59,"column":6},"end":{"line":64,"column":9}},"11":{"start":{"line":67,"column":4},"end":{"line":69,"column":6}},"12":{"start":{"line":68,"column":6},"end":{"line":68,"column":20}},"13":{"start":{"line":75,"column":23},"end":{"line":86,"column":3}},"14":{"start":{"line":76,"column":4},"end":{"line":85,"column":5}},"15":{"start":{"line":77,"column":25},"end":{"line":77,"column":62}},"16":{"start":{"line":78,"column":6},"end":{"line":78,"column":74}},"17":{"start":{"line":78,"column":29},"end":{"line":78,"column":71}},"18":{"start":{"line":80,"column":6},"end":{"line":82,"column":7}},"19":{"start":{"line":81,"column":8},"end":{"line":81,"column":28}},"20":{"start":{"line":84,"column":6},"end":{"line":84,"column":58}},"21":{"start":{"line":91,"column":22},"end":{"line":126,"column":3}},"22":{"start":{"line":92,"column":4},"end":{"line":97,"column":5}},"23":{"start":{"line":93,"column":6},"end":{"line":96,"column":8}},"24":{"start":{"line":99,"column":4},"end":{"line":99,"column":75}},"25":{"start":{"line":99,"column":27},"end":{"line":99,"column":72}},"26":{"start":{"line":101,"column":4},"end":{"line":125,"column":5}},"27":{"start":{"line":102,"column":21},"end":{"line":102,"column":49}},"28":{"start":{"line":104,"column":6},"end":{"line":109,"column":9}},"29":{"start":{"line":111,"column":6},"end":{"line":111,"column":20}},"30":{"start":{"line":113,"column":27},"end":{"line":113,"column":57}},"31":{"start":{"line":115,"column":6},"end":{"line":119,"column":10}},"32":{"start":{"line":115,"column":29},"end":{"line":119,"column":7}},"33":{"start":{"line":121,"column":6},"end":{"line":124,"column":8}},"34":{"start":{"line":131,"column":15},"end":{"line":133,"column":3}},"35":{"start":{"line":132,"column":4},"end":{"line":132,"column":31}},"36":{"start":{"line":138,"column":25},"end":{"line":140,"column":3}},"37":{"start":{"line":139,"column":4},"end":{"line":139,"column":58}},"38":{"start":{"line":139,"column":27},"end":{"line":139,"column":55}},"39":{"start":{"line":145,"column":31},"end":{"line":167,"column":3}},"40":{"start":{"line":146,"column":4},"end":{"line":148,"column":5}},"41":{"start":{"line":147,"column":6},"end":{"line":147,"column":26}},"42":{"start":{"line":150,"column":4},"end":{"line":152,"column":5}},"43":{"start":{"line":151,"column":6},"end":{"line":151,"column":51}},"44":{"start":{"line":154,"column":4},"end":{"line":156,"column":5}},"45":{"start":{"line":155,"column":6},"end":{"line":155,"column":85}},"46":{"start":{"line":158,"column":4},"end":{"line":164,"column":5}},"47":{"start":{"line":159,"column":22},"end":{"line":159,"column":90}},"48":{"start":{"line":160,"column":6},"end":{"line":160,"column":44}},"49":{"start":{"line":160,"column":23},"end":{"line":160,"column":44}},"50":{"start":{"line":161,"column":6},"end":{"line":161,"column":56}},"51":{"start":{"line":161,"column":24},"end":{"line":161,"column":56}},"52":{"start":{"line":162,"column":20},"end":{"line":162,"column":44}},"53":{"start":{"line":163,"column":6},"end":{"line":163,"column":36}},"54":{"start":{"line":166,"column":4},"end":{"line":166,"column":28}},"55":{"start":{"line":172,"column":24},"end":{"line":178,"column":3}},"56":{"start":{"line":173,"column":4},"end":{"line":173,"column":44}},"57":{"start":{"line":173,"column":30},"end":{"line":173,"column":44}},"58":{"start":{"line":174,"column":4},"end":{"line":174,"column":52}},"59":{"start":{"line":174,"column":30},"end":{"line":174,"column":52}},"60":{"start":{"line":175,"column":4},"end":{"line":175,"column":60}},"61":{"start":{"line":175,"column":38},"end":{"line":175,"column":60}},"62":{"start":{"line":176,"column":4},"end":{"line":176,"column":55}},"63":{"start":{"line":176,"column":32},"end":{"line":176,"column":55}},"64":{"start":{"line":177,"column":4},"end":{"line":177,"column":24}},"65":{"start":{"line":180,"column":2},"end":{"line":187,"column":4}}},"fnMap":{"0":{"name":"(anonymous_0)","decl":{"start":{"line":24,"column":32},"end":{"line":24,"column":33}},"loc":{"start":{"line":24,"column":38},"end":{"line":188,"column":1}},"line":24},"1":{"name":"(anonymous_1)","decl":{"start":{"line":39,"column":12},"end":{"line":39,"column":13}},"loc":{"start":{"line":39,"column":18},"end":{"line":70,"column":3}},"line":39},"2":{"name":"(anonymous_2)","decl":{"start":{"line":41,"column":49},"end":{"line":41,"column":50}},"loc":{"start":{"line":41,"column":74},"end":{"line":55,"column":5}},"line":41},"3":{"name":"(anonymous_3)","decl":{"start":{"line":58,"column":25},"end":{"line":58,"column":26}},"loc":{"start":{"line":58,"column":50},"end":{"line":65,"column":5}},"line":58},"4":{"name":"(anonymous_4)","decl":{"start":{"line":67,"column":11},"end":{"line":67,"column":12}},"loc":{"start":{"line":67,"column":17},"end":{"line":69,"column":5}},"line":67},"5":{"name":"(anonymous_5)","decl":{"start":{"line":75,"column":23},"end":{"line":75,"column":24}},"loc":{"start":{"line":75,"column":35},"end":{"line":86,"column":3}},"line":75},"6":{"name":"(anonymous_6)","decl":{"start":{"line":78,"column":20},"end":{"line":78,"column":21}},"loc":{"start":{"line":78,"column":29},"end":{"line":78,"column":71}},"line":78},"7":{"name":"(anonymous_7)","decl":{"start":{"line":91,"column":22},"end":{"line":91,"column":23}},"loc":{"start":{"line":91,"column":82},"end":{"line":126,"column":3}},"line":91},"8":{"name":"(anonymous_8)","decl":{"start":{"line":99,"column":18},"end":{"line":99,"column":19}},"loc":{"start":{"line":99,"column":27},"end":{"line":99,"column":72}},"line":99},"9":{"name":"(anonymous_9)","decl":{"start":{"line":115,"column":20},"end":{"line":115,"column":21}},"loc":{"start":{"line":115,"column":29},"end":{"line":119,"column":7}},"line":115},"10":{"name":"(anonymous_10)","decl":{"start":{"line":131,"column":15},"end":{"line":131,"column":16}},"loc":{"start":{"line":131,"column":27},"end":{"line":133,"column":3}},"line":131},"11":{"name":"(anonymous_11)","decl":{"start":{"line":138,"column":25},"end":{"line":138,"column":26}},"loc":{"start":{"line":138,"column":31},"end":{"line":140,"column":3}},"line":138},"12":{"name":"(anonymous_12)","decl":{"start":{"line":139,"column":18},"end":{"line":139,"column":19}},"loc":{"start":{"line":139,"column":27},"end":{"line":139,"column":55}},"line":139},"13":{"name":"(anonymous_13)","decl":{"start":{"line":145,"column":31},"end":{"line":145,"column":32}},"loc":{"start":{"line":145,"column":45},"end":{"line":167,"column":3}},"line":145},"14":{"name":"(anonymous_14)","decl":{"start":{"line":172,"column":24},"end":{"line":172,"column":25}},"loc":{"start":{"line":172,"column":105},"end":{"line":178,"column":3}},"line":172}},"branchMap":{"0":{"loc":{"start":{"line":42,"column":22},"end":{"line":42,"column":86}},"type":"binary-expr","locations":[{"start":{"line":42,"column":22},"end":{"line":42,"column":48}},{"start":{"line":42,"column":52},"end":{"line":42,"column":86}}],"line":42},"1":{"loc":{"start":{"line":45,"column":21},"end":{"line":45,"column":47}},"type":"binary-expr","locations":[{"start":{"line":45,"column":21},"end":{"line":45,"column":38}},{"start":{"line":45,"column":42},"end":{"line":45,"column":47}}],"line":45},"2":{"loc":{"start":{"line":52,"column":6},"end":{"line":54,"column":7}},"type":"if","locations":[{"start":{"line":52,"column":6},"end":{"line":54,"column":7}},{"start":{},"end":{}}],"line":52},"3":{"loc":{"start":{"line":52,"column":10},"end":{"line":52,"column":42}},"type":"binary-expr","locations":[{"start":{"line":52,"column":10},"end":{"line":52,"column":17}},{"start":{"line":52,"column":21},"end":{"line":52,"column":42}}],"line":52},"4":{"loc":{"start":{"line":60,"column":21},"end":{"line":60,"column":47}},"type":"binary-expr","locations":[{"start":{"line":60,"column":21},"end":{"line":60,"column":38}},{"start":{"line":60,"column":42},"end":{"line":60,"column":47}}],"line":60},"5":{"loc":{"start":{"line":63,"column":17},"end":{"line":63,"column":81}},"type":"binary-expr","locations":[{"start":{"line":63,"column":17},"end":{"line":63,"column":43}},{"start":{"line":63,"column":47},"end":{"line":63,"column":81}}],"line":63},"6":{"loc":{"start":{"line":80,"column":6},"end":{"line":82,"column":7}},"type":"if","locations":[{"start":{"line":80,"column":6},"end":{"line":82,"column":7}},{"start":{},"end":{}}],"line":80},"7":{"loc":{"start":{"line":80,"column":10},"end":{"line":80,"column":45}},"type":"binary-expr","locations":[{"start":{"line":80,"column":10},"end":{"line":80,"column":20}},{"start":{"line":80,"column":24},"end":{"line":80,"column":45}}],"line":80},"8":{"loc":{"start":{"line":92,"column":4},"end":{"line":97,"column":5}},"type":"if","locations":[{"start":{"line":92,"column":4},"end":{"line":97,"column":5}},{"start":{},"end":{}}],"line":92},"9":{"loc":{"start":{"line":108,"column":19},"end":{"line":108,"column":57}},"type":"cond-expr","locations":[{"start":{"line":108,"column":36},"end":{"line":108,"column":40}},{"start":{"line":108,"column":43},"end":{"line":108,"column":57}}],"line":108},"10":{"loc":{"start":{"line":113,"column":27},"end":{"line":113,"column":57}},"type":"binary-expr","locations":[{"start":{"line":113,"column":27},"end":{"line":113,"column":40}},{"start":{"line":113,"column":44},"end":{"line":113,"column":57}}],"line":113},"11":{"loc":{"start":{"line":146,"column":4},"end":{"line":148,"column":5}},"type":"if","locations":[{"start":{"line":146,"column":4},"end":{"line":148,"column":5}},{"start":{},"end":{}}],"line":146},"12":{"loc":{"start":{"line":150,"column":4},"end":{"line":152,"column":5}},"type":"if","locations":[{"start":{"line":150,"column":4},"end":{"line":152,"column":5}},{"start":{},"end":{}}],"line":150},"13":{"loc":{"start":{"line":154,"column":4},"end":{"line":156,"column":5}},"type":"if","locations":[{"start":{"line":154,"column":4},"end":{"line":156,"column":5}},{"start":{},"end":{}}],"line":154},"14":{"loc":{"start":{"line":155,"column":16},"end":{"line":155,"column":82}},"type":"cond-expr","locations":[{"start":{"line":155,"column":40},"end":{"line":155,"column":55}},{"start":{"line":155,"column":58},"end":{"line":155,"column":82}}],"line":155},"15":{"loc":{"start":{"line":158,"column":4},"end":{"line":164,"column":5}},"type":"if","locations":[{"start":{"line":158,"column":4},"end":{"line":164,"column":5}},{"start":{},"end":{}}],"line":158},"16":{"loc":{"start":{"line":160,"column":6},"end":{"line":160,"column":44}},"type":"if","locations":[{"start":{"line":160,"column":6},"end":{"line":160,"column":44}},{"start":{},"end":{}}],"line":160},"17":{"loc":{"start":{"line":161,"column":6},"end":{"line":161,"column":56}},"type":"if","locations":[{"start":{"line":161,"column":6},"end":{"line":161,"column":56}},{"start":{},"end":{}}],"line":161},"18":{"loc":{"start":{"line":173,"column":4},"end":{"line":173,"column":44}},"type":"if","locations":[{"start":{"line":173,"column":4},"end":{"line":173,"column":44}},{"start":{},"end":{}}],"line":173},"19":{"loc":{"start":{"line":174,"column":4},"end":{"line":174,"column":52}},"type":"if","locations":[{"start":{"line":174,"column":4},"end":{"line":174,"column":52}},{"start":{},"end":{}}],"line":174},"20":{"loc":{"start":{"line":175,"column":4},"end":{"line":175,"column":60}},"type":"if","locations":[{"start":{"line":175,"column":4},"end":{"line":175,"column":60}},{"start":{},"end":{}}],"line":175},"21":{"loc":{"start":{"line":176,"column":4},"end":{"line":176,"column":55}},"type":"if","locations":[{"start":{"line":176,"column":4},"end":{"line":176,"column":55}},{"start":{},"end":{}}],"line":176}},"s":{"0":0,"1":0,"2":0,"3":0,"4":0,"5":0,"6":0,"7":0,"8":0,"9":0,"10":0,"11":0,"12":0,"13":0,"14":0,"15":0,"16":0,"17":0,"18":0,"19":0,"20":0,"21":0,"22":0,"23":0,"24":0,"25":0,"26":0,"27":0,"28":0,"29":0,"30":0,"31":0,"32":0,"33":0,"34":0,"35":0,"36":0,"37":0,"38":0,"39":0,"40":0,"41":0,"42":0,"43":0,"44":0,"45":0,"46":0,"47":0,"48":0,"49":0,"50":0,"51":0,"52":0,"53":0,"54":0,"55":0,"56":0,"57":0,"58":0,"59":0,"60":0,"61":0,"62":0,"63":0,"64":0,"65":0},"f":{"0":0,"1":0,"2":0,"3":0,"4":0,"5":0,"6":0,"7":0,"8":0,"9":0,"10":0,"11":0,"12":0,"13":0,"14":0},"b":{"0":[0,0],"1":[0,0],"2":[0,0],"3":[0,0],"4":[0,0],"5":[0,0],"6":[0,0],"7":[0,0],"8":[0,0],"9":[0,0],"10":[0,0],"11":[0,0],"12":[0,0],"13":[0,0],"14":[0,0],"15":[0,0],"16":[0,0],"17":[0,0],"18":[0,0],"19":[0,0],"20":[0,0],"21":[0,0]}}
,"/home/runner/work/ledger/ledger/frontend/src/application/services/AuthService.ts": {"path":"/home/runner/work/ledger/ledger/frontend/src/application/services/AuthService.ts","statementMap":{"0":{"start":{"line":34,"column":4},"end":{"line":49,"column":5}},"1":{"start":{"line":35,"column":50},"end":{"line":38,"column":7}},"2":{"start":{"line":40,"column":6},"end":{"line":44,"column":7}},"3":{"start":{"line":42,"column":8},"end":{"line":42,"column":74}},"4":{"start":{"line":43,"column":8},"end":{"line":43,"column":29}},"5":{"start":{"line":46,"column":6},"end":{"line":46,"column":58}},"6":{"start":{"line":48,"column":6},"end":{"line":48,"column":18}},"7":{"start":{"line":56,"column":4},"end":{"line":71,"column":5}},"8":{"start":{"line":57,"column":50},"end":{"line":60,"column":7}},"9":{"start":{"line":62,"column":6},"end":{"line":66,"column":7}},"10":{"start":{"line":64,"column":8},"end":{"line":64,"column":74}},"11":{"start":{"line":65,"column":8},"end":{"line":65,"column":29}},"12":{"start":{"line":68,"column":6},"end":{"line":68,"column":65}},"13":{"start":{"line":70,"column":6},"end":{"line":70,"column":18}},"14":{"start":{"line":78,"column":4},"end":{"line":85,"column":5}},"15":{"start":{"line":79,"column":6},"end":{"line":79,"column":53}},"16":{"start":{"line":81,"column":6},"end":{"line":81,"column":44}},"17":{"start":{"line":84,"column":6},"end":{"line":84,"column":33}},"18":{"start":{"line":92,"column":4},"end":{"line":104,"column":5}},"19":{"start":{"line":93,"column":42},"end":{"line":93,"column":79}},"20":{"start":{"line":95,"column":6},"end":{"line":98,"column":7}},"21":{"start":{"line":96,"column":8},"end":{"line":96,"column":84}},"22":{"start":{"line":97,"column":8},"end":{"line":97,"column":29}},"23":{"start":{"line":100,"column":6},"end":{"line":100,"column":18}},"24":{"start":{"line":102,"column":6},"end":{"line":102,"column":54}},"25":{"start":{"line":103,"column":6},"end":{"line":103,"column":18}},"26":{"start":{"line":111,"column":4},"end":{"line":111,"column":57}},"27":{"start":{"line":112,"column":4},"end":{"line":112,"column":71}},"28":{"start":{"line":119,"column":4},"end":{"line":119,"column":53}},"29":{"start":{"line":120,"column":4},"end":{"line":120,"column":52}},"30":{"start":{"line":127,"column":18},"end":{"line":127,"column":63}},"31":{"start":{"line":128,"column":4},"end":{"line":128,"column":19}},"32":{"start":{"line":135,"column":4},"end":{"line":141,"column":5}},"33":{"start":{"line":136,"column":23},"end":{"line":136,"column":67}},"34":{"start":{"line":137,"column":6},"end":{"line":137,"column":52}},"35":{"start":{"line":139,"column":6},"end":{"line":139,"column":53}},"36":{"start":{"line":140,"column":6},"end":{"line":140,"column":18}}},"fnMap":{"0":{"name":"(anonymous_0)","decl":{"start":{"line":33,"column":2},"end":{"line":33,"column":3}},"loc":{"start":{"line":33,"column":68},"end":{"line":50,"column":3}},"line":33},"1":{"name":"(anonymous_1)","decl":{"start":{"line":55,"column":2},"end":{"line":55,"column":3}},"loc":{"start":{"line":55,"column":60},"end":{"line":72,"column":3}},"line":55},"2":{"name":"(anonymous_2)","decl":{"start":{"line":77,"column":2},"end":{"line":77,"column":3}},"loc":{"start":{"line":77,"column":32},"end":{"line":86,"column":3}},"line":77},"3":{"name":"(anonymous_3)","decl":{"start":{"line":91,"column":2},"end":{"line":91,"column":3}},"loc":{"start":{"line":91,"column":47},"end":{"line":105,"column":3}},"line":91},"4":{"name":"(anonymous_4)","decl":{"start":{"line":110,"column":2},"end":{"line":110,"column":3}},"loc":{"start":{"line":110,"column":72},"end":{"line":113,"column":3}},"line":110},"5":{"name":"(anonymous_5)","decl":{"start":{"line":118,"column":2},"end":{"line":118,"column":3}},"loc":{"start":{"line":118,"column":47},"end":{"line":121,"column":3}},"line":118},"6":{"name":"(anonymous_6)","decl":{"start":{"line":126,"column":2},"end":{"line":126,"column":3}},"loc":{"start":{"line":126,"column":44},"end":{"line":129,"column":3}},"line":126},"7":{"name":"(anonymous_7)","decl":{"start":{"line":134,"column":2},"end":{"line":134,"column":3}},"loc":{"start":{"line":134,"column":46},"end":{"line":142,"column":3}},"line":134}},"branchMap":{"0":{"loc":{"start":{"line":40,"column":6},"end":{"line":44,"column":7}},"type":"if","locations":[{"start":{"line":40,"column":6},"end":{"line":44,"column":7}},{"start":{},"end":{}}],"line":40},"1":{"loc":{"start":{"line":40,"column":10},"end":{"line":40,"column":43}},"type":"binary-expr","locations":[{"start":{"line":40,"column":10},"end":{"line":40,"column":26}},{"start":{"line":40,"column":30},"end":{"line":40,"column":43}}],"line":40},"2":{"loc":{"start":{"line":46,"column":22},"end":{"line":46,"column":56}},"type":"binary-expr","locations":[{"start":{"line":46,"column":22},"end":{"line":46,"column":38}},{"start":{"line":46,"column":42},"end":{"line":46,"column":56}}],"line":46},"3":{"loc":{"start":{"line":62,"column":6},"end":{"line":66,"column":7}},"type":"if","locations":[{"start":{"line":62,"column":6},"end":{"line":66,"column":7}},{"start":{},"end":{}}],"line":62},"4":{"loc":{"start":{"line":62,"column":10},"end":{"line":62,"column":43}},"type":"binary-expr","locations":[{"start":{"line":62,"column":10},"end":{"line":62,"column":26}},{"start":{"line":62,"column":30},"end":{"line":62,"column":43}}],"line":62},"5":{"loc":{"start":{"line":68,"column":22},"end":{"line":68,"column":63}},"type":"binary-expr","locations":[{"start":{"line":68,"column":22},"end":{"line":68,"column":38}},{"start":{"line":68,"column":42},"end":{"line":68,"column":63}}],"line":68},"6":{"loc":{"start":{"line":95,"column":6},"end":{"line":98,"column":7}},"type":"if","locations":[{"start":{"line":95,"column":6},"end":{"line":98,"column":7}},{"start":{},"end":{}}],"line":95},"7":{"loc":{"start":{"line":95,"column":10},"end":{"line":95,"column":43}},"type":"binary-expr","locations":[{"start":{"line":95,"column":10},"end":{"line":95,"column":26}},{"start":{"line":95,"column":30},"end":{"line":95,"column":43}}],"line":95},"8":{"loc":{"start":{"line":137,"column":13},"end":{"line":137,"column":51}},"type":"cond-expr","locations":[{"start":{"line":137,"column":24},"end":{"line":137,"column":44}},{"start":{"line":137,"column":47},"end":{"line":137,"column":51}}],"line":137}},"s":{"0":3,"1":3,"2":2,"3":1,"4":1,"5":1,"6":2,"7":2,"8":2,"9":2,"10":1,"11":1,"12":1,"13":1,"14":2,"15":2,"16":1,"17":2,"18":3,"19":3,"20":2,"21":1,"22":1,"23":1,"24":1,"25":1,"26":2,"27":2,"28":2,"29":2,"30":2,"31":2,"32":3,"33":3,"34":3,"35":1,"36":1},"f":{"0":3,"1":2,"2":2,"3":3,"4":2,"5":2,"6":2,"7":3},"b":{"0":[1,1],"1":[2,1],"2":[1,0],"3":[1,1],"4":[2,1],"5":[1,0],"6":[1,1],"7":[2,1],"8":[2,1]},"_coverageSchema":"1a1c01bbd47fc00a2c39e90264f33305004495a9","hash":"fd843adc8da52a5cd1bbbb30a54d1b07319fcf72"}
,"/home/runner/work/ledger/ledger/frontend/src/application/services/ConflictResolutionService.ts": {"path":"/home/runner/work/ledger/ledger/frontend/src/application/services/ConflictResolutionService.ts","statementMap":{"0":{"start":{"line":27,"column":4},"end":{"line":27,"column":42}},"1":{"start":{"line":36,"column":4},"end":{"line":42,"column":5}},"2":{"start":{"line":37,"column":6},"end":{"line":41,"column":8}},"3":{"start":{"line":45,"column":4},"end":{"line":51,"column":5}},"4":{"start":{"line":46,"column":6},"end":{"line":50,"column":8}},"5":{"start":{"line":55,"column":4},"end":{"line":58,"column":6}},"6":{"start":{"line":68,"column":4},"end":{"line":73,"column":6}},"7":{"start":{"line":80,"column":29},"end":{"line":80,"column":31}},"8":{"start":{"line":83,"column":4},"end":{"line":85,"column":5}},"9":{"start":{"line":84,"column":6},"end":{"line":84,"column":39}},"10":{"start":{"line":87,"column":4},"end":{"line":89,"column":5}},"11":{"start":{"line":88,"column":6},"end":{"line":88,"column":44}},"12":{"start":{"line":92,"column":4},"end":{"line":121,"column":5}},"13":{"start":{"line":94,"column":8},"end":{"line":94,"column":66}},"14":{"start":{"line":94,"column":31},"end":{"line":94,"column":66}},"15":{"start":{"line":95,"column":8},"end":{"line":95,"column":64}},"16":{"start":{"line":95,"column":30},"end":{"line":95,"column":64}},"17":{"start":{"line":96,"column":8},"end":{"line":96,"column":82}},"18":{"start":{"line":96,"column":50},"end":{"line":96,"column":82}},"19":{"start":{"line":97,"column":8},"end":{"line":97,"column":14}},"20":{"start":{"line":100,"column":8},"end":{"line":100,"column":66}},"21":{"start":{"line":100,"column":31},"end":{"line":100,"column":66}},"22":{"start":{"line":101,"column":8},"end":{"line":101,"column":76}},"23":{"start":{"line":101,"column":46},"end":{"line":101,"column":76}},"24":{"start":{"line":102,"column":8},"end":{"line":102,"column":60}},"25":{"start":{"line":102,"column":24},"end":{"line":102,"column":60}},"26":{"start":{"line":103,"column":8},"end":{"line":103,"column":14}},"27":{"start":{"line":106,"column":8},"end":{"line":106,"column":61}},"28":{"start":{"line":106,"column":24},"end":{"line":106,"column":61}},"29":{"start":{"line":107,"column":8},"end":{"line":107,"column":61}},"30":{"start":{"line":107,"column":24},"end":{"line":107,"column":61}},"31":{"start":{"line":108,"column":8},"end":{"line":108,"column":14}},"32":{"start":{"line":111,"column":8},"end":{"line":111,"column":60}},"33":{"start":{"line":111,"column":24},"end":{"line":111,"column":60}},"34":{"start":{"line":112,"column":8},"end":{"line":112,"column":62}},"35":{"start":{"line":112,"column":29},"end":{"line":112,"column":62}},"36":{"start":{"line":113,"column":8},"end":{"line":113,"column":14}},"37":{"start":{"line":116,"column":8},"end":{"line":116,"column":64}},"38":{"start":{"line":116,"column":30},"end":{"line":116,"column":64}},"39":{"start":{"line":117,"column":8},"end":{"line":117,"column":70}},"40":{"start":{"line":117,"column":42},"end":{"line":117,"column":70}},"41":{"start":{"line":118,"column":8},"end":{"line":118,"column":52}},"42":{"start":{"line":118,"column":24},"end":{"line":118,"column":52}},"43":{"start":{"line":119,"column":8},"end":{"line":119,"column":77}},"44":{"start":{"line":119,"column":34},"end":{"line":119,"column":77}},"45":{"start":{"line":120,"column":8},"end":{"line":120,"column":14}},"46":{"start":{"line":123,"column":4},"end":{"line":126,"column":6}},"47":{"start":{"line":133,"column":4},"end":{"line":141,"column":13}},"48":{"start":{"line":148,"column":16},"end":{"line":156,"column":5}},"49":{"start":{"line":158,"column":4},"end":{"line":158,"column":71}},"50":{"start":{"line":168,"column":4},"end":{"line":173,"column":6}},"51":{"start":{"line":182,"column":19},"end":{"line":182,"column":52}},"52":{"start":{"line":183,"column":4},"end":{"line":186,"column":5}},"53":{"start":{"line":184,"column":6},"end":{"line":184,"column":83}},"54":{"start":{"line":185,"column":6},"end":{"line":185,"column":50}},"55":{"start":{"line":187,"column":4},"end":{"line":187,"column":20}},"56":{"start":{"line":195,"column":4},"end":{"line":197,"column":5}},"57":{"start":{"line":196,"column":6},"end":{"line":196,"column":30}},"58":{"start":{"line":200,"column":4},"end":{"line":202,"column":5}},"59":{"start":{"line":201,"column":6},"end":{"line":201,"column":19}},"60":{"start":{"line":205,"column":4},"end":{"line":207,"column":5}},"61":{"start":{"line":206,"column":6},"end":{"line":206,"column":19}},"62":{"start":{"line":210,"column":4},"end":{"line":210,"column":28}},"63":{"start":{"line":218,"column":4},"end":{"line":218,"column":61}}},"fnMap":{"0":{"name":"(anonymous_0)","decl":{"start":{"line":26,"column":2},"end":{"line":26,"column":3}},"loc":{"start":{"line":26,"column":68},"end":{"line":28,"column":3}},"line":26},"1":{"name":"(anonymous_1)","decl":{"start":{"line":34,"column":2},"end":{"line":34,"column":3}},"loc":{"start":{"line":34,"column":62},"end":{"line":59,"column":3}},"line":34},"2":{"name":"(anonymous_2)","decl":{"start":{"line":65,"column":2},"end":{"line":65,"column":3}},"loc":{"start":{"line":65,"column":67},"end":{"line":74,"column":3}},"line":65},"3":{"name":"(anonymous_3)","decl":{"start":{"line":79,"column":2},"end":{"line":79,"column":3}},"loc":{"start":{"line":79,"column":84},"end":{"line":127,"column":3}},"line":79},"4":{"name":"(anonymous_4)","decl":{"start":{"line":132,"column":2},"end":{"line":132,"column":3}},"loc":{"start":{"line":132,"column":35},"end":{"line":142,"column":3}},"line":132},"5":{"name":"(anonymous_5)","decl":{"start":{"line":147,"column":2},"end":{"line":147,"column":3}},"loc":{"start":{"line":147,"column":76},"end":{"line":162,"column":3}},"line":147},"6":{"name":"(anonymous_6)","decl":{"start":{"line":167,"column":2},"end":{"line":167,"column":3}},"loc":{"start":{"line":167,"column":42},"end":{"line":174,"column":3}},"line":167},"7":{"name":"(anonymous_7)","decl":{"start":{"line":179,"column":2},"end":{"line":179,"column":3}},"loc":{"start":{"line":179,"column":32},"end":{"line":188,"column":3}},"line":179},"8":{"name":"(anonymous_8)","decl":{"start":{"line":193,"column":2},"end":{"line":193,"column":3}},"loc":{"start":{"line":193,"column":57},"end":{"line":211,"column":3}},"line":193},"9":{"name":"(anonymous_9)","decl":{"start":{"line":216,"column":2},"end":{"line":216,"column":3}},"loc":{"start":{"line":216,"column":46},"end":{"line":219,"column":3}},"line":216}},"branchMap":{"0":{"loc":{"start":{"line":36,"column":4},"end":{"line":42,"column":5}},"type":"if","locations":[{"start":{"line":36,"column":4},"end":{"line":42,"column":5}},{"start":{},"end":{}}],"line":36},"1":{"loc":{"start":{"line":45,"column":4},"end":{"line":51,"column":5}},"type":"if","locations":[{"start":{"line":45,"column":4},"end":{"line":51,"column":5}},{"start":{},"end":{}}],"line":45},"2":{"loc":{"start":{"line":83,"column":4},"end":{"line":85,"column":5}},"type":"if","locations":[{"start":{"line":83,"column":4},"end":{"line":85,"column":5}},{"start":{},"end":{}}],"line":83},"3":{"loc":{"start":{"line":83,"column":8},"end":{"line":83,"column":33}},"type":"binary-expr","locations":[{"start":{"line":83,"column":8},"end":{"line":83,"column":16}},{"start":{"line":83,"column":20},"end":{"line":83,"column":33}}],"line":83},"4":{"loc":{"start":{"line":87,"column":4},"end":{"line":89,"column":5}},"type":"if","locations":[{"start":{"line":87,"column":4},"end":{"line":89,"column":5}},{"start":{},"end":{}}],"line":87},"5":{"loc":{"start":{"line":87,"column":8},"end":{"line":87,"column":43}},"type":"binary-expr","locations":[{"start":{"line":87,"column":8},"end":{"line":87,"column":21}},{"start":{"line":87,"column":25},"end":{"line":87,"column":43}}],"line":87},"6":{"loc":{"start":{"line":92,"column":4},"end":{"line":121,"column":5}},"type":"switch","locations":[{"start":{"line":93,"column":6},"end":{"line":97,"column":14}},{"start":{"line":99,"column":6},"end":{"line":103,"column":14}},{"start":{"line":105,"column":6},"end":{"line":108,"column":14}},{"start":{"line":110,"column":6},"end":{"line":113,"column":14}},{"start":{"line":115,"column":6},"end":{"line":120,"column":14}}],"line":92},"7":{"loc":{"start":{"line":94,"column":8},"end":{"line":94,"column":66}},"type":"if","locations":[{"start":{"line":94,"column":8},"end":{"line":94,"column":66}},{"start":{},"end":{}}],"line":94},"8":{"loc":{"start":{"line":95,"column":8},"end":{"line":95,"column":64}},"type":"if","locations":[{"start":{"line":95,"column":8},"end":{"line":95,"column":64}},{"start":{},"end":{}}],"line":95},"9":{"loc":{"start":{"line":96,"column":8},"end":{"line":96,"column":82}},"type":"if","locations":[{"start":{"line":96,"column":8},"end":{"line":96,"column":82}},{"start":{},"end":{}}],"line":96},"10":{"loc":{"start":{"line":96,"column":12},"end":{"line":96,"column":48}},"type":"binary-expr","locations":[{"start":{"line":96,"column":12},"end":{"line":96,"column":26}},{"start":{"line":96,"column":30},"end":{"line":96,"column":48}}],"line":96},"11":{"loc":{"start":{"line":100,"column":8},"end":{"line":100,"column":66}},"type":"if","locations":[{"start":{"line":100,"column":8},"end":{"line":100,"column":66}},{"start":{},"end":{}}],"line":100},"12":{"loc":{"start":{"line":101,"column":8},"end":{"line":101,"column":76}},"type":"if","locations":[{"start":{"line":101,"column":8},"end":{"line":101,"column":76}},{"start":{},"end":{}}],"line":101},"13":{"loc":{"start":{"line":101,"column":12},"end":{"line":101,"column":44}},"type":"binary-expr","locations":[{"start":{"line":101,"column":12},"end":{"line":101,"column":24}},{"start":{"line":101,"column":28},"end":{"line":101,"column":44}}],"line":101},"14":{"loc":{"start":{"line":102,"column":8},"end":{"line":102,"column":60}},"type":"if","locations":[{"start":{"line":102,"column":8},"end":{"line":102,"column":60}},{"start":{},"end":{}}],"line":102},"15":{"loc":{"start":{"line":106,"column":8},"end":{"line":106,"column":61}},"type":"if","locations":[{"start":{"line":106,"column":8},"end":{"line":106,"column":61}},{"start":{},"end":{}}],"line":106},"16":{"loc":{"start":{"line":107,"column":8},"end":{"line":107,"column":61}},"type":"if","locations":[{"start":{"line":107,"column":8},"end":{"line":107,"column":61}},{"start":{},"end":{}}],"line":107},"17":{"loc":{"start":{"line":111,"column":8},"end":{"line":111,"column":60}},"type":"if","locations":[{"start":{"line":111,"column":8},"end":{"line":111,"column":60}},{"start":{},"end":{}}],"line":111},"18":{"loc":{"start":{"line":112,"column":8},"end":{"line":112,"column":62}},"type":"if","locations":[{"start":{"line":112,"column":8},"end":{"line":112,"column":62}},{"start":{},"end":{}}],"line":112},"19":{"loc":{"start":{"line":116,"column":8},"end":{"line":116,"column":64}},"type":"if","locations":[{"start":{"line":116,"column":8},"end":{"line":116,"column":64}},{"start":{},"end":{}}],"line":116},"20":{"loc":{"start":{"line":117,"column":8},"end":{"line":117,"column":70}},"type":"if","locations":[{"start":{"line":117,"column":8},"end":{"line":117,"column":70}},{"start":{},"end":{}}],"line":117},"21":{"loc":{"start":{"line":117,"column":12},"end":{"line":117,"column":40}},"type":"binary-expr","locations":[{"start":{"line":117,"column":12},"end":{"line":117,"column":22}},{"start":{"line":117,"column":26},"end":{"line":117,"column":40}}],"line":117},"22":{"loc":{"start":{"line":118,"column":8},"end":{"line":118,"column":52}},"type":"if","locations":[{"start":{"line":118,"column":8},"end":{"line":118,"column":52}},{"start":{},"end":{}}],"line":118},"23":{"loc":{"start":{"line":119,"column":8},"end":{"line":119,"column":77}},"type":"if","locations":[{"start":{"line":119,"column":8},"end":{"line":119,"column":77}},{"start":{},"end":{}}],"line":119},"24":{"loc":{"start":{"line":170,"column":15},"end":{"line":170,"column":37}},"type":"binary-expr","locations":[{"start":{"line":170,"column":15},"end":{"line":170,"column":32}},{"start":{"line":170,"column":36},"end":{"line":170,"column":37}}],"line":170},"25":{"loc":{"start":{"line":183,"column":4},"end":{"line":186,"column":5}},"type":"if","locations":[{"start":{"line":183,"column":4},"end":{"line":186,"column":5}},{"start":{},"end":{}}],"line":183},"26":{"loc":{"start":{"line":195,"column":4},"end":{"line":197,"column":5}},"type":"if","locations":[{"start":{"line":195,"column":4},"end":{"line":197,"column":5}},{"start":{},"end":{}}],"line":195},"27":{"loc":{"start":{"line":195,"column":8},"end":{"line":195,"column":66}},"type":"binary-expr","locations":[{"start":{"line":195,"column":8},"end":{"line":195,"column":38}},{"start":{"line":195,"column":42},"end":{"line":195,"column":66}}],"line":195},"28":{"loc":{"start":{"line":200,"column":4},"end":{"line":202,"column":5}},"type":"if","locations":[{"start":{"line":200,"column":4},"end":{"line":202,"column":5}},{"start":{},"end":{}}],"line":200},"29":{"loc":{"start":{"line":205,"column":4},"end":{"line":207,"column":5}},"type":"if","locations":[{"start":{"line":205,"column":4},"end":{"line":207,"column":5}},{"start":{},"end":{}}],"line":205}},"s":{"0":4,"1":3,"2":1,"3":2,"4":1,"5":1,"6":1,"7":8,"8":8,"9":1,"10":8,"11":1,"12":8,"13":1,"14":1,"15":1,"16":1,"17":1,"18":1,"19":1,"20":1,"21":1,"22":1,"23":1,"24":1,"25":1,"26":1,"27":4,"28":3,"29":4,"30":3,"31":4,"32":1,"33":1,"34":1,"35":1,"36":1,"37":1,"38":1,"39":1,"40":1,"41":1,"42":1,"43":1,"44":1,"45":1,"46":8,"47":1,"48":1,"49":1,"50":2,"51":2,"52":2,"53":2,"54":2,"55":2,"56":13,"57":7,"58":6,"59":2,"60":4,"61":2,"62":2,"63":6},"f":{"0":4,"1":3,"2":1,"3":8,"4":1,"5":1,"6":2,"7":2,"8":13,"9":6},"b":{"0":[1,2],"1":[1,1],"2":[1,7],"3":[8,1],"4":[1,7],"5":[8,1],"6":[1,1,4,1,1],"7":[1,0],"8":[1,0],"9":[1,0],"10":[1,0],"11":[1,0],"12":[1,0],"13":[1,0],"14":[1,0],"15":[3,1],"16":[3,1],"17":[1,0],"18":[1,0],"19":[1,0],"20":[1,0],"21":[1,0],"22":[1,0],"23":[1,0],"24":[2,1],"25":[2,0],"26":[7,6],"27":[13,9],"28":[2,4],"29":[2,2]},"_coverageSchema":"1a1c01bbd47fc00a2c39e90264f33305004495a9","hash":"13dc0eb78193bc049953f3d935621501ac55b0d5"}
,"/home/runner/work/ledger/ledger/frontend/src/application/services/SyncService.ts": {"path":"/home/runner/work/ledger/ledger/frontend/src/application/services/SyncService.ts","statementMap":{"0":{"start":{"line":12,"column":22},"end":{"line":12,"column":27}},"1":{"start":{"line":13,"column":46},"end":{"line":13,"column":55}},"2":{"start":{"line":19,"column":4},"end":{"line":19,"column":43}},"3":{"start":{"line":26,"column":4},"end":{"line":28,"column":5}},"4":{"start":{"line":27,"column":6},"end":{"line":27,"column":54}},"5":{"start":{"line":30,"column":4},"end":{"line":30,"column":26}},"6":{"start":{"line":31,"column":22},"end":{"line":31,"column":23}},"7":{"start":{"line":32,"column":22},"end":{"line":32,"column":23}},"8":{"start":{"line":34,"column":4},"end":{"line":56,"column":5}},"9":{"start":{"line":35,"column":27},"end":{"line":35,"column":74}},"10":{"start":{"line":37,"column":6},"end":{"line":46,"column":7}},"11":{"start":{"line":38,"column":8},"end":{"line":45,"column":9}},"12":{"start":{"line":39,"column":10},"end":{"line":39,"column":36}},"13":{"start":{"line":40,"column":10},"end":{"line":40,"column":57}},"14":{"start":{"line":41,"column":10},"end":{"line":41,"column":24}},"15":{"start":{"line":43,"column":10},"end":{"line":43,"column":66}},"16":{"start":{"line":44,"column":10},"end":{"line":44,"column":24}},"17":{"start":{"line":49,"column":6},"end":{"line":51,"column":7}},"18":{"start":{"line":50,"column":8},"end":{"line":50,"column":54}},"19":{"start":{"line":53,"column":6},"end":{"line":53,"column":73}},"20":{"start":{"line":55,"column":6},"end":{"line":55,"column":29}},"21":{"start":{"line":63,"column":17},"end":{"line":63,"column":38}},"22":{"start":{"line":64,"column":21},"end":{"line":64,"column":50}},"23":{"start":{"line":67,"column":23},"end":{"line":67,"column":84}},"24":{"start":{"line":68,"column":4},"end":{"line":70,"column":5}},"25":{"start":{"line":69,"column":6},"end":{"line":69,"column":76}},"26":{"start":{"line":73,"column":21},"end":{"line":73,"column":71}},"27":{"start":{"line":75,"column":4},"end":{"line":128,"column":5}},"28":{"start":{"line":78,"column":6},"end":{"line":88,"column":7}},"29":{"start":{"line":80,"column":10},"end":{"line":80,"column":62}},"30":{"start":{"line":81,"column":10},"end":{"line":81,"column":16}},"31":{"start":{"line":83,"column":10},"end":{"line":83,"column":77}},"32":{"start":{"line":84,"column":10},"end":{"line":84,"column":16}},"33":{"start":{"line":86,"column":10},"end":{"line":86,"column":70}},"34":{"start":{"line":87,"column":10},"end":{"line":87,"column":16}},"35":{"start":{"line":91,"column":6},"end":{"line":93,"column":7}},"36":{"start":{"line":92,"column":8},"end":{"line":92,"column":50}},"37":{"start":{"line":97,"column":6},"end":{"line":127,"column":7}},"38":{"start":{"line":98,"column":27},"end":{"line":98,"column":46}},"39":{"start":{"line":99,"column":25},"end":{"line":106,"column":9}},"40":{"start":{"line":108,"column":27},"end":{"line":108,"column":78}},"41":{"start":{"line":109,"column":8},"end":{"line":109,"column":68}},"42":{"start":{"line":111,"column":8},"end":{"line":116,"column":9}},"43":{"start":{"line":113,"column":10},"end":{"line":113,"column":76}},"44":{"start":{"line":114,"column":15},"end":{"line":116,"column":9}},"45":{"start":{"line":115,"column":10},"end":{"line":115,"column":61}},"46":{"start":{"line":119,"column":29},"end":{"line":119,"column":65}},"47":{"start":{"line":120,"column":8},"end":{"line":125,"column":9}},"48":{"start":{"line":121,"column":10},"end":{"line":121,"column":60}},"49":{"start":{"line":122,"column":24},"end":{"line":122,"column":77}},"50":{"start":{"line":123,"column":10},"end":{"line":123,"column":67}},"51":{"start":{"line":123,"column":39},"end":{"line":123,"column":65}},"52":{"start":{"line":124,"column":10},"end":{"line":124,"column":37}},"53":{"start":{"line":126,"column":8},"end":{"line":126,"column":20}},"54":{"start":{"line":135,"column":17},"end":{"line":135,"column":38}},"55":{"start":{"line":136,"column":21},"end":{"line":143,"column":5}},"56":{"start":{"line":145,"column":23},"end":{"line":145,"column":74}},"57":{"start":{"line":146,"column":4},"end":{"line":146,"column":64}},"58":{"start":{"line":149,"column":4},"end":{"line":151,"column":5}},"59":{"start":{"line":150,"column":6},"end":{"line":150,"column":72}},"60":{"start":{"line":158,"column":4},"end":{"line":174,"column":5}},"61":{"start":{"line":160,"column":8},"end":{"line":160,"column":57}},"62":{"start":{"line":161,"column":8},"end":{"line":161,"column":14}},"63":{"start":{"line":163,"column":8},"end":{"line":163,"column":56}},"64":{"start":{"line":164,"column":8},"end":{"line":164,"column":14}},"65":{"start":{"line":166,"column":8},"end":{"line":166,"column":53}},"66":{"start":{"line":167,"column":8},"end":{"line":167,"column":14}},"67":{"start":{"line":169,"column":8},"end":{"line":169,"column":59}},"68":{"start":{"line":170,"column":8},"end":{"line":170,"column":14}},"69":{"start":{"line":172,"column":8},"end":{"line":172,"column":56}},"70":{"start":{"line":173,"column":8},"end":{"line":173,"column":14}},"71":{"start":{"line":181,"column":4},"end":{"line":194,"column":5}},"72":{"start":{"line":183,"column":8},"end":{"line":183,"column":39}},"73":{"start":{"line":185,"column":8},"end":{"line":185,"column":38}},"74":{"start":{"line":187,"column":8},"end":{"line":187,"column":35}},"75":{"start":{"line":189,"column":8},"end":{"line":189,"column":41}},"76":{"start":{"line":191,"column":8},"end":{"line":191,"column":38}},"77":{"start":{"line":193,"column":8},"end":{"line":193,"column":53}},"78":{"start":{"line":201,"column":4},"end":{"line":215,"column":5}},"79":{"start":{"line":202,"column":23},"end":{"line":202,"column":72}},"80":{"start":{"line":203,"column":6},"end":{"line":211,"column":7}},"81":{"start":{"line":204,"column":26},"end":{"line":206,"column":122}},"82":{"start":{"line":208,"column":8},"end":{"line":210,"column":9}},"83":{"start":{"line":209,"column":10},"end":{"line":209,"column":62}},"84":{"start":{"line":213,"column":6},"end":{"line":213,"column":56}},"85":{"start":{"line":214,"column":6},"end":{"line":214,"column":18}},"86":{"start":{"line":222,"column":4},"end":{"line":236,"column":5}},"87":{"start":{"line":223,"column":23},"end":{"line":223,"column":71}},"88":{"start":{"line":224,"column":6},"end":{"line":232,"column":7}},"89":{"start":{"line":225,"column":25},"end":{"line":227,"column":122}},"90":{"start":{"line":229,"column":8},"end":{"line":231,"column":9}},"91":{"start":{"line":230,"column":10},"end":{"line":230,"column":60}},"92":{"start":{"line":234,"column":6},"end":{"line":234,"column":55}},"93":{"start":{"line":235,"column":6},"end":{"line":235,"column":18}},"94":{"start":{"line":243,"column":4},"end":{"line":257,"column":5}},"95":{"start":{"line":244,"column":23},"end":{"line":244,"column":68}},"96":{"start":{"line":245,"column":6},"end":{"line":253,"column":7}},"97":{"start":{"line":246,"column":22},"end":{"line":248,"column":122}},"98":{"start":{"line":250,"column":8},"end":{"line":252,"column":9}},"99":{"start":{"line":251,"column":10},"end":{"line":251,"column":54}},"100":{"start":{"line":255,"column":6},"end":{"line":255,"column":52}},"101":{"start":{"line":256,"column":6},"end":{"line":256,"column":18}},"102":{"start":{"line":264,"column":4},"end":{"line":278,"column":5}},"103":{"start":{"line":265,"column":23},"end":{"line":265,"column":74}},"104":{"start":{"line":266,"column":6},"end":{"line":274,"column":7}},"105":{"start":{"line":267,"column":28},"end":{"line":269,"column":122}},"106":{"start":{"line":271,"column":8},"end":{"line":273,"column":9}},"107":{"start":{"line":272,"column":10},"end":{"line":272,"column":66}},"108":{"start":{"line":276,"column":6},"end":{"line":276,"column":58}},"109":{"start":{"line":277,"column":6},"end":{"line":277,"column":18}},"110":{"start":{"line":285,"column":4},"end":{"line":299,"column":5}},"111":{"start":{"line":286,"column":23},"end":{"line":286,"column":71}},"112":{"start":{"line":287,"column":6},"end":{"line":295,"column":7}},"113":{"start":{"line":288,"column":25},"end":{"line":290,"column":122}},"114":{"start":{"line":292,"column":8},"end":{"line":294,"column":9}},"115":{"start":{"line":293,"column":10},"end":{"line":293,"column":60}},"116":{"start":{"line":297,"column":6},"end":{"line":297,"column":55}},"117":{"start":{"line":298,"column":6},"end":{"line":298,"column":18}},"118":{"start":{"line":306,"column":4},"end":{"line":326,"column":5}},"119":{"start":{"line":308,"column":25},"end":{"line":308,"column":56}},"120":{"start":{"line":311,"column":6},"end":{"line":311,"column":42}},"121":{"start":{"line":312,"column":6},"end":{"line":312,"column":41}},"122":{"start":{"line":313,"column":6},"end":{"line":313,"column":38}},"123":{"start":{"line":314,"column":6},"end":{"line":314,"column":44}},"124":{"start":{"line":315,"column":6},"end":{"line":315,"column":41}},"125":{"start":{"line":317,"column":6},"end":{"line":320,"column":8}},"126":{"start":{"line":322,"column":6},"end":{"line":325,"column":8}},"127":{"start":{"line":333,"column":25},"end":{"line":333,"column":72}},"128":{"start":{"line":334,"column":4},"end":{"line":334,"column":35}}},"fnMap":{"0":{"name":"(anonymous_0)","decl":{"start":{"line":18,"column":2},"end":{"line":18,"column":3}},"loc":{"start":{"line":18,"column":36},"end":{"line":20,"column":3}},"line":18},"1":{"name":"(anonymous_1)","decl":{"start":{"line":25,"column":2},"end":{"line":25,"column":3}},"loc":{"start":{"line":25,"column":92},"end":{"line":57,"column":3}},"line":25},"2":{"name":"(anonymous_2)","decl":{"start":{"line":62,"column":2},"end":{"line":62,"column":3}},"loc":{"start":{"line":62,"column":59},"end":{"line":129,"column":3}},"line":62},"3":{"name":"(anonymous_3)","decl":{"start":{"line":123,"column":28},"end":{"line":123,"column":29}},"loc":{"start":{"line":123,"column":39},"end":{"line":123,"column":65}},"line":123},"4":{"name":"(anonymous_4)","decl":{"start":{"line":134,"column":2},"end":{"line":134,"column":3}},"loc":{"start":{"line":134,"column":80},"end":{"line":152,"column":3}},"line":134},"5":{"name":"(anonymous_5)","decl":{"start":{"line":157,"column":2},"end":{"line":157,"column":3}},"loc":{"start":{"line":157,"column":75},"end":{"line":175,"column":3}},"line":157},"6":{"name":"(anonymous_6)","decl":{"start":{"line":180,"column":2},"end":{"line":180,"column":3}},"loc":{"start":{"line":180,"column":46},"end":{"line":195,"column":3}},"line":180},"7":{"name":"(anonymous_7)","decl":{"start":{"line":200,"column":2},"end":{"line":200,"column":3}},"loc":{"start":{"line":200,"column":48},"end":{"line":216,"column":3}},"line":200},"8":{"name":"(anonymous_8)","decl":{"start":{"line":221,"column":2},"end":{"line":221,"column":3}},"loc":{"start":{"line":221,"column":47},"end":{"line":237,"column":3}},"line":221},"9":{"name":"(anonymous_9)","decl":{"start":{"line":242,"column":2},"end":{"line":242,"column":3}},"loc":{"start":{"line":242,"column":44},"end":{"line":258,"column":3}},"line":242},"10":{"name":"(anonymous_10)","decl":{"start":{"line":263,"column":2},"end":{"line":263,"column":3}},"loc":{"start":{"line":263,"column":50},"end":{"line":279,"column":3}},"line":263},"11":{"name":"(anonymous_11)","decl":{"start":{"line":284,"column":2},"end":{"line":284,"column":3}},"loc":{"start":{"line":284,"column":47},"end":{"line":300,"column":3}},"line":284},"12":{"name":"(anonymous_12)","decl":{"start":{"line":305,"column":2},"end":{"line":305,"column":3}},"loc":{"start":{"line":305,"column":67},"end":{"line":327,"column":3}},"line":305},"13":{"name":"(anonymous_13)","decl":{"start":{"line":332,"column":2},"end":{"line":332,"column":3}},"loc":{"start":{"line":332,"column":46},"end":{"line":335,"column":3}},"line":332}},"branchMap":{"0":{"loc":{"start":{"line":26,"column":4},"end":{"line":28,"column":5}},"type":"if","locations":[{"start":{"line":26,"column":4},"end":{"line":28,"column":5}},{"start":{},"end":{}}],"line":26},"1":{"loc":{"start":{"line":49,"column":6},"end":{"line":51,"column":7}},"type":"if","locations":[{"start":{"line":49,"column":6},"end":{"line":51,"column":7}},{"start":{},"end":{}}],"line":49},"2":{"loc":{"start":{"line":68,"column":4},"end":{"line":70,"column":5}},"type":"if","locations":[{"start":{"line":68,"column":4},"end":{"line":70,"column":5}},{"start":{},"end":{}}],"line":68},"3":{"loc":{"start":{"line":78,"column":6},"end":{"line":88,"column":7}},"type":"switch","locations":[{"start":{"line":79,"column":8},"end":{"line":81,"column":16}},{"start":{"line":82,"column":8},"end":{"line":84,"column":16}},{"start":{"line":85,"column":8},"end":{"line":87,"column":16}}],"line":78},"4":{"loc":{"start":{"line":91,"column":6},"end":{"line":93,"column":7}},"type":"if","locations":[{"start":{"line":91,"column":6},"end":{"line":93,"column":7}},{"start":{},"end":{}}],"line":91},"5":{"loc":{"start":{"line":91,"column":10},"end":{"line":91,"column":39}},"type":"binary-expr","locations":[{"start":{"line":91,"column":10},"end":{"line":91,"column":18}},{"start":{"line":91,"column":22},"end":{"line":91,"column":39}}],"line":91},"6":{"loc":{"start":{"line":97,"column":6},"end":{"line":127,"column":7}},"type":"if","locations":[{"start":{"line":97,"column":6},"end":{"line":127,"column":7}},{"start":{"line":117,"column":13},"end":{"line":127,"column":7}}],"line":97},"7":{"loc":{"start":{"line":100,"column":24},"end":{"line":100,"column":41}},"type":"binary-expr","locations":[{"start":{"line":100,"column":24},"end":{"line":100,"column":36}},{"start":{"line":100,"column":40},"end":{"line":100,"column":41}}],"line":100},"8":{"loc":{"start":{"line":101,"column":25},"end":{"line":101,"column":48}},"type":"binary-expr","locations":[{"start":{"line":101,"column":25},"end":{"line":101,"column":43}},{"start":{"line":101,"column":47},"end":{"line":101,"column":48}}],"line":101},"9":{"loc":{"start":{"line":111,"column":8},"end":{"line":116,"column":9}},"type":"if","locations":[{"start":{"line":111,"column":8},"end":{"line":116,"column":9}},{"start":{"line":114,"column":15},"end":{"line":116,"column":9}}],"line":111},"10":{"loc":{"start":{"line":114,"column":15},"end":{"line":116,"column":9}},"type":"if","locations":[{"start":{"line":114,"column":15},"end":{"line":116,"column":9}},{"start":{},"end":{}}],"line":114},"11":{"loc":{"start":{"line":119,"column":29},"end":{"line":119,"column":65}},"type":"binary-expr","locations":[{"start":{"line":119,"column":29},"end":{"line":119,"column":60}},{"start":{"line":119,"column":64},"end":{"line":119,"column":65}}],"line":119},"12":{"loc":{"start":{"line":120,"column":8},"end":{"line":125,"column":9}},"type":"if","locations":[{"start":{"line":120,"column":8},"end":{"line":125,"column":9}},{"start":{},"end":{}}],"line":120},"13":{"loc":{"start":{"line":137,"column":20},"end":{"line":137,"column":37}},"type":"binary-expr","locations":[{"start":{"line":137,"column":20},"end":{"line":137,"column":32}},{"start":{"line":137,"column":36},"end":{"line":137,"column":37}}],"line":137},"14":{"loc":{"start":{"line":138,"column":21},"end":{"line":138,"column":48}},"type":"binary-expr","locations":[{"start":{"line":138,"column":21},"end":{"line":138,"column":43}},{"start":{"line":138,"column":47},"end":{"line":138,"column":48}}],"line":138},"15":{"loc":{"start":{"line":149,"column":4},"end":{"line":151,"column":5}},"type":"if","locations":[{"start":{"line":149,"column":4},"end":{"line":151,"column":5}},{"start":{},"end":{}}],"line":149},"16":{"loc":{"start":{"line":158,"column":4},"end":{"line":174,"column":5}},"type":"switch","locations":[{"start":{"line":159,"column":6},"end":{"line":161,"column":14}},{"start":{"line":162,"column":6},"end":{"line":164,"column":14}},{"start":{"line":165,"column":6},"end":{"line":167,"column":14}},{"start":{"line":168,"column":6},"end":{"line":170,"column":14}},{"start":{"line":171,"column":6},"end":{"line":173,"column":14}}],"line":158},"17":{"loc":{"start":{"line":181,"column":4},"end":{"line":194,"column":5}},"type":"switch","locations":[{"start":{"line":182,"column":6},"end":{"line":183,"column":39}},{"start":{"line":184,"column":6},"end":{"line":185,"column":38}},{"start":{"line":186,"column":6},"end":{"line":187,"column":35}},{"start":{"line":188,"column":6},"end":{"line":189,"column":41}},{"start":{"line":190,"column":6},"end":{"line":191,"column":38}},{"start":{"line":192,"column":6},"end":{"line":193,"column":53}}],"line":181},"18":{"loc":{"start":{"line":203,"column":6},"end":{"line":211,"column":7}},"type":"if","locations":[{"start":{"line":203,"column":6},"end":{"line":211,"column":7}},{"start":{},"end":{}}],"line":203},"19":{"loc":{"start":{"line":203,"column":10},"end":{"line":203,"column":43}},"type":"binary-expr","locations":[{"start":{"line":203,"column":10},"end":{"line":203,"column":26}},{"start":{"line":203,"column":30},"end":{"line":203,"column":43}}],"line":203},"20":{"loc":{"start":{"line":204,"column":26},"end":{"line":206,"column":122}},"type":"cond-expr","locations":[{"start":{"line":205,"column":12},"end":{"line":205,"column":25}},{"start":{"line":206,"column":13},"end":{"line":206,"column":121}}],"line":204},"21":{"loc":{"start":{"line":206,"column":13},"end":{"line":206,"column":121}},"type":"cond-expr","locations":[{"start":{"line":206,"column":89},"end":{"line":206,"column":116}},{"start":{"line":206,"column":119},"end":{"line":206,"column":121}}],"line":206},"22":{"loc":{"start":{"line":206,"column":13},"end":{"line":206,"column":86}},"type":"binary-expr","locations":[{"start":{"line":206,"column":13},"end":{"line":206,"column":40}},{"start":{"line":206,"column":44},"end":{"line":206,"column":86}}],"line":206},"23":{"loc":{"start":{"line":208,"column":8},"end":{"line":210,"column":9}},"type":"if","locations":[{"start":{"line":208,"column":8},"end":{"line":210,"column":9}},{"start":{},"end":{}}],"line":208},"24":{"loc":{"start":{"line":224,"column":6},"end":{"line":232,"column":7}},"type":"if","locations":[{"start":{"line":224,"column":6},"end":{"line":232,"column":7}},{"start":{},"end":{}}],"line":224},"25":{"loc":{"start":{"line":224,"column":10},"end":{"line":224,"column":43}},"type":"binary-expr","locations":[{"start":{"line":224,"column":10},"end":{"line":224,"column":26}},{"start":{"line":224,"column":30},"end":{"line":224,"column":43}}],"line":224},"26":{"loc":{"start":{"line":225,"column":25},"end":{"line":227,"column":122}},"type":"cond-expr","locations":[{"start":{"line":226,"column":12},"end":{"line":226,"column":25}},{"start":{"line":227,"column":13},"end":{"line":227,"column":121}}],"line":225},"27":{"loc":{"start":{"line":227,"column":13},"end":{"line":227,"column":121}},"type":"cond-expr","locations":[{"start":{"line":227,"column":89},"end":{"line":227,"column":116}},{"start":{"line":227,"column":119},"end":{"line":227,"column":121}}],"line":227},"28":{"loc":{"start":{"line":227,"column":13},"end":{"line":227,"column":86}},"type":"binary-expr","locations":[{"start":{"line":227,"column":13},"end":{"line":227,"column":40}},{"start":{"line":227,"column":44},"end":{"line":227,"column":86}}],"line":227},"29":{"loc":{"start":{"line":229,"column":8},"end":{"line":231,"column":9}},"type":"if","locations":[{"start":{"line":229,"column":8},"end":{"line":231,"column":9}},{"start":{},"end":{}}],"line":229},"30":{"loc":{"start":{"line":245,"column":6},"end":{"line":253,"column":7}},"type":"if","locations":[{"start":{"line":245,"column":6},"end":{"line":253,"column":7}},{"start":{},"end":{}}],"line":245},"31":{"loc":{"start":{"line":245,"column":10},"end":{"line":245,"column":43}},"type":"binary-expr","locations":[{"start":{"line":245,"column":10},"end":{"line":245,"column":26}},{"start":{"line":245,"column":30},"end":{"line":245,"column":43}}],"line":245},"32":{"loc":{"start":{"line":246,"column":22},"end":{"line":248,"column":122}},"type":"cond-expr","locations":[{"start":{"line":247,"column":12},"end":{"line":247,"column":25}},{"start":{"line":248,"column":13},"end":{"line":248,"column":121}}],"line":246},"33":{"loc":{"start":{"line":248,"column":13},"end":{"line":248,"column":121}},"type":"cond-expr","locations":[{"start":{"line":248,"column":89},"end":{"line":248,"column":116}},{"start":{"line":248,"column":119},"end":{"line":248,"column":121}}],"line":248},"34":{"loc":{"start":{"line":248,"column":13},"end":{"line":248,"column":86}},"type":"binary-expr","locations":[{"start":{"line":248,"column":13},"end":{"line":248,"column":40}},{"start":{"line":248,"column":44},"end":{"line":248,"column":86}}],"line":248},"35":{"loc":{"start":{"line":250,"column":8},"end":{"line":252,"column":9}},"type":"if","locations":[{"start":{"line":250,"column":8},"end":{"line":252,"column":9}},{"start":{},"end":{}}],"line":250},"36":{"loc":{"start":{"line":266,"column":6},"end":{"line":274,"column":7}},"type":"if","locations":[{"start":{"line":266,"column":6},"end":{"line":274,"column":7}},{"start":{},"end":{}}],"line":266},"37":{"loc":{"start":{"line":266,"column":10},"end":{"line":266,"column":43}},"type":"binary-expr","locations":[{"start":{"line":266,"column":10},"end":{"line":266,"column":26}},{"start":{"line":266,"column":30},"end":{"line":266,"column":43}}],"line":266},"38":{"loc":{"start":{"line":267,"column":28},"end":{"line":269,"column":122}},"type":"cond-expr","locations":[{"start":{"line":268,"column":12},"end":{"line":268,"column":25}},{"start":{"line":269,"column":13},"end":{"line":269,"column":121}}],"line":267},"39":{"loc":{"start":{"line":269,"column":13},"end":{"line":269,"column":121}},"type":"cond-expr","locations":[{"start":{"line":269,"column":89},"end":{"line":269,"column":116}},{"start":{"line":269,"column":119},"end":{"line":269,"column":121}}],"line":269},"40":{"loc":{"start":{"line":269,"column":13},"end":{"line":269,"column":86}},"type":"binary-expr","locations":[{"start":{"line":269,"column":13},"end":{"line":269,"column":40}},{"start":{"line":269,"column":44},"end":{"line":269,"column":86}}],"line":269},"41":{"loc":{"start":{"line":271,"column":8},"end":{"line":273,"column":9}},"type":"if","locations":[{"start":{"line":271,"column":8},"end":{"line":273,"column":9}},{"start":{},"end":{}}],"line":271},"42":{"loc":{"start":{"line":287,"column":6},"end":{"line":295,"column":7}},"type":"if","locations":[{"start":{"line":287,"column":6},"end":{"line":295,"column":7}},{"start":{},"end":{}}],"line":287},"43":{"loc":{"start":{"line":287,"column":10},"end":{"line":287,"column":43}},"type":"binary-expr","locations":[{"start":{"line":287,"column":10},"end":{"line":287,"column":26}},{"start":{"line":287,"column":30},"end":{"line":287,"column":43}}],"line":287},"44":{"loc":{"start":{"line":288,"column":25},"end":{"line":290,"column":122}},"type":"cond-expr","locations":[{"start":{"line":289,"column":12},"end":{"line":289,"column":25}},{"start":{"line":290,"column":13},"end":{"line":290,"column":121}}],"line":288},"45":{"loc":{"start":{"line":290,"column":13},"end":{"line":290,"column":121}},"type":"cond-expr","locations":[{"start":{"line":290,"column":89},"end":{"line":290,"column":116}},{"start":{"line":290,"column":119},"end":{"line":290,"column":121}}],"line":290},"46":{"loc":{"start":{"line":290,"column":13},"end":{"line":290,"column":86}},"type":"binary-expr","locations":[{"start":{"line":290,"column":13},"end":{"line":290,"column":40}},{"start":{"line":290,"column":44},"end":{"line":290,"column":86}}],"line":290},"47":{"loc":{"start":{"line":292,"column":8},"end":{"line":294,"column":9}},"type":"if","locations":[{"start":{"line":292,"column":8},"end":{"line":294,"column":9}},{"start":{},"end":{}}],"line":292},"48":{"loc":{"start":{"line":324,"column":17},"end":{"line":324,"column":47}},"type":"binary-expr","locations":[{"start":{"line":324,"column":17},"end":{"line":324,"column":30}},{"start":{"line":324,"column":34},"end":{"line":324,"column":47}}],"line":324}},"s":{"0":0,"1":0,"2":0,"3":0,"4":0,"5":0,"6":0,"7":0,"8":0,"9":0,"10":0,"11":0,"12":0,"13":0,"14":0,"15":0,"16":0,"17":0,"18":0,"19":0,"20":0,"21":0,"22":0,"23":0,"24":0,"25":0,"26":0,"27":0,"28":0,"29":0,"30":0,"31":0,"32":0,"33":0,"34":0,"35":0,"36":0,"37":0,"38":0,"39":0,"40":0,"41":0,"42":0,"43":0,"44":0,"45":0,"46":0,"47":0,"48":0,"49":0,"50":0,"51":0,"52":0,"53":0,"54":0,"55":0,"56":0,"57":0,"58":0,"59":0,"60":0,"61":0,"62":0,"63":0,"64":0,"65":0,"66":0,"67":0,"68":0,"69":0,"70":0,"71":0,"72":0,"73":0,"74":0,"75":0,"76":0,"77":0,"78":0,"79":0,"80":0,"81":0,"82":0,"83":0,"84":0,"85":0,"86":0,"87":0,"88":0,"89":0,"90":0,"91":0,"92":0,"93":0,"94":0,"95":0,"96":0,"97":0,"98":0,"99":0,"100":0,"101":0,"102":0,"103":0,"104":0,"105":0,"106":0,"107":0,"108":0,"109":0,"110":0,"111":0,"112":0,"113":0,"114":0,"115":0,"116":0,"117":0,"118":0,"119":0,"120":0,"121":0,"122":0,"123":0,"124":0,"125":0,"126":0,"127":0,"128":0},"f":{"0":0,"1":0,"2":0,"3":0,"4":0,"5":0,"6":0,"7":0,"8":0,"9":0,"10":0,"11":0,"12":0,"13":0},"b":{"0":[0,0],"1":[0,0],"2":[0,0],"3":[0,0,0],"4":[0,0],"5":[0,0],"6":[0,0],"7":[0,0],"8":[0,0],"9":[0,0],"10":[0,0],"11":[0,0],"12":[0,0],"13":[0,0],"14":[0,0],"15":[0,0],"16":[0,0,0,0,0],"17":[0,0,0,0,0,0],"18":[0,0],"19":[0,0],"20":[0,0],"21":[0,0],"22":[0,0],"23":[0,0],"24":[0,0],"25":[0,0],"26":[0,0],"27":[0,0],"28":[0,0],"29":[0,0],"30":[0,0],"31":[0,0],"32":[0,0],"33":[0,0],"34":[0,0],"35":[0,0],"36":[0,0],"37":[0,0],"38":[0,0],"39":[0,0],"40":[0,0],"41":[0,0],"42":[0,0],"43":[0,0],"44":[0,0],"45":[0,0],"46":[0,0],"47":[0,0],"48":[0,0]}}
,"/home/runner/work/ledger/ledger/frontend/src/core/constants/api.ts": {"path":"/home/runner/work/ledger/ledger/frontend/src/core/constants/api.ts","statementMap":{"0":{"start":{"line":6,"column":28},"end":{"line":6,"column":90}},"1":{"start":{"line":9,"column":29},"end":{"line":42,"column":1}},"2":{"start":{"line":25,"column":36},"end":{"line":25,"column":62}},"3":{"start":{"line":26,"column":40},"end":{"line":26,"column":70}},"4":{"start":{"line":27,"column":37},"end":{"line":27,"column":64}},"5":{"start":{"line":31,"column":40},"end":{"line":31,"column":70}},"6":{"start":{"line":32,"column":40},"end":{"line":32,"column":70}},"7":{"start":{"line":45,"column":27},"end":{"line":45,"column":32}},"8":{"start":{"line":48,"column":33},"end":{"line":48,"column":48}},"9":{"start":{"line":49,"column":32},"end":{"line":49,"column":46}}},"fnMap":{"0":{"name":"(anonymous_0)","decl":{"start":{"line":25,"column":20},"end":{"line":25,"column":21}},"loc":{"start":{"line":25,"column":36},"end":{"line":25,"column":62}},"line":25},"1":{"name":"(anonymous_1)","decl":{"start":{"line":26,"column":24},"end":{"line":26,"column":25}},"loc":{"start":{"line":26,"column":40},"end":{"line":26,"column":70}},"line":26},"2":{"name":"(anonymous_2)","decl":{"start":{"line":27,"column":21},"end":{"line":27,"column":22}},"loc":{"start":{"line":27,"column":37},"end":{"line":27,"column":64}},"line":27},"3":{"name":"(anonymous_3)","decl":{"start":{"line":31,"column":24},"end":{"line":31,"column":25}},"loc":{"start":{"line":31,"column":40},"end":{"line":31,"column":70}},"line":31},"4":{"name":"(anonymous_4)","decl":{"start":{"line":32,"column":24},"end":{"line":32,"column":25}},"loc":{"start":{"line":32,"column":40},"end":{"line":32,"column":70}},"line":32}},"branchMap":{"0":{"loc":{"start":{"line":6,"column":28},"end":{"line":6,"column":90}},"type":"binary-expr","locations":[{"start":{"line":6,"column":28},"end":{"line":6,"column":59}},{"start":{"line":6,"column":63},"end":{"line":6,"column":90}}],"line":6}},"s":{"0":2,"1":2,"2":0,"3":0,"4":0,"5":0,"6":0,"7":2,"8":2,"9":2},"f":{"0":0,"1":0,"2":0,"3":0,"4":0},"b":{"0":[2,2]},"_coverageSchema":"1a1c01bbd47fc00a2c39e90264f33305004495a9","hash":"ffab6235909d90a86daaaed6911fb11bdb38778f"}
,"/home/runner/work/ledger/ledger/frontend/src/core/constants/colors.ts": {"path":"/home/runner/work/ledger/ledger/frontend/src/core/constants/colors.ts","statementMap":{"0":{"start":{"line":5,"column":22},"end":{"line":44,"column":1}}},"fnMap":{},"branchMap":{},"s":{"0":0},"f":{},"b":{}}
,"/home/runner/work/ledger/ledger/frontend/src/core/constants/theme.ts": {"path":"/home/runner/work/ledger/ledger/frontend/src/core/constants/theme.ts","statementMap":{"0":{"start":{"line":7,"column":23},"end":{"line":16,"column":1}},"1":{"start":{"line":19,"column":26},"end":{"line":42,"column":1}},"2":{"start":{"line":45,"column":29},"end":{"line":51,"column":1}},"3":{"start":{"line":54,"column":23},"end":{"line":83,"column":1}},"4":{"start":{"line":86,"column":21},"end":{"line":143,"column":1}},"5":{"start":{"line":146,"column":32},"end":{"line":152,"column":1}},"6":{"start":{"line":155,"column":22},"end":{"line":159,"column":1}},"7":{"start":{"line":165,"column":35},"end":{"line":178,"column":1}},"8":{"start":{"line":166,"column":2},"end":{"line":177,"column":3}},"9":{"start":{"line":168,"column":6},"end":{"line":168,"column":41}},"10":{"start":{"line":170,"column":6},"end":{"line":170,"column":41}},"11":{"start":{"line":172,"column":6},"end":{"line":172,"column":38}},"12":{"start":{"line":174,"column":6},"end":{"line":174,"column":44}},"13":{"start":{"line":176,"column":6},"end":{"line":176,"column":40}}},"fnMap":{"0":{"name":"(anonymous_0)","decl":{"start":{"line":165,"column":35},"end":{"line":165,"column":36}},"loc":{"start":{"line":165,"column":61},"end":{"line":178,"column":1}},"line":165}},"branchMap":{"0":{"loc":{"start":{"line":166,"column":2},"end":{"line":177,"column":3}},"type":"switch","locations":[{"start":{"line":167,"column":4},"end":{"line":168,"column":41}},{"start":{"line":169,"column":4},"end":{"line":170,"column":41}},{"start":{"line":171,"column":4},"end":{"line":172,"column":38}},{"start":{"line":173,"column":4},"end":{"line":174,"column":44}},{"start":{"line":175,"column":4},"end":{"line":176,"column":40}}],"line":166}},"s":{"0":2,"1":2,"2":2,"3":2,"4":2,"5":2,"6":2,"7":2,"8":0,"9":0,"10":0,"11":0,"12":0,"13":0},"f":{"0":0},"b":{"0":[0,0,0,0,0]},"_coverageSchema":"1a1c01bbd47fc00a2c39e90264f33305004495a9","hash":"df0238f52ecef9143f3dd63f6bb310eaa1036251"}
,"/home/runner/work/ledger/ledger/frontend/src/core/hooks/usePagination.ts": {"path":"/home/runner/work/ledger/ledger/frontend/src/core/hooks/usePagination.ts","statementMap":{"0":{"start":{"line":30,"column":29},"end":{"line":86,"column":1}},"1":{"start":{"line":34,"column":51},"end":{"line":34,"column":58}},"2":{"start":{"line":36,"column":40},"end":{"line":36,"column":61}},"3":{"start":{"line":37,"column":32},"end":{"line":37,"column":56}},"4":{"start":{"line":40,"column":21},"end":{"line":40,"column":53}},"5":{"start":{"line":41,"column":21},"end":{"line":41,"column":32}},"6":{"start":{"line":44,"column":22},"end":{"line":48,"column":34}},"7":{"start":{"line":45,"column":23},"end":{"line":45,"column":50}},"8":{"start":{"line":46,"column":21},"end":{"line":46,"column":41}},"9":{"start":{"line":47,"column":4},"end":{"line":47,"column":44}},"10":{"start":{"line":51,"column":19},"end":{"line":54,"column":3}},"11":{"start":{"line":52,"column":23},"end":{"line":52,"column":62}},"12":{"start":{"line":53,"column":4},"end":{"line":53,"column":31}},"13":{"start":{"line":56,"column":19},"end":{"line":60,"column":3}},"14":{"start":{"line":57,"column":4},"end":{"line":59,"column":5}},"15":{"start":{"line":58,"column":6},"end":{"line":58,"column":38}},"16":{"start":{"line":62,"column":23},"end":{"line":66,"column":3}},"17":{"start":{"line":63,"column":4},"end":{"line":65,"column":5}},"18":{"start":{"line":64,"column":6},"end":{"line":64,"column":38}},"19":{"start":{"line":68,"column":27},"end":{"line":71,"column":3}},"20":{"start":{"line":69,"column":4},"end":{"line":69,"column":27}},"21":{"start":{"line":70,"column":4},"end":{"line":70,"column":22}},"22":{"start":{"line":73,"column":2},"end":{"line":85,"column":4}}},"fnMap":{"0":{"name":"(anonymous_0)","decl":{"start":{"line":30,"column":29},"end":{"line":30,"column":30}},"loc":{"start":{"line":33,"column":26},"end":{"line":86,"column":1}},"line":33},"1":{"name":"(anonymous_1)","decl":{"start":{"line":44,"column":30},"end":{"line":44,"column":31}},"loc":{"start":{"line":44,"column":36},"end":{"line":48,"column":3}},"line":44},"2":{"name":"(anonymous_2)","decl":{"start":{"line":51,"column":19},"end":{"line":51,"column":20}},"loc":{"start":{"line":51,"column":37},"end":{"line":54,"column":3}},"line":51},"3":{"name":"(anonymous_3)","decl":{"start":{"line":56,"column":19},"end":{"line":56,"column":20}},"loc":{"start":{"line":56,"column":25},"end":{"line":60,"column":3}},"line":56},"4":{"name":"(anonymous_4)","decl":{"start":{"line":62,"column":23},"end":{"line":62,"column":24}},"loc":{"start":{"line":62,"column":29},"end":{"line":66,"column":3}},"line":62},"5":{"name":"(anonymous_5)","decl":{"start":{"line":68,"column":27},"end":{"line":68,"column":28}},"loc":{"start":{"line":68,"column":51},"end":{"line":71,"column":3}},"line":68}},"branchMap":{"0":{"loc":{"start":{"line":32,"column":2},"end":{"line":32,"column":33}},"type":"default-arg","locations":[{"start":{"line":32,"column":31},"end":{"line":32,"column":33}}],"line":32},"1":{"loc":{"start":{"line":34,"column":10},"end":{"line":34,"column":25}},"type":"default-arg","locations":[{"start":{"line":34,"column":24},"end":{"line":34,"column":25}}],"line":34},"2":{"loc":{"start":{"line":34,"column":27},"end":{"line":34,"column":46}},"type":"default-arg","locations":[{"start":{"line":34,"column":44},"end":{"line":34,"column":46}}],"line":34},"3":{"loc":{"start":{"line":57,"column":4},"end":{"line":59,"column":5}},"type":"if","locations":[{"start":{"line":57,"column":4},"end":{"line":59,"column":5}},{"start":{},"end":{}}],"line":57},"4":{"loc":{"start":{"line":63,"column":4},"end":{"line":65,"column":5}},"type":"if","locations":[{"start":{"line":63,"column":4},"end":{"line":65,"column":5}},{"start":{},"end":{}}],"line":63}},"s":{"0":0,"1":0,"2":0,"3":0,"4":0,"5":0,"6":0,"7":0,"8":0,"9":0,"10":0,"11":0,"12":0,"13":0,"14":0,"15":0,"16":0,"17":0,"18":0,"19":0,"20":0,"21":0,"22":0},"f":{"0":0,"1":0,"2":0,"3":0,"4":0,"5":0},"b":{"0":[0],"1":[0],"2":[0],"3":[0,0],"4":[0,0]}}
,"/home/runner/work/ledger/ledger/frontend/src/core/hooks/useSort.ts": {"path":"/home/runner/work/ledger/ledger/frontend/src/core/hooks/useSort.ts","statementMap":{"0":{"start":{"line":21,"column":23},"end":{"line":78,"column":1}},"1":{"start":{"line":22,"column":38},"end":{"line":25,"column":4}},"2":{"start":{"line":27,"column":21},"end":{"line":49,"column":24}},"3":{"start":{"line":28,"column":4},"end":{"line":30,"column":5}},"4":{"start":{"line":29,"column":6},"end":{"line":29,"column":18}},"5":{"start":{"line":32,"column":19},"end":{"line":46,"column":6}},"6":{"start":{"line":33,"column":21},"end":{"line":33,"column":39}},"7":{"start":{"line":34,"column":21},"end":{"line":34,"column":39}},"8":{"start":{"line":36,"column":6},"end":{"line":36,"column":38}},"9":{"start":{"line":36,"column":29},"end":{"line":36,"column":38}},"10":{"start":{"line":38,"column":23},"end":{"line":38,"column":24}},"11":{"start":{"line":39,"column":6},"end":{"line":43,"column":7}},"12":{"start":{"line":40,"column":8},"end":{"line":40,"column":23}},"13":{"start":{"line":41,"column":13},"end":{"line":43,"column":7}},"14":{"start":{"line":42,"column":8},"end":{"line":42,"column":24}},"15":{"start":{"line":45,"column":6},"end":{"line":45,"column":76}},"16":{"start":{"line":48,"column":4},"end":{"line":48,"column":18}},"17":{"start":{"line":51,"column":22},"end":{"line":63,"column":3}},"18":{"start":{"line":52,"column":35},"end":{"line":52,"column":40}},"19":{"start":{"line":54,"column":4},"end":{"line":60,"column":5}},"20":{"start":{"line":55,"column":6},"end":{"line":59,"column":7}},"21":{"start":{"line":56,"column":8},"end":{"line":56,"column":27}},"22":{"start":{"line":57,"column":13},"end":{"line":59,"column":7}},"23":{"start":{"line":58,"column":8},"end":{"line":58,"column":25}},"24":{"start":{"line":62,"column":4},"end":{"line":62,"column":62}},"25":{"start":{"line":65,"column":27},"end":{"line":70,"column":3}},"26":{"start":{"line":66,"column":4},"end":{"line":68,"column":5}},"27":{"start":{"line":67,"column":6},"end":{"line":67,"column":34}},"28":{"start":{"line":69,"column":4},"end":{"line":69,"column":16}},"29":{"start":{"line":72,"column":2},"end":{"line":77,"column":4}}},"fnMap":{"0":{"name":"(anonymous_0)","decl":{"start":{"line":21,"column":23},"end":{"line":21,"column":24}},"loc":{"start":{"line":21,"column":57},"end":{"line":78,"column":1}},"line":21},"1":{"name":"(anonymous_1)","decl":{"start":{"line":27,"column":29},"end":{"line":27,"column":30}},"loc":{"start":{"line":27,"column":35},"end":{"line":49,"column":3}},"line":27},"2":{"name":"(anonymous_2)","decl":{"start":{"line":32,"column":34},"end":{"line":32,"column":35}},"loc":{"start":{"line":32,"column":44},"end":{"line":46,"column":5}},"line":32},"3":{"name":"(anonymous_3)","decl":{"start":{"line":51,"column":22},"end":{"line":51,"column":23}},"loc":{"start":{"line":51,"column":40},"end":{"line":63,"column":3}},"line":51},"4":{"name":"(anonymous_4)","decl":{"start":{"line":65,"column":27},"end":{"line":65,"column":28}},"loc":{"start":{"line":65,"column":60},"end":{"line":70,"column":3}},"line":65}},"branchMap":{"0":{"loc":{"start":{"line":28,"column":4},"end":{"line":30,"column":5}},"type":"if","locations":[{"start":{"line":28,"column":4},"end":{"line":30,"column":5}},{"start":{},"end":{}}],"line":28},"1":{"loc":{"start":{"line":28,"column":8},"end":{"line":28,"column":48}},"type":"binary-expr","locations":[{"start":{"line":28,"column":8},"end":{"line":28,"column":23}},{"start":{"line":28,"column":27},"end":{"line":28,"column":48}}],"line":28},"2":{"loc":{"start":{"line":36,"column":6},"end":{"line":36,"column":38}},"type":"if","locations":[{"start":{"line":36,"column":6},"end":{"line":36,"column":38}},{"start":{},"end":{}}],"line":36},"3":{"loc":{"start":{"line":39,"column":6},"end":{"line":43,"column":7}},"type":"if","locations":[{"start":{"line":39,"column":6},"end":{"line":43,"column":7}},{"start":{"line":41,"column":13},"end":{"line":43,"column":7}}],"line":39},"4":{"loc":{"start":{"line":41,"column":13},"end":{"line":43,"column":7}},"type":"if","locations":[{"start":{"line":41,"column":13},"end":{"line":43,"column":7}},{"start":{},"end":{}}],"line":41},"5":{"loc":{"start":{"line":45,"column":13},"end":{"line":45,"column":75}},"type":"cond-expr","locations":[{"start":{"line":45,"column":47},"end":{"line":45,"column":62}},{"start":{"line":45,"column":65},"end":{"line":45,"column":75}}],"line":45},"6":{"loc":{"start":{"line":54,"column":4},"end":{"line":60,"column":5}},"type":"if","locations":[{"start":{"line":54,"column":4},"end":{"line":60,"column":5}},{"start":{},"end":{}}],"line":54},"7":{"loc":{"start":{"line":55,"column":6},"end":{"line":59,"column":7}},"type":"if","locations":[{"start":{"line":55,"column":6},"end":{"line":59,"column":7}},{"start":{"line":57,"column":13},"end":{"line":59,"column":7}}],"line":55},"8":{"loc":{"start":{"line":57,"column":13},"end":{"line":59,"column":7}},"type":"if","locations":[{"start":{"line":57,"column":13},"end":{"line":59,"column":7}},{"start":{},"end":{}}],"line":57},"9":{"loc":{"start":{"line":62,"column":25},"end":{"line":62,"column":47}},"type":"cond-expr","locations":[{"start":{"line":62,"column":37},"end":{"line":62,"column":40}},{"start":{"line":62,"column":43},"end":{"line":62,"column":47}}],"line":62},"10":{"loc":{"start":{"line":66,"column":4},"end":{"line":68,"column":5}},"type":"if","locations":[{"start":{"line":66,"column":4},"end":{"line":68,"column":5}},{"start":{},"end":{}}],"line":66}},"s":{"0":0,"1":0,"2":0,"3":0,"4":0,"5":0,"6":0,"7":0,"8":0,"9":0,"10":0,"11":0,"12":0,"13":0,"14":0,"15":0,"16":0,"17":0,"18":0,"19":0,"20":0,"21":0,"22":0,"23":0,"24":0,"25":0,"26":0,"27":0,"28":0,"29":0},"f":{"0":0,"1":0,"2":0,"3":0,"4":0},"b":{"0":[0,0],"1":[0,0],"2":[0,0],"3":[0,0],"4":[0,0],"5":[0,0],"6":[0,0],"7":[0,0],"8":[0,0],"9":[0,0],"10":[0,0]}}
,"/home/runner/work/ledger/ledger/frontend/src/core/utils/permissions.ts": {"path":"/home/runner/work/ledger/ledger/frontend/src/core/utils/permissions.ts","statementMap":{"0":{"start":{"line":9,"column":27},"end":{"line":51,"column":1}},"1":{"start":{"line":54,"column":21},"end":{"line":59,"column":1}},"2":{"start":{"line":64,"column":29},"end":{"line":76,"column":1}},"3":{"start":{"line":65,"column":2},"end":{"line":67,"column":3}},"4":{"start":{"line":66,"column":4},"end":{"line":66,"column":17}},"5":{"start":{"line":70,"column":2},"end":{"line":72,"column":3}},"6":{"start":{"line":71,"column":4},"end":{"line":71,"column":16}},"7":{"start":{"line":75,"column":2},"end":{"line":75,"column":62}},"8":{"start":{"line":81,"column":32},"end":{"line":87,"column":1}},"9":{"start":{"line":82,"column":2},"end":{"line":84,"column":3}},"10":{"start":{"line":83,"column":4},"end":{"line":83,"column":17}},"11":{"start":{"line":86,"column":2},"end":{"line":86,"column":73}},"12":{"start":{"line":86,"column":40},"end":{"line":86,"column":71}},"13":{"start":{"line":92,"column":33},"end":{"line":98,"column":1}},"14":{"start":{"line":93,"column":2},"end":{"line":95,"column":3}},"15":{"start":{"line":94,"column":4},"end":{"line":94,"column":17}},"16":{"start":{"line":97,"column":2},"end":{"line":97,"column":74}},"17":{"start":{"line":97,"column":41},"end":{"line":97,"column":72}},"18":{"start":{"line":103,"column":23},"end":{"line":109,"column":1}},"19":{"start":{"line":104,"column":2},"end":{"line":106,"column":3}},"20":{"start":{"line":105,"column":4},"end":{"line":105,"column":17}},"21":{"start":{"line":108,"column":2},"end":{"line":108,"column":33}},"22":{"start":{"line":114,"column":26},"end":{"line":120,"column":1}},"23":{"start":{"line":115,"column":2},"end":{"line":117,"column":3}},"24":{"start":{"line":116,"column":4},"end":{"line":116,"column":17}},"25":{"start":{"line":119,"column":2},"end":{"line":119,"column":40}},"26":{"start":{"line":126,"column":25},"end":{"line":128,"column":1}},"27":{"start":{"line":127,"column":2},"end":{"line":127,"column":51}},"28":{"start":{"line":130,"column":23},"end":{"line":132,"column":1}},"29":{"start":{"line":131,"column":2},"end":{"line":131,"column":49}},"30":{"start":{"line":134,"column":25},"end":{"line":136,"column":1}},"31":{"start":{"line":135,"column":2},"end":{"line":135,"column":49}},"32":{"start":{"line":138,"column":25},"end":{"line":140,"column":1}},"33":{"start":{"line":139,"column":2},"end":{"line":139,"column":51}},"34":{"start":{"line":145,"column":34},"end":{"line":151,"column":1}},"35":{"start":{"line":146,"column":2},"end":{"line":148,"column":3}},"36":{"start":{"line":147,"column":4},"end":{"line":147,"column":19}},"37":{"start":{"line":150,"column":2},"end":{"line":150,"column":50}},"38":{"start":{"line":156,"column":23},"end":{"line":158,"column":1}},"39":{"start":{"line":157,"column":2},"end":{"line":157,"column":36}},"40":{"start":{"line":163,"column":25},"end":{"line":165,"column":1}},"41":{"start":{"line":164,"column":2},"end":{"line":164,"column":38}},"42":{"start":{"line":170,"column":27},"end":{"line":172,"column":1}},"43":{"start":{"line":171,"column":2},"end":{"line":171,"column":40}},"44":{"start":{"line":177,"column":24},"end":{"line":179,"column":1}},"45":{"start":{"line":178,"column":2},"end":{"line":178,"column":37}}},"fnMap":{"0":{"name":"(anonymous_0)","decl":{"start":{"line":64,"column":29},"end":{"line":64,"column":30}},"loc":{"start":{"line":64,"column":81},"end":{"line":76,"column":1}},"line":64},"1":{"name":"(anonymous_1)","decl":{"start":{"line":81,"column":32},"end":{"line":81,"column":33}},"loc":{"start":{"line":81,"column":87},"end":{"line":87,"column":1}},"line":81},"2":{"name":"(anonymous_2)","decl":{"start":{"line":86,"column":26},"end":{"line":86,"column":27}},"loc":{"start":{"line":86,"column":40},"end":{"line":86,"column":71}},"line":86},"3":{"name":"(anonymous_3)","decl":{"start":{"line":92,"column":33},"end":{"line":92,"column":34}},"loc":{"start":{"line":92,"column":88},"end":{"line":98,"column":1}},"line":92},"4":{"name":"(anonymous_4)","decl":{"start":{"line":97,"column":27},"end":{"line":97,"column":28}},"loc":{"start":{"line":97,"column":41},"end":{"line":97,"column":72}},"line":97},"5":{"name":"(anonymous_5)","decl":{"start":{"line":103,"column":23},"end":{"line":103,"column":24}},"loc":{"start":{"line":103,"column":69},"end":{"line":109,"column":1}},"line":103},"6":{"name":"(anonymous_6)","decl":{"start":{"line":114,"column":26},"end":{"line":114,"column":27}},"loc":{"start":{"line":114,"column":75},"end":{"line":120,"column":1}},"line":114},"7":{"name":"(anonymous_7)","decl":{"start":{"line":126,"column":25},"end":{"line":126,"column":26}},"loc":{"start":{"line":126,"column":75},"end":{"line":128,"column":1}},"line":126},"8":{"name":"(anonymous_8)","decl":{"start":{"line":130,"column":23},"end":{"line":130,"column":24}},"loc":{"start":{"line":130,"column":73},"end":{"line":132,"column":1}},"line":130},"9":{"name":"(anonymous_9)","decl":{"start":{"line":134,"column":25},"end":{"line":134,"column":26}},"loc":{"start":{"line":134,"column":75},"end":{"line":136,"column":1}},"line":134},"10":{"name":"(anonymous_10)","decl":{"start":{"line":138,"column":25},"end":{"line":138,"column":26}},"loc":{"start":{"line":138,"column":75},"end":{"line":140,"column":1}},"line":138},"11":{"name":"(anonymous_11)","decl":{"start":{"line":145,"column":34},"end":{"line":145,"column":35}},"loc":{"start":{"line":145,"column":65},"end":{"line":151,"column":1}},"line":145},"12":{"name":"(anonymous_12)","decl":{"start":{"line":156,"column":23},"end":{"line":156,"column":24}},"loc":{"start":{"line":156,"column":55},"end":{"line":158,"column":1}},"line":156},"13":{"name":"(anonymous_13)","decl":{"start":{"line":163,"column":25},"end":{"line":163,"column":26}},"loc":{"start":{"line":163,"column":57},"end":{"line":165,"column":1}},"line":163},"14":{"name":"(anonymous_14)","decl":{"start":{"line":170,"column":27},"end":{"line":170,"column":28}},"loc":{"start":{"line":170,"column":59},"end":{"line":172,"column":1}},"line":170},"15":{"name":"(anonymous_15)","decl":{"start":{"line":177,"column":24},"end":{"line":177,"column":25}},"loc":{"start":{"lin
[...]
column":5}},{"start":{},"end":{}}],"line":71},"7":{"loc":{"start":{"line":77,"column":4},"end":{"line":80,"column":5}},"type":"if","locations":[{"start":{"line":77,"column":4},"end":{"line":80,"column":5}},{"start":{},"end":{}}],"line":77},"8":{"loc":{"start":{"line":77,"column":8},"end":{"line":77,"column":31}},"type":"binary-expr","locations":[{"start":{"line":77,"column":8},"end":{"line":77,"column":14}},{"start":{"line":77,"column":18},"end":{"line":77,"column":31}}],"line":77},"9":{"loc":{"start":{"line":83,"column":4},"end":{"line":86,"column":5}},"type":"if","locations":[{"start":{"line":83,"column":4},"end":{"line":86,"column":5}},{"start":{},"end":{}}],"line":83},"10":{"loc":{"start":{"line":88,"column":4},"end":{"line":91,"column":5}},"type":"if","locations":[{"start":{"line":88,"column":4},"end":{"line":91,"column":5}},{"start":{},"end":{}}],"line":88},"11":{"loc":{"start":{"line":94,"column":4},"end":{"line":97,"column":5}},"type":"if","locations":[{"start":{"line":94,"column":4},"end":{"line":97,"column":5}},{"start":{},"end":{}}],"line":94},"12":{"loc":{"start":{"line":94,"column":8},"end":{"line":94,"column":50}},"type":"binary-expr","locations":[{"start":{"line":94,"column":8},"end":{"line":94,"column":19}},{"start":{"line":94,"column":24},"end":{"line":94,"column":31}},{"start":{"line":94,"column":35},"end":{"line":94,"column":49}}],"line":94},"13":{"loc":{"start":{"line":100,"column":4},"end":{"line":103,"column":5}},"type":"if","locations":[{"start":{"line":100,"column":4},"end":{"line":103,"column":5}},{"start":{},"end":{}}],"line":100},"14":{"loc":{"start":{"line":100,"column":8},"end":{"line":100,"column":59}},"type":"binary-expr","locations":[{"start":{"line":100,"column":8},"end":{"line":100,"column":19}},{"start":{"line":100,"column":24},"end":{"line":100,"column":33}},{"start":{"line":100,"column":37},"end":{"line":100,"column":58}}],"line":100},"15":{"loc":{"start":{"line":106,"column":4},"end":{"line":116,"column":5}},"type":"if","locations":[{"start":{"line":106,"column":4},"end":{"line":116,"column":5}},{"start":{},"end":{}}],"line":106},"16":{"loc":{"start":{"line":106,"column":8},"end":{"line":106,"column":40}},"type":"binary-expr","locations":[{"start":{"line":106,"column":8},"end":{"line":106,"column":16}},{"start":{"line":106,"column":20},"end":{"line":106,"column":40}}],"line":106},"17":{"loc":{"start":{"line":107,"column":6},"end":{"line":110,"column":7}},"type":"if","locations":[{"start":{"line":107,"column":6},"end":{"line":110,"column":7}},{"start":{},"end":{}}],"line":107},"18":{"loc":{"start":{"line":112,"column":6},"end":{"line":115,"column":7}},"type":"if","locations":[{"start":{"line":112,"column":6},"end":{"line":115,"column":7}},{"start":{},"end":{}}],"line":112},"19":{"loc":{"start":{"line":126,"column":6},"end":{"line":128,"column":7}},"type":"if","locations":[{"start":{"line":126,"column":6},"end":{"line":128,"column":7}},{"start":{},"end":{}}],"line":126},"20":{"loc":{"start":{"line":126,"column":10},"end":{"line":126,"column":33}},"type":"binary-expr","locations":[{"start":{"line":126,"column":10},"end":{"line":126,"column":16}},{"start":{"line":126,"column":20},"end":{"line":126,"column":33}}],"line":126},"21":{"loc":{"start":{"line":130,"column":6},"end":{"line":133,"column":7}},"type":"if","locations":[{"start":{"line":130,"column":6},"end":{"line":133,"column":7}},{"start":{},"end":{}}],"line":130},"22":{"loc":{"start":{"line":135,"column":6},"end":{"line":141,"column":7}},"type":"if","locations":[{"start":{"line":135,"column":6},"end":{"line":141,"column":7}},{"start":{"line":138,"column":13},"end":{"line":141,"column":7}}],"line":135},"23":{"loc":{"start":{"line":145,"column":22},"end":{"line":145,"column":76}},"type":"binary-expr","locations":[{"start":{"line":145,"column":22},"end":{"line":145,"column":51}},{"start":{"line":145,"column":55},"end":{"line":145,"column":76}}],"line":145},"24":{"loc":{"start":{"line":152,"column":2},"end":{"line":159,"column":3}},"type":"if","locations":[{"start":{"line":152,"column":2},"end":{"line":159,"column":3}},{"start":{},"end":{}}],"line":152},"25":{"loc":{"start":{"line":164,"column":15},"end":{"line":164,"column":52}},"type":"cond-expr","locations":[{"start":{"line":164,"column":28},"end":{"line":164,"column":39}},{"start":{"line":164,"column":42},"end":{"line":164,"column":52}}],"line":164},"26":{"loc":{"start":{"line":197,"column":24},"end":{"line":197,"column":42}},"type":"binary-expr","locations":[{"start":{"line":197,"column":24},"end":{"line":197,"column":35}},{"start":{"line":197,"column":39},"end":{"line":197,"column":42}}],"line":197},"27":{"loc":{"start":{"line":203,"column":25},"end":{"line":203,"column":86}},"type":"cond-expr","locations":[{"start":{"line":203,"column":38},"end":{"line":203,"column":67}},{"start":{"line":203,"column":70},"end":{"line":203,"column":86}}],"line":203},"28":{"loc":{"start":{"line":210,"column":30},"end":{"line":210,"column":48}},"type":"binary-expr","locations":[{"start":{"line":210,"column":30},"end":{"line":210,"column":41}},{"start":{"line":210,"column":45},"end":{"line":210,"column":48}}],"line":210},"29":{"loc":{"start":{"line":222,"column":43},"end":{"line":222,"column":61}},"type":"binary-expr","locations":[{"start":{"line":222,"column":43},"end":{"line":222,"column":54}},{"start":{"line":222,"column":58},"end":{"line":222,"column":61}}],"line":222},"30":{"loc":{"start":{"line":225,"column":25},"end":{"line":225,"column":78}},"type":"cond-expr","locations":[{"start":{"line":225,"column":38},"end":{"line":225,"column":62}},{"start":{"line":225,"column":65},"end":{"line":225,"column":78}}],"line":225},"31":{"loc":{"start":{"line":238,"column":24},"end":{"line":238,"column":53}},"type":"cond-expr","locations":[{"start":{"line":238,"column":35},"end":{"line":238,"column":41}},{"start":{"line":238,"column":44},"end":{"line":238,"column":53}}],"line":238},"32":{"loc":{"start":{"line":243,"column":39},"end":{"line":243,"column":80}},"type":"binary-expr","locations":[{"start":{"line":243,"column":39},"end":{"line":243,"column":49}},{"start":{"line":243,"column":53},"end":{"line":243,"column":80}}],"line":243},"33":{"loc":{"start":{"line":247,"column":11},"end":{"line":253,"column":11}},"type":"cond-expr","locations":[{"start":{"line":248,"column":12},"end":{"line":248,"column":60}},{"start":{"line":250,"column":12},"end":{"line":252,"column":19}}],"line":247},"34":{"loc":{"start":{"line":251,"column":15},"end":{"line":251,"column":57}},"type":"cond-expr","locations":[{"start":{"line":251,"column":28},"end":{"line":251,"column":41}},{"start":{"line":251,"column":44},"end":{"line":251,"column":57}}],"line":251}},"s":{"0":0,"1":0,"2":0,"3":0,"4":0,"5":0,"6":0,"7":0,"8":0,"9":0,"10":0,"11":0,"12":0,"13":0,"14":0,"15":0,"16":0,"17":0,"18":0,"19":0,"20":0,"21":0,"22":0,"23":0,"24":0,"25":0,"26":0,"27":0,"28":0,"29":0,"30":0,"31":0,"32":0,"33":0,"34":0,"35":0,"36":0,"37":0,"38":0,"39":0,"40":0,"41":0,"42":0,"43":0,"44":0,"45":0,"46":0,"47":0,"48":0,"49":0,"50":0,"51":0,"52":0,"53":0,"54":0,"55":0,"56":0,"57":0,"58":0,"59":0,"60":0,"61":0,"62":0,"63":0,"64":0,"65":0,"66":0,"67":0,"68":0,"69":0,"70":0,"71":0,"72":0,"73":0,"74":0,"75":0,"76":0,"77":0,"78":0,"79":0,"80":0,"81":0,"82":0},"f":{"0":0,"1":0,"2":0,"3":0,"4":0,"5":0},"b":{"0":[0,0],"1":[0,0],"2":[0,0],"3":[0,0],"4":[0,0],"5":[0,0],"6":[0,0],"7":[0,0],"8":[0,0],"9":[0,0],"10":[0,0],"11":[0,0],"12":[0,0,0],"13":[0,0],"14":[0,0,0],"15":[0,0],"16":[0,0],"17":[0,0],"18":[0,0],"19":[0,0],"20":[0,0],"21":[0,0],"22":[0,0],"23":[0,0],"24":[0,0],"25":[0,0],"26":[0,0],"27":[0,0],"28":[0,0],"29":[0,0],"30":[0,0],"31":[0,0],"32":[0,0],"33":[0,0],"34":[0,0]}}
,"/home/runner/work/ledger/ledger/frontend/src/presentation/screens/UserListScreen.tsx": {"path":"/home/runner/work/ledger/ledger/frontend/src/presentation/screens/UserListScreen.tsx","statementMap":{"0":{"start":{"line":26,"column":40},"end":{"line":215,"column":1}},"1":{"start":{"line":27,"column":21},"end":{"line":27,"column":36}},"2":{"start":{"line":28,"column":32},"end":{"line":28,"column":41}},"3":{"start":{"line":29,"column":17},"end":{"line":29,"column":36}},"4":{"start":{"line":30,"column":28},"end":{"line":30,"column":48}},"5":{"start":{"line":31,"column":32},"end":{"line":31,"column":46}},"6":{"start":{"line":32,"column":40},"end":{"line":32,"column":52}},"7":{"start":{"line":33,"column":38},"end":{"line":33,"column":50}},"8":{"start":{"line":36,"column":40},"end":{"line":36,"column":51}},"9":{"start":{"line":37,"column":38},"end":{"line":37,"column":49}},"10":{"start":{"line":38,"column":38},"end":{"line":38,"column":49}},"11":{"start":{"line":39,"column":32},"end":{"line":39,"column":44}},"12":{"start":{"line":42,"column":30},"end":{"line":42,"column":60}},"13":{"start":{"line":43,"column":36},"end":{"line":43,"column":68}},"14":{"start":{"line":46,"column":2},"end":{"line":53,"column":20}},"15":{"start":{"line":47,"column":18},"end":{"line":50,"column":11}},"16":{"start":{"line":48,"column":6},"end":{"line":48,"column":33}},"17":{"start":{"line":49,"column":6},"end":{"line":49,"column":24}},"18":{"start":{"line":52,"column":4},"end":{"line":52,"column":37}},"19":{"start":{"line":52,"column":17},"end":{"line":52,"column":36}},"20":{"start":{"line":55,"column":2},"end":{"line":57,"column":51}},"21":{"start":{"line":56,"column":4},"end":{"line":56,"column":16}},"22":{"start":{"line":59,"column":20},"end":{"line":91,"column":3}},"23":{"start":{"line":60,"column":4},"end":{"line":90,"column":5}},"24":{"start":{"line":61,"column":6},"end":{"line":61,"column":23}},"25":{"start":{"line":64,"column":21},"end":{"line":69,"column":8}},"26":{"start":{"line":71,"column":6},"end":{"line":73,"column":7}},"27":{"start":{"line":72,"column":8},"end":{"line":72,"column":51}},"28":{"start":{"line":75,"column":23},"end":{"line":75,"column":78}},"29":{"start":{"line":76,"column":6},"end":{"line":84,"column":7}},"30":{"start":{"line":78,"column":30},"end":{"line":78,"column":43}},"31":{"start":{"line":79,"column":8},"end":{"line":79,"column":43}},"32":{"start":{"line":80,"column":8},"end":{"line":80,"column":52}},"33":{"start":{"line":81,"column":8},"end":{"line":81,"column":48}},"34":{"start":{"line":82,"column":8},"end":{"line":82,"column":56}},"35":{"start":{"line":83,"column":8},"end":{"line":83,"column":49}},"36":{"start":{"line":86,"column":6},"end":{"line":86,"column":51}},"37":{"start":{"line":87,"column":6},"end":{"line":87,"column":51}},"38":{"start":{"line":89,"column":6},"end":{"line":89,"column":24}},"39":{"start":{"line":93,"column":21},"end":{"line":103,"column":3}},"40":{"start":{"line":94,"column":4},"end":{"line":101,"column":5}},"41":{"start":{"line":96,"column":6},"end":{"line":96,"column":57}},"42":{"start":{"line":99,"column":6},"end":{"line":99,"column":23}},"43":{"start":{"line":100,"column":6},"end":{"line":100,"column":26}},"44":{"start":{"line":102,"column":4},"end":{"line":102,"column":22}},"45":{"start":{"line":105,"column":27},"end":{"line":107,"column":3}},"46":{"start":{"line":106,"column":4},"end":{"line":106,"column":47}},"47":{"start":{"line":109,"column":27},"end":{"line":111,"column":3}},"48":{"start":{"line":110,"column":4},"end":{"line":110,"column":25}},"49":{"start":{"line":113,"column":26},"end":{"line":115,"column":3}},"50":{"start":{"line":114,"column":4},"end":{"line":114,"column":59}},"51":{"start":{"line":117,"column":24},"end":{"line":119,"column":3}},"52":{"start":{"line":118,"column":4},"end":{"line":118,"column":45}},"53":{"start":{"line":121,"column":25},"end":{"line":145,"column":3}},"54":{"start":{"line":122,"column":4},"end":{"line":144,"column":23}},"55":{"start":{"line":124,"column":21},"end":{"line":124,"column":45}},"56":{"start":{"line":147,"column":2},"end":{"line":154,"column":3}},"57":{"start":{"line":148,"column":4},"end":{"line":153,"column":6}},"58":{"start":{"line":156,"column":2},"end":{"line":214,"column":4}},"59":{"start":{"line":181,"column":25},"end":{"line":181,"column":43}},"60":{"start":{"line":186,"column":25},"end":{"line":186,"column":44}},"61":{"start":{"line":192,"column":32},"end":{"line":192,"column":50}},"62":{"start":{"line":217,"column":15},"end":{"line":304,"column":2}}},"fnMap":{"0":{"name":"(anonymous_0)","decl":{"start":{"line":26,"column":40},"end":{"line":26,"column":41}},"loc":{"start":{"line":26,"column":46},"end":{"line":215,"column":1}},"line":26},"1":{"name":"(anonymous_1)","decl":{"start":{"line":46,"column":12},"end":{"line":46,"column":13}},"loc":{"start":{"line":46,"column":18},"end":{"line":53,"column":3}},"line":46},"2":{"name":"(anonymous_2)","decl":{"start":{"line":47,"column":29},"end":{"line":47,"column":30}},"loc":{"start":{"line":47,"column":35},"end":{"line":50,"column":5}},"line":47},"3":{"name":"(anonymous_3)","decl":{"start":{"line":52,"column":11},"end":{"line":52,"column":12}},"loc":{"start":{"line":52,"column":17},"end":{"line":52,"column":36}},"line":52},"4":{"name":"(anonymous_4)","decl":{"start":{"line":55,"column":12},"end":{"line":55,"column":13}},"loc":{"start":{"line":55,"column":18},"end":{"line":57,"column":3}},"line":55},"5":{"name":"(anonymous_5)","decl":{"start":{"line":59,"column":20},"end":{"line":59,"column":21}},"loc":{"start":{"line":59,"column":32},"end":{"line":91,"column":3}},"line":59},"6":{"name":"(anonymous_6)","decl":{"start":{"line":93,"column":21},"end":{"line":93,"column":22}},"loc":{"start":{"line":93,"column":40},"end":{"line":103,"column":3}},"line":93},"7":{"name":"(anonymous_7)","decl":{"start":{"line":105,"column":27},"end":{"line":105,"column":28}},"loc":{"start":{"line":105,"column":69},"end":{"line":107,"column":3}},"line":105},"8":{"name":"(anonymous_8)","decl":{"start":{"line":109,"column":27},"end":{"line":109,"column":28}},"loc":{"start":{"line":109,"column":45},"end":{"line":111,"column":3}},"line":109},"9":{"name":"(anonymous_9)","decl":{"start":{"line":113,"column":26},"end":{"line":113,"column":27}},"loc":{"start":{"line":113,"column":46},"end":{"line":115,"column":3}},"line":113},"10":{"name":"(anonymous_10)","decl":{"start":{"line":117,"column":24},"end":{"line":117,"column":25}},"loc":{"start":{"line":117,"column":30},"end":{"line":119,"column":3}},"line":117},"11":{"name":"(anonymous_11)","decl":{"start":{"line":121,"column":25},"end":{"line":121,"column":26}},"loc":{"start":{"line":122,"column":4},"end":{"line":144,"column":23}},"line":122},"12":{"name":"(anonymous_12)","decl":{"start":{"line":124,"column":15},"end":{"line":124,"column":16}},"loc":{"start":{"line":124,"column":21},"end":{"line":124,"column":45}},"line":124},"13":{"name":"(anonymous_13)","decl":{"start":{"line":181,"column":19},"end":{"line":181,"column":20}},"loc":{"start":{"line":181,"column":25},"end":{"line":181,"column":43}},"line":181},"14":{"name":"(anonymous_14)","decl":{"start":{"line":186,"column":19},"end":{"line":186,"column":20}},"loc":{"start":{"line":186,"column":25},"end":{"line":186,"column":44}},"line":186},"15":{"name":"(anonymous_15)","decl":{"start":{"line":192,"column":22},"end":{"line":192,"column":23}},"loc":{"start":{"line":192,"column":32},"end":{"line":192,"column":50}},"line":192}},"branchMap":{"0":{"loc":{"start":{"line":71,"column":6},"end":{"line":73,"column":7}},"type":"if","locations":[{"start":{"line":71,"column":6},"end":{"line":73,"column":7}},{"start":{},"end":{}}],"line":71},"1":{"loc":{"start":{"line":76,"column":6},"end":{"line":84,"column":7}},"type":"if","locations":[{"start":{"line":76,"column":6},"end":{"line":84,"column":7}},{"start":{},"end":{}}],"line":76},"2":{"loc":{"start":{"line":76,"column":10},"end":{"line":76,"column":43}},"type":"binary-expr","locations":[{"start":{"line":76,"column":10},"end":{"line":76,"column":26}},{"start":{"line":76,"column":30},"end":{"line":76,"column":43}}],"line":76},"3":{"loc":{"start":{"line":79,"column":17},"end":{"line":79,"column":41}},"type":"binary-expr","locations":[{"start":{"line":79,"column":17},"end":{"line":79,"column":35}},{"start":{"line":79,"column":39},"end":{"line":79,"column":41}}],"line":79},"4":{"loc":{"start":{"line":80,"column":22},"end":{"line":80,"column":50}},"type":"binary-expr","locations":[{"start":{"line":80,"column":22},"end":{"line":80,"column":45}},{"start":{"line":80,"column":49},"end":{"line":80,"column":50}}],"line":80},"5":{"loc":{"start":{"line":81,"column":22},"end":{"line":81,"column":46}},"type":"binary-expr","locations":[{"start":{"line":81,"column":22},"end":{"line":81,"column":41}},{"start":{"line":81,"column":45},"end":{"line":81,"column":46}}],"line":81},"6":{"loc":{"start":{"line":82,"column":23},"end":{"line":82,"column":54}},"type":"binary-expr","locations":[{"start":{"line":82,"column":23},"end":{"line":82,"column":49}},{"start":{"line":82,"column":53},"end":{"line":82,"column":54}}],"line":82},"7":{"loc":{"start":{"line":83,"column":19},"end":{"line":83,"column":47}},"type":"binary-expr","locations":[{"start":{"line":83,"column":19},"end":{"line":83,"column":41}},{"start":{"line":83,"column":45},"end":{"line":83,"column":47}}],"line":83},"8":{"loc":{"start":{"line":94,"column":4},"end":{"line":101,"column":5}},"type":"if","locations":[{"start":{"line":94,"column":4},"end":{"line":101,"column":5}},{"start":{"line":97,"column":11},"end":{"line":101,"column":5}}],"line":94},"9":{"loc":{"start":{"line":96,"column":19},"end":{"line":96,"column":55}},"type":"cond-expr","locations":[{"start":{"line":96,"column":41},"end":{"line":96,"column":47}},{"start":{"line":96,"column":50},"end":{"line":96,"column":55}}],"line":96},"10":{"loc":{"start":{"line":106,"column":11},"end":{"line":106,"column":46}},"type":"cond-expr","locations":[{"start":{"line":106,"column":30},"end":{"line":106,"column":39}},{"start":{"line":106,"column":42},"end":{"line":106,"column":46}}],"line":106},"11":{"loc":{"start":{"line":126,"column":77},"end":{"line":126,"column":102}},"type":"binary-expr","locations":[{"start":{"line":126,"column":77},"end":{"line":126,"column":92}},{"start":{"line":126,"column":96},"end":{"line":126,"column":102}}],"line":126},"12":{"loc":{"start":{"line":126,"column":115},"end":{"line":126,"column":153}},"type":"cond-expr","locations":[{"start":{"line":126,"column":132},"end":{"line":126,"column":140}},{"start":{"line":126,"column":143},"end":{"line":126,"column":153}}],"line":126},"13":{"loc":{"start":{"line":133,"column":29},"end":{"line":133,"column":87}},"type":"cond-expr","locations":[{"start":{"line":133,"column":46},"end":{"line":133,"column":66}},{"start":{"line":133,"column":69},"end":{"line":133,"column":87}}],"line":133},"14":{"loc":{"start":{"line":136,"column":13},"end":{"line":136,"column":51}},"type":"cond-expr","locations":[{"start":{"line":136,"column":30},"end":{"line":136,"column":38}},{"start":{"line":136,"column":41},"end":{"line":136,"column":51}}],"line":136},"15":{"loc":{"start":{"line":141,"column":7},"end":{"line":143,"column":7}},"type":"binary-expr","locations":[{"start":{"line":141,"column":7},"end":{"line":141,"column":16}},{"start":{"line":142,"column":8},"end":{"line":142,"column":75}}],"line":141},"16":{"loc":{"start":{"line":147,"column":2},"end":{"line":154,"column":3}},"type":"if","locations":[{"start":{"line":147,"column":2},"end":{"line":154,"column":3}},{"start":{},"end":{}}],"line":147}},"s":{"0":0,"1":0,"2":0,"3":0,"4":0,"5":0,"6":0,"7":0,"8":0,"9":0,"10":0,"11":0,"12":0,"13":0,"14":0,"15":0,"16":0,"17":0,"18":0,"19":0,"20":0,"21":0,"22":0,"23":0,"24":0,"25":0,"26":0,"27":0,"28":0,"29":0,"30":0,"31":0,"32":0,"33":0,"34":0,"35":0,"36":0,"37":0,"38":0,"39":0,"40":0,"41":0,"42":0,"43":0,"44":0,"45":0,"46":0,"47":0,"48":0,"49":0,"50":0,"51":0,"52":0,"53":0,"54":0,"55":0,"56":0,"57":0,"58":0,"59":0,"60":0,"61":0,"62":0},"f":{"0":0,"1":0,"2":0,"3":0,"4":0,"5":0,"6":0,"7":0,"8":0,"9":0,"10":0,"11":0,"12":0,"13":0,"14":0,"15":0},"b":{"0":[0,0],"1":[0,0],"2":[0,0],"3":[0,0],"4":[0,0],"5":[0,0],"6":[0,0],"7":[0,0],"8":[0,0],"9":[0,0],"10":[0,0],"11":[0,0],"12":[0,0],"13":[0,0],"14":[0,0],"15":[0,0],"16":[0,0]}}
}
