TN:
SF:src/application/hooks/useNetworkStatus.ts
FN:24,(anonymous_0)
FN:39,(anonymous_1)
FN:41,(anonymous_2)
FN:58,(anonymous_3)
FN:67,(anonymous_4)
FN:75,(anonymous_5)
FN:78,(anonymous_6)
FN:91,(anonymous_7)
FN:99,(anonymous_8)
FN:115,(anonymous_9)
FN:131,(anonymous_10)
FN:138,(anonymous_11)
FN:139,(anonymous_12)
FN:145,(anonymous_13)
FN:172,(anonymous_14)
FNF:15
FNH:0
FNDA:0,(anonymous_0)
FNDA:0,(anonymous_1)
FNDA:0,(anonymous_2)
FNDA:0,(anonymous_3)
FNDA:0,(anonymous_4)
FNDA:0,(anonymous_5)
FNDA:0,(anonymous_6)
FNDA:0,(anonymous_7)
FNDA:0,(anonymous_8)
FNDA:0,(anonymous_9)
FNDA:0,(anonymous_10)
FNDA:0,(anonymous_11)
FNDA:0,(anonymous_12)
FNDA:0,(anonymous_13)
FNDA:0,(anonymous_14)
DA:24,0
DA:25,0
DA:32,0
DA:39,0
DA:41,0
DA:42,0
DA:44,0
DA:52,0
DA:53,0
DA:58,0
DA:59,0
DA:67,0
DA:68,0
DA:75,0
DA:76,0
DA:77,0
DA:78,0
DA:80,0
DA:81,0
DA:84,0
DA:91,0
DA:92,0
DA:93,0
DA:99,0
DA:101,0
DA:102,0
DA:104,0
DA:111,0
DA:113,0
DA:115,0
DA:121,0
DA:131,0
DA:132,0
DA:138,0
DA:139,0
DA:145,0
DA:146,0
DA:147,0
DA:150,0
DA:151,0
DA:154,0
DA:155,0
DA:158,0
DA:159,0
DA:160,0
DA:161,0
DA:162,0
DA:163,0
DA:166,0
DA:172,0
DA:173,0
DA:174,0
DA:175,0
DA:176,0
DA:177,0
DA:180,0
LF:56
LH:0
BRDA:42,0,0,0
BRDA:42,0,1,0
BRDA:45,1,0,0
BRDA:45,1,1,0
BRDA:52,2,0,0
BRDA:52,2,1,0
BRDA:52,3,0,0
BRDA:52,3,1,0
BRDA:60,4,0,0
BRDA:60,4,1,0
BRDA:63,5,0,0
BRDA:63,5,1,0
BRDA:80,6,0,0
BRDA:80,6,1,0
BRDA:80,7,0,0
BRDA:80,7,1,0
BRDA:92,8,0,0
BRDA:92,8,1,0
BRDA:108,9,0,0
BRDA:108,9,1,0
BRDA:113,10,0,0
BRDA:113,10,1,0
BRDA:146,11,0,0
BRDA:146,11,1,0
BRDA:150,12,0,0
BRDA:150,12,1,0
BRDA:154,13,0,0
BRDA:154,13,1,0
BRDA:155,14,0,0
BRDA:155,14,1,0
BRDA:158,15,0,0
BRDA:158,15,1,0
BRDA:160,16,0,0
BRDA:160,16,1,0
BRDA:161,17,0,0
BRDA:161,17,1,0
BRDA:173,18,0,0
BRDA:173,18,1,0
BRDA:174,19,0,0
BRDA:174,19,1,0
BRDA:175,20,0,0
BRDA:175,20,1,0
BRDA:176,21,0,0
BRDA:176,21,1,0
BRF:44
BRH:0
end_of_record
TN:
SF:src/application/services/AuthService.ts
FN:33,(anonymous_0)
FN:55,(anonymous_1)
FN:77,(anonymous_2)
FN:91,(anonymous_3)
FN:110,(anonymous_4)
FN:118,(anonymous_5)
FN:126,(anonymous_6)
FN:134,(anonymous_7)
FNF:8
FNH:8
FNDA:3,(anonymous_0)
FNDA:2,(anonymous_1)
FNDA:2,(anonymous_2)
FNDA:3,(anonymous_3)
FNDA:2,(anonymous_4)
FNDA:2,(anonymous_5)
FNDA:2,(anonymous_6)
FNDA:3,(anonymous_7)
DA:34,3
DA:35,3
DA:40,2
DA:42,1
DA:43,1
DA:46,1
DA:48,2
DA:56,2
DA:57,2
DA:62,2
DA:64,1
DA:65,1
DA:68,1
DA:70,1
DA:78,2
DA:79,2
DA:81,1
DA:84,2
DA:92,3
DA:93,3
DA:95,2
DA:96,1
DA:97,1
DA:100,1
DA:102,1
DA:103,1
DA:111,2
DA:112,2
DA:119,2
DA:120,2
DA:127,2
DA:128,2
DA:135,3
DA:136,3
DA:137,3
DA:139,1
DA:140,1
LF:37
LH:37
BRDA:40,0,0,1
BRDA:40,0,1,1
BRDA:40,1,0,2
BRDA:40,1,1,1
BRDA:46,2,0,1
BRDA:46,2,1,0
BRDA:62,3,0,1
BRDA:62,3,1,1
BRDA:62,4,0,2
BRDA:62,4,1,1
BRDA:68,5,0,1
BRDA:68,5,1,0
BRDA:95,6,0,1
BRDA:95,6,1,1
BRDA:95,7,0,2
BRDA:95,7,1,1
BRDA:137,8,0,2
BRDA:137,8,1,1
BRF:18
BRH:16
end_of_record
TN:
SF:src/application/services/ConflictResolutionService.ts
FN:26,(anonymous_0)
FN:34,(anonymous_1)
FN:65,(anonymous_2)
FN:79,(anonymous_3)
FN:132,(anonymous_4)
FN:147,(anonymous_5)
FN:167,(anonymous_6)
FN:179,(anonymous_7)
FN:193,(anonymous_8)
FN:216,(anonymous_9)
FNF:10
FNH:10
FNDA:4,(anonymous_0)
FNDA:3,(anonymous_1)
FNDA:1,(anonymous_2)
FNDA:8,(anonymous_3)
FNDA:1,(anonymous_4)
FNDA:1,(anonymous_5)
FNDA:2,(anonymous_6)
FNDA:2,(anonymous_7)
FNDA:13,(anonymous_8)
FNDA:6,(anonymous_9)
DA:27,4
DA:36,3
DA:37,1
DA:45,2
DA:46,1
DA:55,1
DA:68,1
DA:80,8
DA:83,8
DA:84,1
DA:87,8
DA:88,1
DA:92,8
DA:94,1
DA:95,1
DA:96,1
DA:97,1
DA:100,1
DA:101,1
DA:102,1
DA:103,1
DA:106,4
DA:107,4
DA:108,4
DA:111,1
DA:112,1
DA:113,1
DA:116,1
DA:117,1
DA:118,1
DA:119,1
DA:120,1
DA:123,8
DA:133,1
DA:148,1
DA:158,1
DA:168,2
DA:182,2
DA:183,2
DA:184,2
DA:185,2
DA:187,2
DA:195,13
DA:196,7
DA:200,6
DA:201,2
DA:205,4
DA:206,2
DA:210,2
DA:218,6
LF:50
LH:50
BRDA:36,0,0,1
BRDA:36,0,1,2
BRDA:45,1,0,1
BRDA:45,1,1,1
BRDA:83,2,0,1
BRDA:83,2,1,7
BRDA:83,3,0,8
BRDA:83,3,1,1
BRDA:87,4,0,1
BRDA:87,4,1,7
BRDA:87,5,0,8
BRDA:87,5,1,1
BRDA:92,6,0,1
BRDA:92,6,1,1
BRDA:92,6,2,4
BRDA:92,6,3,1
BRDA:92,6,4,1
BRDA:94,7,0,1
BRDA:94,7,1,0
BRDA:95,8,0,1
BRDA:95,8,1,0
BRDA:96,9,0,1
BRDA:96,9,1,0
BRDA:96,10,0,1
BRDA:96,10,1,0
BRDA:100,11,0,1
BRDA:100,11,1,0
BRDA:101,12,0,1
BRDA:101,12,1,0
BRDA:101,13,0,1
BRDA:101,13,1,0
BRDA:102,14,0,1
BRDA:102,14,1,0
BRDA:106,15,0,3
BRDA:106,15,1,1
BRDA:107,16,0,3
BRDA:107,16,1,1
BRDA:111,17,0,1
BRDA:111,17,1,0
BRDA:112,18,0,1
BRDA:112,18,1,0
BRDA:116,19,0,1
BRDA:116,19,1,0
BRDA:117,20,0,1
BRDA:117,20,1,0
BRDA:117,21,0,1
BRDA:117,21,1,0
BRDA:118,22,0,1
BRDA:118,22,1,0
BRDA:119,23,0,1
BRDA:119,23,1,0
BRDA:170,24,0,2
BRDA:170,24,1,1
BRDA:183,25,0,2
BRDA:183,25,1,0
BRDA:195,26,0,7
BRDA:195,26,1,6
BRDA:195,27,0,13
BRDA:195,27,1,9
BRDA:200,28,0,2
BRDA:200,28,1,4
BRDA:205,29,0,2
BRDA:205,29,1,2
BRF:63
BRH:47
end_of_record
TN:
SF:src/application/services/SyncService.ts
FN:18,(anonymous_0)
FN:25,(anonymous_1)
FN:62,(anonymous_2)
FN:123,(anonymous_3)
FN:134,(anonymous_4)
FN:157,(anonymous_5)
FN:180,(anonymous_6)
FN:200,(anonymous_7)
FN:221,(anonymous_8)
FN:242,(anonymous_9)
FN:263,(anonymous_10)
FN:284,(anonymous_11)
FN:305,(anonymous_12)
FN:332,(anonymous_13)
FNF:14
FNH:0
FNDA:0,(anonymous_0)
FNDA:0,(anonymous_1)
FNDA:0,(anonymous_2)
FNDA:0,(anonymous_3)
FNDA:0,(anonymous_4)
FNDA:0,(anonymous_5)
FNDA:0,(anonymous_6)
FNDA:0,(anonymous_7)
FNDA:0,(anonymous_8)
FNDA:0,(anonymous_9)
FNDA:0,(anonymous_10)
FNDA:0,(anonymous_11)
FNDA:0,(anonymous_12)
FNDA:0,(anonymous_13)
DA:12,0
DA:13,0
DA:19,0
DA:26,0
DA:27,0
DA:30,0
DA:31,0
DA:32,0
DA:34,0
DA:35,0
DA:37,0
DA:38,0
DA:39,0
DA:40,0
DA:41,0
DA:43,0
DA:44,0
DA:49,0
DA:50,0
DA:53,0
DA:55,0
DA:63,0
DA:64,0
DA:67,0
DA:68,0
DA:69,0
DA:73,0
DA:75,0
DA:78,0
DA:80,0
DA:81,0
DA:83,0
DA:84,0
DA:86,0
DA:87,0
DA:91,0
DA:92,0
DA:97,0
DA:98,0
DA:99,0
DA:108,0
DA:109,0
DA:111,0
DA:113,0
DA:114,0
DA:115,0
DA:119,0
DA:120,0
DA:121,0
DA:122,0
DA:123,0
DA:124,0
DA:126,0
DA:135,0
DA:136,0
DA:145,0
DA:146,0
DA:149,0
DA:150,0
DA:158,0
DA:160,0
DA:161,0
DA:163,0
DA:164,0
DA:166,0
DA:167,0
DA:169,0
DA:170,0
DA:172,0
DA:173,0
DA:181,0
DA:183,0
DA:185,0
DA:187,0
DA:189,0
DA:191,0
DA:193,0
DA:201,0
DA:202,0
DA:203,0
DA:204,0
DA:208,0
DA:209,0
DA:213,0
DA:214,0
DA:222,0
DA:223,0
DA:224,0
DA:225,0
DA:229,0
DA:230,0
DA:234,0
DA:235,0
DA:243,0
DA:244,0
DA:245,0
DA:246,0
DA:250,0
DA:251,0
DA:255,0
DA:256,0
DA:264,0
DA:265,0
DA:266,0
DA:267,0
DA:271,0
DA:272,0
DA:276,0
DA:277,0
DA:285,0
DA:286,0
DA:287,0
DA:288,0
DA:292,0
DA:293,0
DA:297,0
DA:298,0
DA:306,0
DA:308,0
DA:311,0
DA:312,0
DA:313,0
DA:314,0
DA:315,0
DA:317,0
DA:322,0
DA:333,0
DA:334,0
LF:128
LH:0
BRDA:26,0,0,0
BRDA:26,0,1,0
BRDA:49,1,0,0
BRDA:49,1,1,0
BRDA:68,2,0,0
BRDA:68,2,1,0
BRDA:78,3,0,0
BRDA:78,3,1,0
BRDA:78,3,2,0
BRDA:91,4,0,0
BRDA:91,4,1,0
BRDA:91,5,0,0
BRDA:91,5,1,0
BRDA:97,6,0,0
BRDA:97,6,1,0
BRDA:100,7,0,0
BRDA:100,7,1,0
BRDA:101,8,0,0
BRDA:101,8,1,0
BRDA:111,9,0,0
BRDA:111,9,1,0
BRDA:114,10,0,0
BRDA:114,10,1,0
BRDA:119,11,0,0
BRDA:119,11,1,0
BRDA:120,12,0,0
BRDA:120,12,1,0
BRDA:137,13,0,0
BRDA:137,13,1,0
BRDA:138,14,0,0
BRDA:138,14,1,0
BRDA:149,15,0,0
BRDA:149,15,1,0
BRDA:158,16,0,0
BRDA:158,16,1,0
BRDA:158,16,2,0
BRDA:158,16,3,0
BRDA:158,16,4,0
BRDA:181,17,0,0
BRDA:181,17,1,0
BRDA:181,17,2,0
BRDA:181,17,3,0
BRDA:181,17,4,0
BRDA:181,17,5,0
BRDA:203,18,0,0
BRDA:203,18,1,0
BRDA:203,19,0,0
BRDA:203,19,1,0
BRDA:204,20,0,0
BRDA:204,20,1,0
BRDA:206,21,0,0
BRDA:206,21,1,0
BRDA:206,22,0,0
BRDA:206,22,1,0
BRDA:208,23,0,0
BRDA:208,23,1,0
BRDA:224,24,0,0
BRDA:224,24,1,0
BRDA:224,25,0,0
BRDA:224,25,1,0
BRDA:225,26,0,0
BRDA:225,26,1,0
BRDA:227,27,0,0
BRDA:227,27,1,0
BRDA:227,28,0,0
BRDA:227,28,1,0
BRDA:229,29,0,0
BRDA:229,29,1,0
BRDA:245,30,0,0
BRDA:245,30,1,0
BRDA:245,31,0,0
BRDA:245,31,1,0
BRDA:246,32,0,0
BRDA:246,32,1,0
BRDA:248,33,0,0
BRDA:248,33,1,0
BRDA:248,34,0,0
BRDA:248,34,1,0
BRDA:250,35,0,0
BRDA:250,35,1,0
BRDA:266,36,0,0
BRDA:266,36,1,0
BRDA:266,37,0,0
BRDA:266,37,1,0
BRDA:267,38,0,0
BRDA:267,38,1,0
BRDA:269,39,0,0
BRDA:269,39,1,0
BRDA:269,40,0,0
BRDA:269,40,1,0
BRDA:271,41,0,0
BRDA:271,41,1,0
BRDA:287,42,0,0
BRDA:287,42,1,0
BRDA:287,43,0,0
BRDA:287,43,1,0
BRDA:288,44,0,0
BRDA:288,44,1,0
BRDA:290,45,0,0
BRDA:290,45,1,0
BRDA:290,46,0,0
BRDA:290,46,1,0
BRDA:292,47,0,0
BRDA:292,47,1,0
BRDA:324,48,0,0
BRDA:324,48,1,0
BRF:106
BRH:0
end_of_record
TN:
SF:src/core/constants/api.ts
FN:25,(anonymous_0)
FN:26,(anonymous_1)
FN:27,(anonymous_2)
FN:31,(anonymous_3)
FN:32,(anonymous_4)
FNF:5
FNH:0
FNDA:0,(anonymous_0)
FNDA:0,(anonymous_1)
FNDA:0,(anonymous_2)
FNDA:0,(anonymous_3)
FNDA:0,(anonymous_4)
DA:6,2
DA:9,2
DA:25,0
DA:26,0
DA:27,0
DA:31,0
DA:32,0
DA:45,2
DA:48,2
DA:49,2
LF:10
LH:5
BRDA:6,0,0,2
BRDA:6,0,1,2
BRF:2
BRH:2
end_of_record
TN:
SF:src/core/constants/colors.ts
FNF:0
FNH:0
DA:5,0
LF:1
LH:0
BRF:0
BRH:0
end_of_record
TN:
SF:src/core/constants/theme.ts
FN:165,(anonymous_0)
FNF:1
FNH:0
FNDA:0,(anonymous_0)
DA:7,2
DA:19,2
DA:45,2
DA:54,2
DA:86,2
DA:146,2
DA:155,2
DA:165,2
DA:166,0
DA:168,0
DA:170,0
DA:172,0
DA:174,0
DA:176,0
LF:14
LH:8
BRDA:166,0,0,0
BRDA:166,0,1,0
BRDA:166,0,2,0
BRDA:166,0,3,0
BRDA:166,0,4,0
BRF:5
BRH:0
end_of_record
TN:
SF:src/core/hooks/usePagination.ts
FN:30,(anonymous_0)
FN:44,(anonymous_1)
FN:51,(anonymous_2)
FN:56,(anonymous_3)
FN:62,(anonymous_4)
FN:68,(anonymous_5)
FNF:6
FNH:0
FNDA:0,(anonymous_0)
FNDA:0,(anonymous_1)
FNDA:0,(anonymous_2)
FNDA:0,(anonymous_3)
FNDA:0,(anonymous_4)
FNDA:0,(anonymous_5)
DA:30,0
DA:34,0
DA:36,0
DA:37,0
DA:40,0
DA:41,0
DA:44,0
DA:45,0
DA:46,0
DA:47,0
DA:51,0
DA:52,0
DA:53,0
DA:56,0
DA:57,0
DA:58,0
DA:62,0
DA:63,0
DA:64,0
DA:68,0
DA:69,0
DA:70,0
DA:73,0
LF:23
LH:0
BRDA:32,0,0,0
BRDA:34,1,0,0
BRDA:34,2,0,0
BRDA:57,3,0,0
BRDA:57,3,1,0
BRDA:63,4,0,0
BRDA:63,4,1,0
BRF:7
BRH:0
end_of_record
TN:
SF:src/core/hooks/useSort.ts
FN:21,(anonymous_0)
FN:27,(anonymous_1)
FN:32,(anonymous_2)
FN:51,(anonymous_3)
FN:65,(anonymous_4)
FNF:5
FNH:0
FNDA:0,(anonymous_0)
FNDA:0,(anonymous_1)
FNDA:0,(anonymous_2)
FNDA:0,(anonymous_3)
FNDA:0,(anonymous_4)
DA:21,0
DA:22,0
DA:27,0
DA:28,0
DA:29,0
DA:32,0
DA:33,0
DA:34,0
DA:36,0
DA:38,0
DA:39,0
DA:40,0
DA:41,0
DA:42,0
DA:45,0
DA:48,0
DA:51,0
DA:52,0
DA:54,0
DA:55,0
DA:56,0
DA:57,0
DA:58,0
DA:62,0
DA:65,0
DA:66,0
DA:67,0
DA:69,0
DA:72,0
LF:29
LH:0
BRDA:28,0,0,0
BRDA:28,0,1,0
BRDA:28,1,0,0
BRDA:28,1,1,0
BRDA:36,2,0,0
BRDA:36,2,1,0
BRDA:39,3,0,0
BRDA:39,3,1,0
BRDA:41,4,0,0
BRDA:41,4,1,0
BRDA:45,5,0,0
BRDA:45,5,1,0
BRDA:54,6,0,0
BRDA:54,6,1,0
BRDA:55,7,0,0
BRDA:55,7,1,0
BRDA:57,8,0,0
BRDA:57,8,1,0
BRDA:62,9,0,0
BRDA:62,9,1,0
BRDA:66,10,0,0
BRDA:66,10,1,0
BRF:22
BRH:0
end_of_record
TN:
SF:src/core/utils/permissions.ts
FN:64,(anonymous_0)
FN:81,(anonymous_1)
FN:86,(anonymous_2)
FN:92,(anonymous_3)
FN:97,(anonymous_4)
FN:103,(anonymous_5)
FN:114,(anonymous_6)
FN:126,(anonymous_7)
FN:130,(anonymous_8)
FN:134,(anonymous_9)
FN:138,(anonymous_10)
FN:145,(anonymous_11)
FN:156,(anonymous_12)
FN:163,(anonymous_13)
FN:170,(anonymous_14)
FN:177,(anonymous_15)
FNF:16
FNH:0
FNDA:0,(anonymous_0)
FNDA:0,(anonymous_1)
FNDA:0,(anonymous_2)
FNDA:0,(anonymous_3)
FNDA:0,(anonymous_4)
FNDA:0,(anonymous_5)
FNDA:0,(anonymous_6)
FNDA:0,(anonymous_7)
FNDA:0,(anonymous_8)
FNDA:0,(anonymous_9)
FNDA:0,(anonymous_10)
FNDA:0,(anonymous_11)
FNDA:0,(anonymous_12)
FNDA:0,(anonymous_13)
FNDA:0,(anonymous_14)
FNDA:0,(anonymous_15)
DA:9,0
DA:54,0
DA:64,0
DA:65,0
DA:66,0
DA:70,0
DA:71,0
DA:75,0
DA:81,0
DA:82,0
DA:83,0
DA:86,0
DA:92,0
DA:93,0
DA:94,0
DA:97,0
DA:103,0
DA:104,0
DA:105,0
DA:108,0
DA:114,0
DA:115,0
DA:116,0
DA:119,0
DA:126,0
DA:127,0
DA:130,0
DA:131,0
DA:134,0
DA:135,0
DA:138,0
DA:139,0
DA:145,0
DA:146,0
DA:147,0
DA:150,0
DA:156,0
DA:157,0
DA:163,0
DA:164,0
DA:170,0
DA:171,0
DA:177,0
DA:178,0
LF:44
LH:0
BRDA:65,0,0,0
BRDA:65,0,1,0
BRDA:65,1,0,0
BRDA:65,1,1,0
BRDA:70,2,0,0
BRDA:70,2,1,0
BRDA:75,3,0,0
BRDA:75,3,1,0
BRDA:82,4,0,0
BRDA:82,4,1,0
BRDA:82,5,0,0
BRDA:82,5,1,0
BRDA:93,6,0,0
BRDA:93,6,1,0
BRDA:93,7,0,0
BRDA:93,7,1,0
BRDA:104,8,0,0
BRDA:104,8,1,0
BRDA:104,9,0,0
BRDA:104,9,1,0
BRDA:115,10,0,0
BRDA:115,10,1,0
BRDA:115,11,0,0
BRDA:115,11,1,0
BRDA:146,12,0,0
BRDA:146,12,1,0
BRDA:146,13,0,0
BRDA:146,13,1,0
BRDA:150,14,0,0
BRDA:150,14,1,0
BRF:30
BRH:0
end_of_record
TN:
SF:src/domain/entities/Collection.ts
FNF:0
FNH:0
LF:0
LH:0
BRF:0
BRH:0
end_of_record
TN:
SF:src/domain/entities/Payment.ts
FNF:0
FNH:0
LF:0
LH:0
BRF:0
BRH:0
end_of_record
TN:
SF:src/domain/entities/Product.ts
FNF:0
FNH:0
LF:0
LH:0
BRF:0
BRH:0
end_of_record
TN:
SF:src/domain/entities/Role.ts
FNF:0
FNH:0
LF:0
LH:0
BRF:0
BRH:0
end_of_record
TN:
SF:src/domain/entities/Supplier.ts
FNF:0
FNH:0
LF:0
LH:0
BRF:0
BRH:0
end_of_record
TN:
SF:src/domain/entities/User.ts
FNF:0
FNH:0
LF:0
LH:0
BRF:0
BRH:0
end_of_record
TN:
SF:src/infrastructure/api/apiClient.ts
FN:27,(anonymous_0)
FN:43,(anonymous_1)
FN:46,(anonymous_2)
FN:53,(anonymous_3)
FN:60,(anonymous_4)
FN:63,(anonymous_5)
FN:77,(anonymous_6)
FN:98,(anonymous_7)
FN:119,(anonymous_8)
FN:131,(anonymous_9)
FN:155,(anonymous_10)
FN:179,(anonymous_11)
FN:201,(anonymous_12)
FN:210,(anonymous_13)
FN:216,(anonymous_14)
FN:238,(anonymous_15)
FN:264,(anonymous_16)
FN:288,(anonymous_17)
FNF:18
FNH:2
FNDA:1,(anonymous_0)
FNDA:1,(anonymous_1)
FNDA:0,(anonymous_2)
FNDA:0,(anonymous_3)
FNDA:0,(anonymous_4)
FNDA:0,(anonymous_5)
FNDA:0,(anonymous_6)
FNDA:0,(anonymous_7)
FNDA:0,(anonymous_8)
FNDA:0,(anonymous_9)
FNDA:0,(anonymous_10)
FNDA:0,(anonymous_11)
FNDA:0,(anonymous_12)
FNDA:0,(anonymous_13)
FNDA:0,(anonymous_14)
FNDA:0,(anonymous_15)
FNDA:0,(anonymous_16)
FNDA:0,(anonymous_17)
DA:12,1
DA:28,1
DA:37,1
DA:45,1
DA:47,0
DA:48,0
DA:49,0
DA:51,0
DA:54,0
DA:59,1
DA:61,0
DA:65,0
DA:66,0
DA:69,0
DA:78,0
DA:79,0
DA:80,0
DA:83,0
DA:84,0
DA:85,0
DA:91,0
DA:99,0
DA:100,0
DA:101,0
DA:104,0
DA:105,0
DA:106,0
DA:112,0
DA:120,0
DA:121,0
DA:122,0
DA:124,0
DA:132,0
DA:133,0
DA:134,0
DA:137,0
DA:139,0
DA:140,0
DA:141,0
DA:142,0
DA:148,0
DA:157,0
DA:163,0
DA:164,0
DA:165,0
DA:166,0
DA:167,0
DA:168,0
DA:173,0
DA:181,0
DA:182,0
DA:186,0
DA:195,0
DA:203,0
DA:210,0
DA:217,0
DA:219,0
DA:220,0
DA:221,0
DA:222,0
DA:223,0
DA:224,0
DA:226,0
DA:227,0
DA:228,0
DA:231,0
DA:239,0
DA:240,0
DA:241,0
DA:242,0
DA:243,0
DA:244,0
DA:246,0
DA:247,0
DA:248,0
DA:249,0
DA:250,0
DA:251,0
DA:252,0
DA:254,0
DA:256,0
DA:257,0
DA:265,0
DA:266,0
DA:267,0
DA:270,0
DA:271,0
DA:272,0
DA:273,0
DA:281,0
DA:289,0
DA:291,0
DA:295,0
DA:297,0
DA:303,0
LF:95
LH:5
BRDA:48,0,0,0
BRDA:48,0,1,0
BRDA:65,1,0,0
BRDA:65,1,1,0
BRDA:83,2,0,0
BRDA:83,2,1,0
BRDA:83,3,0,0
BRDA:83,3,1,0
BRDA:104,4,0,0
BRDA:104,4,1,0
BRDA:104,5,0,0
BRDA:104,5,1,0
BRDA:137,6,0,0
BRDA:137,6,1,0
BRDA:137,7,0,0
BRDA:137,7,1,0
BRDA:140,8,0,0
BRDA:140,8,1,0
BRDA:165,9,0,0
BRDA:165,9,1,0
BRDA:167,10,0,0
BRDA:167,10,1,0
BRDA:167,11,0,0
BRDA:167,11,1,0
BRDA:181,12,0,0
BRDA:181,12,1,0
BRDA:181,13,0,0
BRDA:181,13,1,0
BRDA:220,14,0,0
BRDA:220,14,1,0
BRDA:221,15,0,0
BRDA:221,15,1,0
BRDA:222,16,0,0
BRDA:222,16,1,0
BRDA:223,17,0,0
BRDA:223,17,1,0
BRDA:224,18,0,0
BRDA:224,18,1,0
BRDA:226,19,0,0
BRDA:226,19,1,0
BRDA:240,20,0,0
BRDA:240,20,1,0
BRDA:242,21,0,0
BRDA:242,21,1,0
BRDA:244,22,0,0
BRDA:244,22,1,0
BRDA:247,23,0,0
BRDA:247,23,1,0
BRDA:249,24,0,0
BRDA:249,24,1,0
BRDA:251,25,0,0
BRDA:251,25,1,0
BRDA:270,26,0,0
BRDA:270,26,1,0
BRDA:272,27,0,0
BRDA:272,27,1,0
BRDA:289,28,0,0
BRDA:289,28,1,0
BRDA:291,29,0,0
BRDA:291,29,1,0
BRDA:293,30,0,0
BRDA:293,30,1,0
BRDA:295,31,0,0
BRDA:295,31,1,0
BRDA:305,32,0,0
BRDA:305,32,1,0
BRF:66
BRH:0
end_of_record
TN:
SF:src/infrastructure/storage/LocalStorageService.ts
FN:25,(anonymous_0)
FN:44,(anonymous_1)
FN:62,(anonymous_2)
FN:71,(anonymous_3)
FN:165,(anonymous_4)
FN:178,(anonymous_5)
FN:186,(anonymous_6)
FN:195,(anonymous_7)
FN:208,(anonymous_8)
FN:218,(anonymous_9)
FN:245,(anonymous_10)
FN:253,(anonymous_11)
FN:260,(anonymous_12)
FN:266,(anonymous_13)
FN:291,(anonymous_14)
FN:299,(anonymous_15)
FN:306,(anonymous_16)
FN:312,(anonymous_17)
FN:339,(anonymous_18)
FN:360,(anonymous_19)
FN:367,(anonymous_20)
FN:373,(anonymous_21)
FN:401,(anonymous_22)
FN:409,(anonymous_23)
FN:416,(anonymous_24)
FN:422,(anonymous_25)
FN:448,(anonymous_26)
FN:456,(anonymous_27)
FN:463,(anonymous_28)
FN:469,(anonymous_29)
FNF:30
FNH:0
FNDA:0,(anonymous_0)
FNDA:0,(anonymous_1)
FNDA:0,(anonymous_2)
FNDA:0,(anonymous_3)
FNDA:0,(anonymous_4)
FNDA:0,(anonymous_5)
FNDA:0,(anonymous_6)
FNDA:0,(anonymous_7)
FNDA:0,(anonymous_8)
FNDA:0,(anonymous_9)
FNDA:0,(anonymous_10)
FNDA:0,(anonymous_11)
FNDA:0,(anonymous_12)
FNDA:0,(anonymous_13)
FNDA:0,(anonymous_14)
FNDA:0,(anonymous_15)
FNDA:0,(anonymous_16)
FNDA:0,(anonymous_17)
FNDA:0,(anonymous_18)
FNDA:0,(anonymous_19)
FNDA:0,(anonymous_20)
FNDA:0,(anonymous_21)
FNDA:0,(anonymous_22)
FNDA:0,(anonymous_23)
FNDA:0,(anonymous_24)
FNDA:0,(anonymous_25)
FNDA:0,(anonymous_26)
FNDA:0,(anonymous_27)
FNDA:0,(anonymous_28)
FNDA:0,(anonymous_29)
DA:18,1
DA:19,1
DA:20,1
DA:27,0
DA:28,0
DA:32,0
DA:33,0
DA:37,0
DA:38,0
DA:45,0
DA:46,0
DA:47,0
DA:48,0
DA:49,0
DA:51,0
DA:52,0
DA:53,0
DA:54,0
DA:55,0
DA:63,0
DA:64,0
DA:72,0
DA:73,0
DA:77,0
DA:89,0
DA:104,0
DA:117,0
DA:133,0
DA:147,0
DA:166,0
DA:167,0
DA:169,0
DA:179,0
DA:180,0
DA:182,0
DA:186,0
DA:196,0
DA:197,0
DA:199,0
DA:209,0
DA:210,0
DA:212,0
DA:219,0
DA:220,0
DA:222,0
DA:223,0
DA:246,0
DA:247,0
DA:249,0
DA:253,0
DA:254,0
DA:255,0
DA:257,0
DA:258,0
DA:260,0
DA:267,0
DA:268,0
DA:270,0
DA:271,0
DA:292,0
DA:293,0
DA:295,0
DA:299,0
DA:300,0
DA:301,0
DA:303,0
DA:304,0
DA:306,0
DA:313,0
DA:314,0
DA:316,0
DA:317,0
DA:340,0
DA:341,0
DA:344,0
DA:345,0
DA:348,0
DA:349,0
DA:351,0
DA:352,0
DA:353,0
DA:356,0
DA:358,0
DA:360,0
DA:361,0
DA:362,0
DA:364,0
DA:365,0
DA:367,0
DA:374,0
DA:375,0
DA:377,0
DA:378,0
DA:402,0
DA:403,0
DA:405,0
DA:409,0
DA:410,0
DA:411,0
DA:413,0
DA:414,0
DA:416,0
DA:423,0
DA:424,0
DA:426,0
DA:427,0
DA:449,0
DA:450,0
DA:452,0
DA:456,0
DA:457,0
DA:458,0
DA:460,0
DA:461,0
DA:463,0
DA:470,0
DA:471,0
DA:473,0
LF:118
LH:3
BRDA:27,0,0,0
BRDA:27,0,1,0
BRDA:27,1,0,0
BRDA:27,1,1,0
BRDA:32,2,0,0
BRDA:32,2,1,0
BRDA:63,3,0,0
BRDA:63,3,1,0
BRDA:63,4,0,0
BRDA:63,4,1,0
BRDA:72,5,0,0
BRDA:72,5,1,0
BRDA:167,6,0,0
BRDA:167,6,1,0
BRDA:180,7,0,0
BRDA:180,7,1,0
BRDA:188,8,0,0
BRDA:188,8,1,0
BRDA:197,9,0,0
BRDA:197,9,1,0
BRDA:210,10,0,0
BRDA:210,10,1,0
BRDA:220,11,0,0
BRDA:220,11,1,0
BRDA:234,12,0,0
BRDA:234,12,1,0
BRDA:247,13,0,0
BRDA:247,13,1,0
BRDA:255,14,0,0
BRDA:255,14,1,0
BRDA:268,15,0,0
BRDA:268,15,1,0
BRDA:280,16,0,0
BRDA:280,16,1,0
BRDA:293,17,0,0
BRDA:293,17,1,0
BRDA:301,18,0,0
BRDA:301,18,1,0
BRDA:314,19,0,0
BRDA:314,19,1,0
BRDA:328,20,0,0
BRDA:328,20,1,0
BRDA:341,21,0,0
BRDA:341,21,1,0
BRDA:344,22,0,0
BRDA:344,22,1,0
BRDA:344,23,0,0
BRDA:344,23,1,0
BRDA:344,23,2,0
BRDA:351,24,0,0
BRDA:351,24,1,0
BRDA:362,25,0,0
BRDA:362,25,1,0
BRDA:375,26,0,0
BRDA:375,26,1,0
BRDA:403,27,0,0
BRDA:403,27,1,0
BRDA:411,28,0,0
BRDA:411,28,1,0
BRDA:424,29,0,0
BRDA:424,29,1,0
BRDA:450,30,0,0
BRDA:450,30,1,0
BRDA:458,31,0,0
BRDA:458,31,1,0
BRDA:471,32,0,0
BRDA:471,32,1,0
BRF:67
BRH:0
end_of_record
TN:
SF:src/presentation/components/Button.tsx
FN:34,(anonymous_0)
FN:49,(anonymous_1)
FN:78,(anonymous_2)
FN:102,(anonymous_3)
FNF:4
FNH:0
FNDA:0,(anonymous_0)
FNDA:0,(anonymous_1)
FNDA:0,(anonymous_2)
FNDA:0,(anonymous_3)
DA:34,0
DA:47,0
DA:49,0
DA:50,0
DA:52,0
DA:56,0
DA:60,0
DA:64,0
DA:68,0
DA:74,0
DA:78,0
DA:79,0
DA:81,0
DA:87,0
DA:94,0
DA:102,0
DA:103,0
DA:104,0
DA:106,0
DA:109,0
DA:111,0
DA:154,0
LF:22
LH:0
BRDA:37,0,0,0
BRDA:38,1,0,0
BRDA:39,2,0,0
BRDA:40,3,0,0
BRDA:43,4,0,0
BRDA:47,5,0,0
BRDA:47,5,1,0
BRDA:50,6,0,0
BRDA:50,6,1,0
BRDA:50,6,2,0
BRDA:50,6,3,0
BRDA:50,6,4,0
BRDA:50,6,5,0
BRDA:53,7,0,0
BRDA:53,7,1,0
BRDA:57,8,0,0
BRDA:57,8,1,0
BRDA:61,9,0,0
BRDA:61,9,1,0
BRDA:65,10,0,0
BRDA:65,10,1,0
BRDA:71,11,0,0
BRDA:71,11,1,0
BRDA:79,12,0,0
BRDA:79,12,1,0
BRDA:79,12,2,0
BRDA:79,12,3,0
BRDA:103,13,0,0
BRDA:103,13,1,0
BRDA:104,14,0,0
BRDA:104,14,1,0
BRDA:120,15,0,0
BRDA:120,15,1,0
BRDA:127,16,0,0
BRDA:127,16,1,0
BRDA:131,17,0,0
BRDA:131,17,1,0
BRDA:134,18,0,0
BRDA:134,18,1,0
BRF:39
BRH:0
end_of_record
TN:
SF:src/presentation/components/Card.tsx
FN:15,(anonymous_0)
FNF:1
FNH:0
FNDA:0,(anonymous_0)
DA:15,0
DA:16,0
DA:23,0
LF:3
LH:0
BRF:0
BRH:0
end_of_record
TN:
SF:src/presentation/components/ConflictNotification.tsx
FN:27,(anonymous_0)
FN:65,(anonymous_1)
FN:77,(anonymous_2)
FNF:3
FNH:0
FNDA:0,(anonymous_0)
FNDA:0,(anonymous_1)
FNDA:0,(anonymous_2)
DA:27,0
DA:33,0
DA:35,0
DA:66,0
DA:78,0
DA:118,0
LF:6
LH:0
BRDA:33,0,0,0
BRDA:33,0,1,0
BRDA:62,1,0,0
BRDA:62,1,1,0
BRDA:74,2,0,0
BRDA:74,2,1,0
BRDA:96,3,0,0
BRDA:96,3,1,0
BRF:8
BRH:0
end_of_record
TN:
SF:src/presentation/components/DateTimePicker.tsx
FN:34,(anonymous_0)
FN:51,(anonymous_1)
FN:63,(anonymous_2)
FN:84,(anonymous_3)
FN:103,(anonymous_4)
FN:108,(anonymous_5)
FN:114,(anonymous_6)
FNF:7
FNH:0
FNDA:0,(anonymous_0)
FNDA:0,(anonymous_1)
FNDA:0,(anonymous_2)
FNDA:0,(anonymous_3)
FNDA:0,(anonymous_4)
FNDA:0,(anonymous_5)
FNDA:0,(anonymous_6)
DA:34,0
DA:48,0
DA:51,0
DA:52,0
DA:53,0
DA:56,0
DA:57,0
DA:60,0
DA:63,0
DA:64,0
DA:65,0
DA:68,0
DA:69,0
DA:70,0
DA:71,0
DA:78,0
DA:82,0
DA:84,0
DA:86,0
DA:87,0
DA:90,0
DA:91,0
DA:92,0
DA:95,0
DA:96,0
DA:97,0
DA:101,0
DA:103,0
DA:108,0
DA:109,0
DA:110,0
DA:114,0
DA:115,0
DA:118,0
DA:189,0
LF:35
LH:0
BRDA:38,0,0,0
BRDA:39,1,0,0
BRDA:41,2,0,0
BRDA:52,3,0,0
BRDA:52,3,1,0
BRDA:57,4,0,0
BRDA:57,4,1,0
BRDA:64,5,0,0
BRDA:64,5,1,0
BRDA:64,6,0,0
BRDA:64,6,1,0
BRDA:68,7,0,0
BRDA:68,7,1,0
BRDA:70,8,0,0
BRDA:70,8,1,0
BRDA:82,9,0,0
BRDA:82,9,1,0
BRDA:86,10,0,0
BRDA:86,10,1,0
BRDA:90,11,0,0
BRDA:90,11,1,0
BRDA:95,12,0,0
BRDA:95,12,1,0
BRDA:101,13,0,0
BRDA:101,13,1,0
BRDA:101,14,0,0
BRDA:101,14,1,0
BRDA:109,15,0,0
BRDA:109,15,1,0
BRDA:120,16,0,0
BRDA:120,16,1,0
BRDA:121,17,0,0
BRDA:121,17,1,0
BRDA:131,18,0,0
BRDA:131,18,1,0
BRDA:132,19,0,0
BRDA:132,19,1,0
BRDA:138,20,0,0
BRDA:138,20,1,0
BRDA:139,21,0,0
BRDA:139,21,1,0
BRDA:141,22,0,0
BRDA:141,22,1,0
BRDA:148,23,0,0
BRDA:148,23,1,0
BRDA:153,24,0,0
BRDA:153,24,1,0
BRDA:155,25,0,0
BRDA:155,25,1,0
BRDA:173,26,0,0
BRDA:173,26,1,0
BRF:51
BRH:0
end_of_record
TN:
SF:src/presentation/components/DetailActionButtons.tsx
FN:19,(anonymous_0)
FNF:1
FNH:0
FNDA:0,(anonymous_0)
DA:19,0
DA:27,0
DA:28,0
DA:31,0
DA:59,0
LF:5
LH:0
BRDA:24,0,0,0
BRDA:25,1,0,0
BRDA:27,2,0,0
BRDA:27,2,1,0
BRDA:27,3,0,0
BRDA:27,3,1,0
BRDA:33,4,0,0
BRDA:33,4,1,0
BRDA:44,5,0,0
BRDA:44,5,1,0
BRF:10
BRH:0
end_of_record
TN:
SF:src/presentation/components/EmptyState.tsx
FN:16,(anonymous_0)
FNF:1
FNH:0
FNDA:0,(anonymous_0)
DA:16,0
DA:21,0
DA:29,0
LF:3
LH:0
BRDA:18,0,0,0
BRF:1
BRH:0
end_of_record
TN:
SF:src/presentation/components/ErrorMessage.tsx
FN:16,(anonymous_0)
FNF:1
FNH:0
FNDA:0,(anonymous_0)
DA:16,0
DA:21,0
DA:34,0
LF:3
LH:0
BRDA:25,0,0,0
BRDA:25,0,1,0
BRF:2
BRH:0
end_of_record
TN:
SF:src/presentation/components/Header.tsx
FN:29,(anonymous_0)
FN:44,(anonymous_1)
FNF:2
FNH:0
FNDA:0,(anonymous_0)
FNDA:0,(anonymous_1)
DA:29,0
DA:41,0
DA:42,0
DA:44,0
DA:45,0
DA:46,0
DA:48,0
DA:52,0
DA:54,0
DA:125,0
DA:127,0
LF:11
LH:0
BRDA:32,0,0,0
BRDA:34,1,0,0
BRDA:37,2,0,0
BRDA:39,3,0,0
BRDA:45,4,0,0
BRDA:45,4,1,0
BRDA:60,5,0,0
BRDA:60,5,1,0
BRDA:66,6,0,0
BRDA:66,6,1,0
BRDA:76,7,0,0
BRDA:76,7,1,0
BRDA:86,8,0,0
BRDA:86,8,1,0
BRDA:92,9,0,0
BRDA:92,9,1,0
BRDA:95,10,0,0
BRDA:95,10,1,0
BRDA:101,11,0,0
BRDA:101,11,1,0
BRDA:101,11,2,0
BRDA:104,12,0,0
BRDA:104,12,1,0
BRDA:104,12,2,0
BRF:24
BRH:0
end_of_record
TN:
SF:src/presentation/components/Input.tsx
FN:25,(anonymous_0)
FNF:1
FNH:0
FNDA:0,(anonymous_0)
DA:25,0
DA:34,0
DA:54,0
LF:3
LH:0
BRDA:36,0,0,0
BRDA:36,0,1,0
BRDA:40,1,0,0
BRDA:40,1,1,0
BRDA:44,2,0,0
BRDA:44,2,1,0
BRDA:44,2,2,0
BRDA:49,3,0,0
BRDA:49,3,1,0
BRF:9
BRH:0
end_of_record
TN:
SF:src/presentation/components/ListScreenHeader.tsx
FN:25,(anonymous_0)
FNF:1
FNH:0
FNDA:0,(anonymous_0)
DA:25,0
DA:32,0
DA:34,0
DA:59,0
LF:4
LH:0
BRDA:28,0,0,0
BRDA:29,1,0,0
BRDA:45,2,0,0
BRDA:45,2,1,0
BRDA:45,2,2,0
BRF:5
BRH:0
end_of_record
TN:
SF:src/presentation/components/Loading.tsx
FN:16,(anonymous_0)
FNF:1
FNH:0
FNDA:0,(anonymous_0)
DA:16,0
DA:21,0
DA:29,0
LF:3
LH:0
BRDA:17,0,0,0
BRDA:18,1,0,0
BRDA:24,2,0,0
BRDA:24,2,1,0
BRF:4
BRH:0
end_of_record
TN:
SF:src/presentation/components/Pagination.tsx
FN:20,(anonymous_0)
FN:45,(anonymous_1)
FN:66,(anonymous_2)
FNF:3
FNH:3
FNDA:13,(anonymous_0)
FNDA:1,(anonymous_1)
FNDA:1,(anonymous_2)
DA:20,1
DA:29,13
DA:30,1
DA:33,12
DA:34,12
DA:36,12
DA:45,1
DA:66,1
DA:82,1
LF:9
LH:9
BRDA:29,0,0,1
BRDA:29,0,1,12
BRDA:44,1,0,12
BRDA:44,1,1,6
BRDA:52,2,0,12
BRDA:52,2,1,6
BRDA:65,3,0,12
BRDA:65,3,1,3
BRDA:73,4,0,12
BRDA:73,4,1,3
BRF:10
BRH:10
end_of_record
TN:
SF:src/presentation/components/ProductActionButtons.tsx
FN:17,(anonymous_0)
FNF:1
FNH:0
FNDA:0,(anonymous_0)
DA:17,0
DA:23,0
DA:24,0
DA:27,0
DA:44,0
LF:5
LH:0
BRDA:23,0,0,0
BRDA:23,0,1,0
BRDA:23,1,0,0
BRDA:23,1,1,0
BRDA:29,2,0,0
BRDA:29,2,1,0
BRDA:35,3,0,0
BRDA:35,3,1,0
BRF:8
BRH:0
end_of_record
TN:
SF:src/presentation/components/ProductInfo.tsx
FN:16,(anonymous_0)
FN:57,(anonymous_1)
FNF:2
FNH:0
FNDA:0,(anonymous_0)
FNDA:0,(anonymous_1)
DA:16,0
DA:17,0
DA:57,0
DA:58,0
DA:66,0
LF:5
LH:0
BRDA:23,0,0,0
BRDA:23,0,1,0
BRDA:27,1,0,0
BRDA:27,1,1,0
BRDA:34,2,0,0
BRDA:34,2,1,0
BRDA:43,3,0,0
BRDA:43,3,1,0
BRF:8
BRH:0
end_of_record
TN:
SF:src/presentation/components/RateInfo.tsx
FN:17,(anonymous_0)
FNF:1
FNH:0
FNDA:0,(anonymous_0)
DA:17,0
DA:21,0
DA:60,0
LF:3
LH:0
BRDA:40,0,0,0
BRDA:40,0,1,0
BRF:2
BRH:0
end_of_record
TN:
SF:src/presentation/components/SearchableSelector.tsx
FN:41,(anonymous_0)
FN:62,(anonymous_1)
FN:69,(anonymous_2)
FN:72,(anonymous_3)
FN:76,(anonymous_4)
FN:80,(anonymous_5)
FN:86,(anonymous_6)
FN:91,(anonymous_7)
FN:107,(anonymous_8)
FN:130,(anonymous_9)
FN:148,(anonymous_10)
FN:155,(anonymous_11)
FN:163,(anonymous_12)
FN:170,(anonymous_13)
FN:191,(anonymous_14)
FN:209,(anonymous_15)
FN:217,(anonymous_16)
FN:244,(anonymous_17)
FN:245,(anonymous_18)
FNF:19
FNH:0
FNDA:0,(anonymous_0)
FNDA:0,(anonymous_1)
FNDA:0,(anonymous_2)
FNDA:0,(anonymous_3)
FNDA:0,(anonymous_4)
FNDA:0,(anonymous_5)
FNDA:0,(anonymous_6)
FNDA:0,(anonymous_7)
FNDA:0,(anonymous_8)
FNDA:0,(anonymous_9)
FNDA:0,(anonymous_10)
FNDA:0,(anonymous_11)
FNDA:0,(anonymous_12)
FNDA:0,(anonymous_13)
FNDA:0,(anonymous_14)
FNDA:0,(anonymous_15)
FNDA:0,(anonymous_16)
FNDA:0,(anonymous_17)
FNDA:0,(anonymous_18)
DA:41,0
DA:53,0
DA:54,0
DA:55,0
DA:56,0
DA:57,0
DA:58,0
DA:59,0
DA:62,0
DA:63,0
DA:64,0
DA:69,0
DA:70,0
DA:72,0
DA:73,0
DA:76,0
DA:80,0
DA:81,0
DA:82,0
DA:86,0
DA:87,0
DA:89,0
DA:91,0
DA:92,0
DA:93,0
DA:94,0
DA:98,0
DA:99,0
DA:100,0
DA:103,0
DA:107,0
DA:108,0
DA:109,0
DA:110,0
DA:116,0
DA:117,0
DA:120,0
DA:122,0
DA:124,0
DA:125,0
DA:127,0
DA:128,0
DA:130,0
DA:134,0
DA:135,0
DA:136,0
DA:138,0
DA:142,0
DA:144,0
DA:148,0
DA:149,0
DA:150,0
DA:151,0
DA:152,0
DA:155,0
DA:156,0
DA:157,0
DA:158,0
DA:159,0
DA:163,0
DA:164,0
DA:170,0
DA:181,0
DA:191,0
DA:209,0
DA:217,0
DA:244,0
DA:246,0
DA:271,0
LF:69
LH:0
BRDA:43,0,0,0
BRDA:47,1,0,0
BRDA:50,2,0,0
BRDA:51,3,0,0
BRDA:63,4,0,0
BRDA:63,4,1,0
BRDA:70,5,0,0
BRDA:70,5,1,0
BRDA:81,6,0,0
BRDA:81,6,1,0
BRDA:81,7,0,0
BRDA:81,7,1,0
BRDA:87,8,0,0
BRDA:87,8,1,0
BRDA:92,9,0,0
BRDA:92,9,1,0
BRDA:99,10,0,0
BRDA:99,10,1,0
BRDA:99,11,0,0
BRDA:99,11,1,0
BRDA:116,12,0,0
BRDA:116,12,1,0
BRDA:122,13,0,0
BRDA:122,13,1,0
BRDA:122,14,0,0
BRDA:122,14,1,0
BRDA:124,15,0,0
BRDA:124,15,1,0
BRDA:125,16,0,0
BRDA:125,16,1,0
BRDA:127,17,0,0
BRDA:127,17,1,0
BRDA:134,18,0,0
BRDA:134,18,1,0
BRDA:135,19,0,0
BRDA:135,19,1,0
BRDA:135,20,0,0
BRDA:135,20,1,0
BRDA:156,21,0,0
BRDA:156,21,1,0
BRDA:156,22,0,0
BRDA:156,22,1,0
BRDA:168,23,0,0
BRDA:168,23,1,0
BRDA:174,24,0,0
BRDA:174,24,1,0
BRDA:188,25,0,0
BRDA:188,25,1,0
BRDA:189,26,0,0
BRDA:189,26,1,0
BRDA:191,27,0,0
BRDA:191,27,1,0
BRDA:196,28,0,0
BRDA:196,28,1,0
BRDA:198,29,0,0
BRDA:198,29,1,0
BRDA:203,30,0,0
BRDA:203,30,1,0
BRDA:236,31,0,0
BRDA:236,31,1,0
BRDA:236,32,0,0
BRDA:236,32,1,0
BRDA:246,33,0,0
BRDA:246,33,1,0
BRDA:251,34,0,0
BRDA:251,34,1,0
BRDA:251,35,0,0
BRDA:251,35,1,0
BRF:68
BRH:0
end_of_record
TN:
SF:src/presentation/components/SortButton.tsx
FN:18,(anonymous_0)
FN:19,(anonymous_1)
FNF:2
FNH:2
FNDA:13,(anonymous_0)
FNDA:13,(anonymous_1)
DA:18,1
DA:19,13
DA:20,13
DA:21,7
DA:24,13
DA:40,1
LF:6
LH:6
BRDA:20,0,0,6
BRDA:20,0,1,7
BRDA:21,1,0,4
BRDA:21,1,1,3
BRDA:30,2,0,7
BRDA:30,2,1,6
BRDA:30,3,0,4
BRDA:30,3,1,3
BRDA:33,4,0,13
BRDA:33,4,1,7
BRF:10
BRH:10
end_of_record
TN:
SF:src/presentation/components/SupplierBalanceInfo.tsx
FN:25,(anonymous_0)
FN:30,(anonymous_1)
FNF:2
FNH:0
FNDA:0,(anonymous_0)
FNDA:0,(anonymous_1)
DA:25,0
DA:30,0
DA:31,0
DA:34,0
DA:97,0
LF:5
LH:0
BRDA:59,0,0,0
BRDA:59,0,1,0
BRDA:66,1,0,0
BRDA:66,1,1,0
BRDA:66,1,2,0
BRDA:70,2,0,0
BRDA:70,2,1,0
BRDA:80,3,0,0
BRDA:80,3,1,0
BRF:9
BRH:0
end_of_record
TN:
SF:src/presentation/components/SupplierInfo.tsx
FN:16,(anonymous_0)
FNF:1
FNH:0
FNDA:0,(anonymous_0)
DA:16,0
DA:17,0
DA:81,0
LF:3
LH:0
BRDA:31,0,0,0
BRDA:31,0,1,0
BRDA:38,1,0,0
BRDA:38,1,1,0
BRDA:45,2,0,0
BRDA:45,2,1,0
BRDA:52,3,0,0
BRDA:52,3,1,0
BRDA:59,4,0,0
BRDA:59,4,1,0
BRDA:71,5,0,0
BRDA:71,5,1,0
BRDA:74,6,0,0
BRDA:74,6,1,0
BRF:14
BRH:0
end_of_record
TN:
SF:src/presentation/components/SyncStatusIndicator.tsx
FN:18,(anonymous_0)
FN:30,(anonymous_1)
FN:35,(anonymous_2)
FNF:3
FNH:0
FNDA:0,(anonymous_0)
FNDA:0,(anonymous_1)
FNDA:0,(anonymous_2)
DA:18,0
DA:28,0
DA:30,0
DA:31,0
DA:32,0
DA:35,0
DA:36,0
DA:37,0
DA:38,0
DA:39,0
DA:42,0
DA:92,0
LF:12
LH:0
BRDA:19,0,0,0
BRDA:36,1,0,0
BRDA:36,1,1,0
BRDA:37,2,0,0
BRDA:37,2,1,0
BRDA:38,3,0,0
BRDA:38,3,1,0
BRDA:46,4,0,0
BRDA:46,4,1,0
BRDA:57,5,0,0
BRDA:57,5,1,0
BRDA:64,6,0,0
BRDA:64,6,1,0
BRDA:64,6,2,0
BRDA:76,7,0,0
BRDA:76,7,1,0
BRDA:83,8,0,0
BRDA:83,8,1,0
BRDA:83,8,2,0
BRF:19
BRH:0
end_of_record
TN:
SF:src/presentation/contexts/AuthContext.tsx
FN:27,(anonymous_0)
FN:33,(anonymous_1)
FN:37,(anonymous_2)
FN:58,(anonymous_3)
FN:68,(anonymous_4)
FN:78,(anonymous_5)
FN:89,(anonymous_6)
FN:117,(anonymous_7)
FNF:8
FNH:0
FNDA:0,(anonymous_0)
FNDA:0,(anonymous_1)
FNDA:0,(anonymous_2)
FNDA:0,(anonymous_3)
FNDA:0,(anonymous_4)
FNDA:0,(anonymous_5)
FNDA:0,(anonymous_6)
FNDA:0,(anonymous_7)
DA:21,0
DA:27,0
DA:28,0
DA:29,0
DA:30,0
DA:33,0
DA:34,0
DA:37,0
DA:38,0
DA:39,0
DA:40,0
DA:42,0
DA:43,0
DA:44,0
DA:45,0
DA:46,0
DA:48,0
DA:52,0
DA:54,0
DA:58,0
DA:59,0
DA:60,0
DA:61,0
DA:62,0
DA:64,0
DA:68,0
DA:69,0
DA:70,0
DA:71,0
DA:72,0
DA:74,0
DA:78,0
DA:79,0
DA:80,0
DA:82,0
DA:84,0
DA:85,0
DA:89,0
DA:90,0
DA:91,0
DA:92,0
DA:93,0
DA:96,0
DA:100,0
DA:117,0
DA:118,0
DA:119,0
DA:120,0
DA:122,0
LF:49
LH:0
BRDA:42,0,0,0
BRDA:42,0,1,0
BRDA:44,1,0,0
BRDA:44,1,1,0
BRDA:92,2,0,0
BRDA:92,2,1,0
BRDA:119,3,0,0
BRDA:119,3,1,0
BRF:8
BRH:0
end_of_record
TN:
SF:src/presentation/hooks/useCollection.ts
FN:18,(anonymous_0)
FN:23,(anonymous_1)
FN:46,(anonymous_2)
FNF:3
FNH:0
FNDA:0,(anonymous_0)
FNDA:0,(anonymous_1)
FNDA:0,(anonymous_2)
DA:18,0
DA:19,0
DA:20,0
DA:21,0
DA:23,0
DA:24,0
DA:25,0
DA:26,0
DA:29,0
DA:30,0
DA:31,0
DA:32,0
DA:33,0
DA:34,0
DA:37,0
DA:38,0
DA:39,0
DA:40,0
DA:42,0
DA:46,0
DA:47,0
DA:50,0
LF:22
LH:0
BRDA:24,0,0,0
BRDA:24,0,1,0
BRDA:33,1,0,0
BRDA:33,1,1,0
BRDA:33,2,0,0
BRDA:33,2,1,0
BRF:6
BRH:0
end_of_record
TN:
SF:src/presentation/hooks/usePayment.ts
FN:18,(anonymous_0)
FN:23,(anonymous_1)
FN:46,(anonymous_2)
FNF:3
FNH:0
FNDA:0,(anonymous_0)
FNDA:0,(anonymous_1)
FNDA:0,(anonymous_2)
DA:18,0
DA:19,0
DA:20,0
DA:21,0
DA:23,0
DA:24,0
DA:25,0
DA:26,0
DA:29,0
DA:30,0
DA:31,0
DA:32,0
DA:33,0
DA:34,0
DA:37,0
DA:38,0
DA:39,0
DA:40,0
DA:42,0
DA:46,0
DA:47,0
DA:50,0
LF:22
LH:0
BRDA:24,0,0,0
BRDA:24,0,1,0
BRDA:33,1,0,0
BRDA:33,1,1,0
BRDA:33,2,0,0
BRDA:33,2,1,0
BRF:6
BRH:0
end_of_record
TN:
SF:src/presentation/hooks/useProduct.ts
FN:18,(anonymous_0)
FN:23,(anonymous_1)
FN:47,(anonymous_2)
FNF:3
FNH:0
FNDA:0,(anonymous_0)
FNDA:0,(anonymous_1)
FNDA:0,(anonymous_2)
DA:18,0
DA:19,0
DA:20,0
DA:21,0
DA:23,0
DA:24,0
DA:25,0
DA:26,0
DA:29,0
DA:30,0
DA:31,0
DA:33,0
DA:34,0
DA:35,0
DA:38,0
DA:39,0
DA:40,0
DA:41,0
DA:43,0
DA:47,0
DA:48,0
DA:51,0
LF:22
LH:0
BRDA:24,0,0,0
BRDA:24,0,1,0
BRDA:34,1,0,0
BRDA:34,1,1,0
BRDA:34,2,0,0
BRDA:34,2,1,0
BRF:6
BRH:0
end_of_record
TN:
SF:src/presentation/hooks/useProductRate.ts
FN:17,(anonymous_0)
FN:22,(anonymous_1)
FN:45,(anonymous_2)
FNF:3
FNH:0
FNDA:0,(anonymous_0)
FNDA:0,(anonymous_1)
FNDA:0,(anonymous_2)
DA:17,0
DA:18,0
DA:19,0
DA:20,0
DA:22,0
DA:23,0
DA:24,0
DA:27,0
DA:28,0
DA:29,0
DA:31,0
DA:32,0
DA:33,0
DA:36,0
DA:37,0
DA:38,0
DA:41,0
DA:45,0
DA:46,0
DA:49,0
LF:20
LH:0
BRDA:23,0,0,0
BRDA:23,0,1,0
BRDA:32,1,0,0
BRDA:32,1,1,0
BRDA:32,2,0,0
BRDA:32,2,1,0
BRF:6
BRH:0
end_of_record
TN:
SF:src/presentation/hooks/useRate.ts
FN:18,(anonymous_0)
FN:23,(anonymous_1)
FN:46,(anonymous_2)
FNF:3
FNH:0
FNDA:0,(anonymous_0)
FNDA:0,(anonymous_1)
FNDA:0,(anonymous_2)
DA:18,0
DA:19,0
DA:20,0
DA:21,0
DA:23,0
DA:24,0
DA:25,0
DA:26,0
DA:29,0
DA:30,0
DA:31,0
DA:32,0
DA:33,0
DA:34,0
DA:37,0
DA:38,0
DA:39,0
DA:40,0
DA:42,0
DA:46,0
DA:47,0
DA:50,0
LF:22
LH:0
BRDA:24,0,0,0
BRDA:24,0,1,0
BRDA:33,1,0,0
BRDA:33,1,1,0
BRDA:33,2,0,0
BRDA:33,2,1,0
BRF:6
BRH:0
end_of_record
TN:
SF:src/presentation/hooks/useRole.ts
FN:18,(anonymous_0)
FN:23,(anonymous_1)
FN:46,(anonymous_2)
FNF:3
FNH:0
FNDA:0,(anonymous_0)
FNDA:0,(anonymous_1)
FNDA:0,(anonymous_2)
DA:18,0
DA:19,0
DA:20,0
DA:21,0
DA:23,0
DA:24,0
DA:25,0
DA:26,0
DA:29,0
DA:30,0
DA:31,0
DA:32,0
DA:33,0
DA:34,0
DA:37,0
DA:38,0
DA:39,0
DA:40,0
DA:42,0
DA:46,0
DA:47,0
DA:50,0
LF:22
LH:0
BRDA:24,0,0,0
BRDA:24,0,1,0
BRDA:33,1,0,0
BRDA:33,1,1,0
BRDA:33,2,0,0
BRDA:33,2,1,0
BRF:6
BRH:0
end_of_record
TN:
SF:src/presentation/hooks/useSupplier.ts
FN:18,(anonymous_0)
FN:23,(anonymous_1)
FN:46,(anonymous_2)
FNF:3
FNH:0
FNDA:0,(anonymous_0)
FNDA:0,(anonymous_1)
FNDA:0,(anonymous_2)
DA:18,0
DA:19,0
DA:20,0
DA:21,0
DA:23,0
DA:24,0
DA:25,0
DA:26,0
DA:29,0
DA:30,0
DA:31,0
DA:32,0
DA:33,0
DA:34,0
DA:37,0
DA:38,0
DA:39,0
DA:40,0
DA:42,0
DA:46,0
DA:47,0
DA:50,0
LF:22
LH:0
BRDA:24,0,0,0
BRDA:24,0,1,0
BRDA:33,1,0,0
BRDA:33,1,1,0
BRDA:33,2,0,0
BRDA:33,2,1,0
BRF:6
BRH:0
end_of_record
TN:
SF:src/presentation/hooks/useSupplierBalance.ts
FN:26,(anonymous_0)
FN:31,(anonymous_1)
FN:54,(anonymous_2)
FNF:3
FNH:0
FNDA:0,(anonymous_0)
FNDA:0,(anonymous_1)
FNDA:0,(anonymous_2)
DA:26,0
DA:27,0
DA:28,0
DA:29,0
DA:31,0
DA:32,0
DA:33,0
DA:34,0
DA:37,0
DA:38,0
DA:39,0
DA:40,0
DA:41,0
DA:42,0
DA:45,0
DA:46,0
DA:47,0
DA:50,0
DA:54,0
DA:55,0
DA:58,0
LF:21
LH:0
BRDA:32,0,0,0
BRDA:32,0,1,0
BRDA:41,1,0,0
BRDA:41,1,1,0
BRDA:41,2,0,0
BRDA:41,2,1,0
BRF:6
BRH:0
end_of_record
TN:
SF:src/presentation/hooks/useUser.ts
FN:18,(anonymous_0)
FN:23,(anonymous_1)
FN:46,(anonymous_2)
FNF:3
FNH:0
FNDA:0,(anonymous_0)
FNDA:0,(anonymous_1)
FNDA:0,(anonymous_2)
DA:18,0
DA:19,0
DA:20,0
DA:21,0
DA:23,0
DA:24,0
DA:25,0
DA:26,0
DA:29,0
DA:30,0
DA:31,0
DA:32,0
DA:33,0
DA:34,0
DA:37,0
DA:38,0
DA:39,0
DA:40,0
DA:42,0
DA:46,0
DA:47,0
DA:50,0
LF:22
LH:0
BRDA:24,0,0,0
BRDA:24,0,1,0
BRDA:33,1,0,0
BRDA:33,1,1,0
BRDA:33,2,0,0
BRDA:33,2,1,0
BRF:6
BRH:0
end_of_record
TN:
SF:src/presentation/navigation/AppNavigator.tsx
FN:40,(anonymous_0)
FNF:1
FNH:0
FNDA:0,(anonymous_0)
DA:38,0
DA:40,0
DA:41,0
DA:43,0
DA:44,0
DA:51,0
DA:110,0
LF:7
LH:0
BRDA:43,0,0,0
BRDA:43,0,1,0
BRDA:58,1,0,0
BRDA:58,1,1,0
BRF:4
BRH:0
end_of_record
TN:
SF:src/presentation/screens/CollectionDetailScreen.tsx
FN:22,(anonymous_0)
FN:31,(anonymous_1)
FN:35,(anonymous_2)
FN:49,(anonymous_3)
FN:53,(anonymous_4)
FN:68,(anonymous_5)
FN:92,(anonymous_6)
FN:102,(anonymous_7)
FNF:8
FNH:0
FNDA:0,(anonymous_0)
FNDA:0,(anonymous_1)
FNDA:0,(anonymous_2)
FNDA:0,(anonymous_3)
FNDA:0,(anonymous_4)
FNDA:0,(anonymous_5)
FNDA:0,(anonymous_6)
FNDA:0,(anonymous_7)
DA:22,0
DA:23,0
DA:24,0
DA:25,0
DA:26,0
DA:28,0
DA:29,0
DA:31,0
DA:32,0
DA:35,0
DA:36,0
DA:37,0
DA:38,0
DA:39,0
DA:42,0
DA:43,0
DA:45,0
DA:49,0
DA:50,0
DA:53,0
DA:54,0
DA:68,0
DA:69,0
DA:70,0
DA:71,0
DA:72,0
DA:74,0
DA:75,0
DA:79,0
DA:80,0
DA:88,0
DA:89,0
DA:92,0
DA:99,0
DA:102,0
DA:175,0
LF:36
LH:0
BRDA:38,0,0,0
BRDA:38,0,1,0
BRDA:79,1,0,0
BRDA:79,1,1,0
BRDA:88,2,0,0
BRDA:88,2,1,0
BRDA:111,3,0,0
BRDA:111,3,1,0
BRDA:116,4,0,0
BRDA:116,4,1,0
BRDA:143,5,0,0
BRDA:143,5,1,0
BRDA:147,6,0,0
BRDA:147,6,1,0
BRDA:154,7,0,0
BRDA:154,7,1,0
BRF:16
BRH:0
end_of_record
TN:
SF:src/presentation/screens/CollectionFormScreen.tsx
FN:33,(anonymous_0)
FN:54,(anonymous_1)
FN:60,(anonymous_2)
FN:66,(anonymous_3)
FN:70,(anonymous_4)
FN:94,(anonymous_5)
FN:109,(anonymous_6)
FN:123,(anonymous_7)
FN:150,(anonymous_8)
FN:191,(anonymous_9)
FN:192,(anonymous_10)
FN:194,(anonymous_11)
FN:212,(anonymous_12)
FN:222,(anonymous_13)
FN:233,(anonymous_14)
FN:252,(anonymous_15)
FN:265,(anonymous_16)
FN:278,(anonymous_17)
FN:298,(anonymous_18)
FNF:19
FNH:0
FNDA:0,(anonymous_0)
FNDA:0,(anonymous_1)
FNDA:0,(anonymous_2)
FNDA:0,(anonymous_3)
FNDA:0,(anonymous_4)
FNDA:0,(anonymous_5)
FNDA:0,(anonymous_6)
FNDA:0,(anonymous_7)
FNDA:0,(anonymous_8)
FNDA:0,(anonymous_9)
FNDA:0,(anonymous_10)
FNDA:0,(anonymous_11)
FNDA:0,(anonymous_12)
FNDA:0,(anonymous_13)
FNDA:0,(anonymous_14)
FNDA:0,(anonymous_15)
FNDA:0,(anonymous_16)
FNDA:0,(anonymous_17)
FNDA:0,(anonymous_18)
DA:33,0
DA:34,0
DA:35,0
DA:36,0
DA:37,0
DA:38,0
DA:40,0
DA:41,0
DA:42,0
DA:44,0
DA:52,0
DA:54,0
DA:55,0
DA:56,0
DA:60,0
DA:61,0
DA:62,0
DA:66,0
DA:67,0
DA:70,0
DA:71,0
DA:72,0
DA:73,0
DA:74,0
DA:75,0
DA:76,0
DA:86,0
DA:87,0
DA:88,0
DA:90,0
DA:94,0
DA:95,0
DA:96,0
DA:97,0
DA:98,0
DA:100,0
DA:101,0
DA:104,0
DA:105,0
DA:109,0
DA:110,0
DA:111,0
DA:112,0
DA:113,0
DA:114,0
DA:116,0
DA:119,0
DA:123,0
DA:124,0
DA:126,0
DA:127,0
DA:130,0
DA:131,0
DA:134,0
DA:135,0
DA:138,0
DA:139,0
DA:142,0
DA:143,0
DA:146,0
DA:147,0
DA:150,0
DA:151,0
DA:152,0
DA:153,0
DA:156,0
DA:157,0
DA:158,0
DA:161,0
DA:162,0
DA:164,0
DA:173,0
DA:174,0
DA:175,0
DA:177,0
DA:178,0
DA:181,0
DA:183,0
DA:184,0
DA:185,0
DA:187,0
DA:191,0
DA:192,0
DA:193,0
DA:194,0
DA:198,0
DA:199,0
DA:207,0
DA:212,0
DA:222,0
DA:233,0
DA:252,0
DA:265,0
DA:278,0
DA:298,0
DA:324,0
LF:96
LH:0
BRDA:55,0,0,0
BRDA:55,0,1,0
BRDA:61,1,0,0
BRDA:61,1,1,0
BRDA:74,2,0,0
BRDA:74,2,1,0
BRDA:74,3,0,0
BRDA:74,3,1,0
BRDA:77,4,0,0
BRDA:77,4,1,0
BRDA:78,5,0,0
BRDA:78,5,1,0
BRDA:79,6,0,0
BRDA:79,6,1,0
BRDA:80,7,0,0
BRDA:80,7,1,0
BRDA:81,8,0,0
BRDA:81,8,1,0
BRDA:82,9,0,0
BRDA:82,9,1,0
BRDA:97,10,0,0
BRDA:97,10,1,0
BRDA:97,11,0,0
BRDA:97,11,1,0
BRDA:110,12,0,0
BRDA:110,12,1,0
BRDA:110,13,0,0
BRDA:110,13,1,0
BRDA:113,14,0,0
BRDA:113,14,1,0
BRDA:113,15,0,0
BRDA:113,15,1,0
BRDA:126,16,0,0
BRDA:126,16,1,0
BRDA:130,17,0,0
BRDA:130,17,1,0
BRDA:134,18,0,0
BRDA:134,18,1,0
BRDA:138,19,0,0
BRDA:138,19,1,0
BRDA:138,20,0,0
BRDA:138,20,1,0
BRDA:142,21,0,0
BRDA:142,21,1,0
BRDA:151,22,0,0
BRDA:151,22,1,0
BRDA:156,23,0,0
BRDA:156,23,1,0
BRDA:170,24,0,0
BRDA:170,24,1,0
BRDA:173,25,0,0
BRDA:173,25,1,0
BRDA:184,26,0,0
BRDA:184,26,1,0
BRDA:193,27,0,0
BRDA:193,27,1,0
BRDA:198,28,0,0
BRDA:198,28,1,0
BRDA:198,29,0,0
BRDA:198,29,1,0
BRDA:210,30,0,0
BRDA:210,30,1,0
BRDA:240,31,0,0
BRDA:240,31,1,0
BRDA:262,32,0,0
BRDA:262,32,1,0
BRDA:268,33,0,0
BRDA:268,33,1,0
BRDA:275,34,0,0
BRDA:275,34,1,0
BRDA:280,35,0,0
BRDA:280,35,1,0
BRDA:284,36,0,0
BRDA:284,36,1,0
BRDA:306,37,0,0
BRDA:306,37,1,0
BRDA:310,38,0,0
BRDA:310,38,1,0
BRDA:314,39,0,0
BRDA:314,39,1,0
BRF:80
BRH:0
end_of_record
TN:
SF:src/presentation/screens/CollectionListScreen.tsx
FN:27,(anonymous_0)
FN:50,(anonymous_1)
FN:51,(anonymous_2)
FN:55,(anonymous_3)
FN:58,(anonymous_4)
FN:62,(anonymous_5)
FN:94,(anonymous_6)
FN:100,(anonymous_7)
FN:110,(anonymous_8)
FN:114,(anonymous_9)
FN:118,(anonymous_10)
FN:122,(anonymous_11)
FN:126,(anonymous_12)
FN:129,(anonymous_13)
FN:209,(anonymous_14)
FN:216,(anonymous_15)
FNF:16
FNH:0
FNDA:0,(anonymous_0)
FNDA:0,(anonymous_1)
FNDA:0,(anonymous_2)
FNDA:0,(anonymous_3)
FNDA:0,(anonymous_4)
FNDA:0,(anonymous_5)
FNDA:0,(anonymous_6)
FNDA:0,(anonymous_7)
FNDA:0,(anonymous_8)
FNDA:0,(anonymous_9)
FNDA:0,(anonymous_10)
FNDA:0,(anonymous_11)
FNDA:0,(anonymous_12)
FNDA:0,(anonymous_13)
FNDA:0,(anonymous_14)
FNDA:0,(anonymous_15)
DA:27,0
DA:28,0
DA:29,0
DA:30,0
DA:31,0
DA:32,0
DA:33,0
DA:34,0
DA:35,0
DA:36,0
DA:37,0
DA:40,0
DA:41,0
DA:42,0
DA:43,0
DA:46,0
DA:47,0
DA:50,0
DA:51,0
DA:52,0
DA:53,0
DA:55,0
DA:58,0
DA:59,0
DA:62,0
DA:63,0
DA:64,0
DA:65,0
DA:71,0
DA:72,0
DA:74,0
DA:75,0
DA:77,0
DA:78,0
DA:79,0
DA:80,0
DA:81,0
DA:82,0
DA:83,0
DA:84,0
DA:87,0
DA:88,0
DA:90,0
DA:94,0
DA:95,0
DA:96,0
DA:97,0
DA:100,0
DA:101,0
DA:102,0
DA:104,0
DA:105,0
DA:107,0
DA:110,0
DA:111,0
DA:114,0
DA:115,0
DA:118,0
DA:119,0
DA:122,0
DA:123,0
DA:126,0
DA:127,0
DA:129,0
DA:175,0
DA:176,0
DA:184,0
DA:209,0
DA:216,0
DA:243,0
LF:70
LH:0
BRDA:71,0,0,0
BRDA:71,0,1,0
BRDA:74,1,0,0
BRDA:74,1,1,0
BRDA:78,2,0,0
BRDA:78,2,1,0
BRDA:78,3,0,0
BRDA:78,3,1,0
BRDA:80,4,0,0
BRDA:80,4,1,0
BRDA:81,5,0,0
BRDA:81,5,1,0
BRDA:82,6,0,0
BRDA:82,6,1,0
BRDA:83,7,0,0
BRDA:83,7,1,0
BRDA:84,8,0,0
BRDA:84,8,1,0
BRDA:101,9,0,0
BRDA:101,9,1,0
BRDA:102,10,0,0
BRDA:102,10,1,0
BRDA:111,11,0,0
BRDA:111,11,1,0
BRDA:131,12,0,0
BRDA:131,12,1,0
BRDA:131,13,0,0
BRDA:131,13,1,0
BRDA:131,14,0,0
BRDA:131,14,1,0
BRDA:135,15,0,0
BRDA:135,15,1,0
BRDA:143,16,0,0
BRDA:143,16,1,0
BRDA:163,17,0,0
BRDA:163,17,1,0
BRDA:167,18,0,0
BRDA:167,18,1,0
BRDA:175,19,0,0
BRDA:175,19,1,0
BRF:40
BRH:0
end_of_record
TN:
SF:src/presentation/screens/HomeScreen.tsx
FN:21,(anonymous_0)
FN:26,(anonymous_1)
FN:30,(anonymous_2)
FN:52,(anonymous_3)
FN:65,(anonymous_4)
FN:78,(anonymous_5)
FN:91,(anonymous_6)
FN:104,(anonymous_7)
FN:117,(anonymous_8)
FN:130,(anonymous_9)
FN:143,(anonymous_10)
FNF:11
FNH:0
FNDA:0,(anonymous_0)
FNDA:0,(anonymous_1)
FNDA:0,(anonymous_2)
FNDA:0,(anonymous_3)
FNDA:0,(anonymous_4)
FNDA:0,(anonymous_5)
FNDA:0,(anonymous_6)
FNDA:0,(anonymous_7)
FNDA:0,(anonymous_8)
FNDA:0,(anonymous_9)
FNDA:0,(anonymous_10)
DA:21,0
DA:22,0
DA:23,0
DA:24,0
DA:26,0
DA:27,0
DA:30,0
DA:31,0
DA:34,0
DA:52,0
DA:65,0
DA:78,0
DA:91,0
DA:104,0
DA:117,0
DA:130,0
DA:143,0
DA:167,0
LF:18
LH:0
BRDA:40,0,0,0
BRDA:40,0,1,0
BRDA:41,1,0,0
BRDA:41,1,1,0
BRDA:49,2,0,0
BRDA:49,2,1,0
BRDA:62,3,0,0
BRDA:62,3,1,0
BRDA:75,4,0,0
BRDA:75,4,1,0
BRDA:88,5,0,0
BRDA:88,5,1,0
BRDA:101,6,0,0
BRDA:101,6,1,0
BRDA:114,7,0,0
BRDA:114,7,1,0
BRDA:127,8,0,0
BRDA:127,8,1,0
BRF:18
BRH:0
end_of_record
TN:
SF:src/presentation/screens/LoginScreen.tsx
FN:22,(anonymous_0)
FN:30,(anonymous_1)
FN:46,(anonymous_2)
FNF:3
FNH:0
FNDA:0,(anonymous_0)
FNDA:0,(anonymous_1)
FNDA:0,(anonymous_2)
DA:22,0
DA:23,0
DA:24,0
DA:25,0
DA:26,0
DA:27,0
DA:28,0
DA:30,0
DA:31,0
DA:32,0
DA:33,0
DA:36,0
DA:37,0
DA:38,0
DA:40,0
DA:42,0
DA:46,0
DA:47,0
DA:50,0
DA:121,0
LF:20
LH:0
BRDA:31,0,0,0
BRDA:31,0,1,0
BRDA:31,1,0,0
BRDA:31,1,1,0
BRDA:40,2,0,0
BRDA:40,2,1,0
BRDA:53,3,0,0
BRDA:53,3,1,0
BRDA:83,4,0,0
BRDA:83,4,1,0
BRDA:91,5,0,0
BRDA:91,5,1,0
BRF:12
BRH:0
end_of_record
TN:
SF:src/presentation/screens/PaymentDetailScreen.tsx
FN:22,(anonymous_0)
FN:31,(anonymous_1)
FN:35,(anonymous_2)
FN:49,(anonymous_3)
FN:53,(anonymous_4)
FN:68,(anonymous_5)
FN:79,(anonymous_6)
FN:96,(anonymous_7)
FN:106,(anonymous_8)
FN:147,(anonymous_9)
FNF:10
FNH:0
FNDA:0,(anonymous_0)
FNDA:0,(anonymous_1)
FNDA:0,(anonymous_2)
FNDA:0,(anonymous_3)
FNDA:0,(anonymous_4)
FNDA:0,(anonymous_5)
FNDA:0,(anonymous_6)
FNDA:0,(anonymous_7)
FNDA:0,(anonymous_8)
FNDA:0,(anonymous_9)
DA:22,0
DA:23,0
DA:24,0
DA:25,0
DA:26,0
DA:28,0
DA:29,0
DA:31,0
DA:32,0
DA:35,0
DA:36,0
DA:37,0
DA:38,0
DA:39,0
DA:42,0
DA:43,0
DA:45,0
DA:49,0
DA:50,0
DA:53,0
DA:54,0
DA:68,0
DA:69,0
DA:70,0
DA:71,0
DA:72,0
DA:74,0
DA:75,0
DA:79,0
DA:80,0
DA:83,0
DA:84,0
DA:92,0
DA:93,0
DA:96,0
DA:103,0
DA:106,0
DA:148,0
DA:189,0
LF:39
LH:0
BRDA:38,0,0,0
BRDA:38,0,1,0
BRDA:83,1,0,0
BRDA:83,1,1,0
BRDA:92,2,0,0
BRDA:92,2,1,0
BRDA:121,3,0,0
BRDA:121,3,1,0
BRDA:133,4,0,0
BRDA:133,4,1,0
BRDA:136,5,0,0
BRDA:136,5,1,0
BRDA:143,6,0,0
BRDA:143,6,1,0
BRDA:154,7,0,0
BRDA:154,7,1,0
BRDA:161,8,0,0
BRDA:161,8,1,0
BRF:18
BRH:0
end_of_record
TN:
SF:src/presentation/screens/PaymentFormScreen.tsx
FN:34,(anonymous_0)
FN:58,(anonymous_1)
FN:64,(anonymous_2)
FN:70,(anonymous_3)
FN:95,(anonymous_4)
FN:107,(anonymous_5)
FN:139,(anonymous_6)
FN:176,(anonymous_7)
FN:177,(anonymous_8)
FN:179,(anonymous_9)
FN:197,(anonymous_10)
FN:207,(anonymous_11)
FN:230,(anonymous_12)
FN:243,(anonymous_13)
FN:253,(anonymous_14)
FN:260,(anonymous_15)
FN:278,(anonymous_16)
FN:285,(anonymous_17)
FN:291,(anonymous_18)
FN:307,(anonymous_19)
FN:320,(anonymous_20)
FNF:21
FNH:0
FNDA:0,(anonymous_0)
FNDA:0,(anonymous_1)
FNDA:0,(anonymous_2)
FNDA:0,(anonymous_3)
FNDA:0,(anonymous_4)
FNDA:0,(anonymous_5)
FNDA:0,(anonymous_6)
FNDA:0,(anonymous_7)
FNDA:0,(anonymous_8)
FNDA:0,(anonymous_9)
FNDA:0,(anonymous_10)
FNDA:0,(anonymous_11)
FNDA:0,(anonymous_12)
FNDA:0,(anonymous_13)
FNDA:0,(anonymous_14)
FNDA:0,(anonymous_15)
FNDA:0,(anonymous_16)
FNDA:0,(anonymous_17)
FNDA:0,(anonymous_18)
FNDA:0,(anonymous_19)
FNDA:0,(anonymous_20)
DA:34,0
DA:35,0
DA:36,0
DA:37,0
DA:38,0
DA:39,0
DA:41,0
DA:42,0
DA:44,0
DA:53,0
DA:55,0
DA:56,0
DA:58,0
DA:59,0
DA:60,0
DA:64,0
DA:65,0
DA:66,0
DA:70,0
DA:71,0
DA:72,0
DA:73,0
DA:74,0
DA:75,0
DA:76,0
DA:87,0
DA:88,0
DA:89,0
DA:91,0
DA:95,0
DA:96,0
DA:97,0
DA:98,0
DA:99,0
DA:102,0
DA:103,0
DA:107,0
DA:108,0
DA:110,0
DA:111,0
DA:114,0
DA:115,0
DA:118,0
DA:119,0
DA:122,0
DA:123,0
DA:127,0
DA:128,0
DA:131,0
DA:132,0
DA:135,0
DA:136,0
DA:139,0
DA:140,0
DA:141,0
DA:142,0
DA:145,0
DA:146,0
DA:148,0
DA:158,0
DA:159,0
DA:160,0
DA:162,0
DA:163,0
DA:166,0
DA:168,0
DA:169,0
DA:170,0
DA:172,0
DA:176,0
DA:177,0
DA:178,0
DA:179,0
DA:183,0
DA:184,0
DA:192,0
DA:197,0
DA:207,0
DA:230,0
DA:243,0
DA:254,0
DA:260,0
DA:279,0
DA:285,0
DA:292,0
DA:307,0
DA:320,0
DA:346,0
LF:88
LH:0
BRDA:59,0,0,0
BRDA:59,0,1,0
BRDA:65,1,0,0
BRDA:65,1,1,0
BRDA:74,2,0,0
BRDA:74,2,1,0
BRDA:74,3,0,0
BRDA:74,3,1,0
BRDA:77,4,0,0
BRDA:77,4,1,0
BRDA:78,5,0,0
BRDA:78,5,1,0
BRDA:79,6,0,0
BRDA:79,6,1,0
BRDA:80,7,0,0
BRDA:80,7,1,0
BRDA:81,8,0,0
BRDA:81,8,1,0
BRDA:82,9,0,0
BRDA:82,9,1,0
BRDA:83,10,0,0
BRDA:83,10,1,0
BRDA:98,11,0,0
BRDA:98,11,1,0
BRDA:98,12,0,0
BRDA:98,12,1,0
BRDA:110,13,0,0
BRDA:110,13,1,0
BRDA:114,14,0,0
BRDA:114,14,1,0
BRDA:118,15,0,0
BRDA:118,15,1,0
BRDA:118,16,0,0
BRDA:118,16,1,0
BRDA:122,17,0,0
BRDA:122,17,1,0
BRDA:127,18,0,0
BRDA:127,18,1,0
BRDA:127,19,0,0
BRDA:127,19,1,0
BRDA:131,20,0,0
BRDA:131,20,1,0
BRDA:131,21,0,0
BRDA:131,21,1,0
BRDA:140,22,0,0
BRDA:140,22,1,0
BRDA:153,23,0,0
BRDA:153,23,1,0
BRDA:154,24,0,0
BRDA:154,24,1,0
BRDA:155,25,0,0
BRDA:155,25,1,0
BRDA:158,26,0,0
BRDA:158,26,1,0
BRDA:169,27,0,0
BRDA:169,27,1,0
BRDA:178,28,0,0
BRDA:178,28,1,0
BRDA:183,29,0,0
BRDA:183,29,1,0
BRDA:183,30,0,0
BRDA:183,30,1,0
BRDA:195,31,0,0
BRDA:195,31,1,0
BRDA:214,32,0,0
BRDA:214,32,1,0
BRDA:219,33,0,0
BRDA:219,33,1,0
BRDA:240,34,0,0
BRDA:240,34,1,0
BRDA:246,35,0,0
BRDA:246,35,1,0
BRDA:258,36,0,0
BRDA:258,36,1,0
BRDA:264,37,0,0
BRDA:264,37,1,0
BRDA:271,38,0,0
BRDA:271,38,1,0
BRDA:283,39,0,0
BRDA:283,39,1,0
BRDA:289,40,0,0
BRDA:289,40,1,0
BRDA:304,41,0,0
BRDA:304,41,1,0
BRDA:310,42,0,0
BRDA:310,42,1,0
BRDA:328,43,0,0
BRDA:328,43,1,0
BRDA:332,44,0,0
BRDA:332,44,1,0
BRDA:336,45,0,0
BRDA:336,45,1,0
BRF:92
BRH:0
end_of_record
TN:
SF:src/presentation/screens/PaymentListScreen.tsx
FN:27,(anonymous_0)
FN:50,(anonymous_1)
FN:51,(anonymous_2)
FN:55,(anonymous_3)
FN:58,(anonymous_4)
FN:62,(anonymous_5)
FN:94,(anonymous_6)
FN:100,(anonymous_7)
FN:110,(anonymous_8)
FN:114,(anonymous_9)
FN:118,(anonymous_10)
FN:122,(anonymous_11)
FN:126,(anonymous_12)
FN:130,(anonymous_13)
FN:133,(anonymous_14)
FN:213,(anonymous_15)
FN:218,(anonymous_16)
FN:225,(anonymous_17)
FNF:18
FNH:0
FNDA:0,(anonymous_0)
FNDA:0,(anonymous_1)
FNDA:0,(anonymous_2)
FNDA:0,(anonymous_3)
FNDA:0,(anonymous_4)
FNDA:0,(anonymous_5)
FNDA:0,(anonymous_6)
FNDA:0,(anonymous_7)
FNDA:0,(anonymous_8)
FNDA:0,(anonymous_9)
FNDA:0,(anonymous_10)
FNDA:0,(anonymous_11)
FNDA:0,(anonymous_12)
FNDA:0,(anonymous_13)
FNDA:0,(anonymous_14)
FNDA:0,(anonymous_15)
FNDA:0,(anonymous_16)
FNDA:0,(anonymous_17)
DA:27,0
DA:28,0
DA:29,0
DA:30,0
DA:31,0
DA:32,0
DA:33,0
DA:34,0
DA:35,0
DA:36,0
DA:37,0
DA:40,0
DA:41,0
DA:42,0
DA:43,0
DA:46,0
DA:47,0
DA:50,0
DA:51,0
DA:52,0
DA:53,0
DA:55,0
DA:58,0
DA:59,0
DA:62,0
DA:63,0
DA:64,0
DA:65,0
DA:71,0
DA:72,0
DA:74,0
DA:75,0
DA:77,0
DA:78,0
DA:79,0
DA:80,0
DA:81,0
DA:82,0
DA:83,0
DA:84,0
DA:87,0
DA:88,0
DA:90,0
DA:94,0
DA:95,0
DA:96,0
DA:97,0
DA:100,0
DA:101,0
DA:102,0
DA:104,0
DA:105,0
DA:107,0
DA:110,0
DA:111,0
DA:114,0
DA:115,0
DA:118,0
DA:119,0
DA:122,0
DA:123,0
DA:126,0
DA:127,0
DA:130,0
DA:131,0
DA:133,0
DA:179,0
DA:180,0
DA:188,0
DA:213,0
DA:218,0
DA:225,0
DA:252,0
LF:73
LH:0
BRDA:71,0,0,0
BRDA:71,0,1,0
BRDA:74,1,0,0
BRDA:74,1,1,0
BRDA:78,2,0,0
BRDA:78,2,1,0
BRDA:78,3,0,0
BRDA:78,3,1,0
BRDA:80,4,0,0
BRDA:80,4,1,0
BRDA:81,5,0,0
BRDA:81,5,1,0
BRDA:82,6,0,0
BRDA:82,6,1,0
BRDA:83,7,0,0
BRDA:83,7,1,0
BRDA:84,8,0,0
BRDA:84,8,1,0
BRDA:101,9,0,0
BRDA:101,9,1,0
BRDA:102,10,0,0
BRDA:102,10,1,0
BRDA:111,11,0,0
BRDA:111,11,1,0
BRDA:135,12,0,0
BRDA:135,12,1,0
BRDA:135,13,0,0
BRDA:135,13,1,0
BRDA:139,14,0,0
BRDA:139,14,1,0
BRDA:154,15,0,0
BRDA:154,15,1,0
BRDA:157,16,0,0
BRDA:157,16,1,0
BRDA:164,17,0,0
BRDA:164,17,1,0
BRDA:171,18,0,0
BRDA:171,18,1,0
BRDA:179,19,0,0
BRDA:179,19,1,0
BRF:40
BRH:0
end_of_record
TN:
SF:src/presentation/screens/ProductDetailScreen.tsx
FN:30,(anonymous_0)
FN:41,(anonymous_1)
FN:45,(anonymous_2)
FN:60,(anonymous_3)
FN:71,(anonymous_4)
FNF:5
FNH:0
FNDA:0,(anonymous_0)
FNDA:0,(anonymous_1)
FNDA:0,(anonymous_2)
FNDA:0,(anonymous_3)
FNDA:0,(anonymous_4)
DA:30,0
DA:31,0
DA:32,0
DA:33,0
DA:34,0
DA:35,0
DA:38,0
DA:39,0
DA:41,0
DA:42,0
DA:45,0
DA:46,0
DA:60,0
DA:61,0
DA:62,0
DA:63,0
DA:64,0
DA:66,0
DA:67,0
DA:71,0
DA:72,0
DA:78,0
DA:79,0
DA:82,0
DA:83,0
DA:93,0
DA:123,0
LF:27
LH:0
BRDA:78,0,0,0
BRDA:78,0,1,0
BRDA:82,1,0,0
BRDA:82,1,1,0
BRDA:106,2,0,0
BRDA:106,2,1,0
BRF:6
BRH:0
end_of_record
TN:
SF:src/presentation/screens/ProductFormScreen.tsx
FN:33,(anonymous_0)
FN:51,(anonymous_1)
FN:57,(anonymous_2)
FN:83,(anonymous_3)
FN:112,(anonymous_4)
FN:123,(anonymous_5)
FN:123,(anonymous_6)
FN:144,(anonymous_7)
FN:145,(anonymous_8)
FN:147,(anonymous_9)
FN:176,(anonymous_10)
FN:189,(anonymous_11)
FN:206,(anonymous_12)
FN:219,(anonymous_13)
FN:232,(anonymous_14)
FN:248,(anonymous_15)
FNF:16
FNH:0
FNDA:0,(anonymous_0)
FNDA:0,(anonymous_1)
FNDA:0,(anonymous_2)
FNDA:0,(anonymous_3)
FNDA:0,(anonymous_4)
FNDA:0,(anonymous_5)
FNDA:0,(anonymous_6)
FNDA:0,(anonymous_7)
FNDA:0,(anonymous_8)
FNDA:0,(anonymous_9)
FNDA:0,(anonymous_10)
FNDA:0,(anonymous_11)
FNDA:0,(anonymous_12)
FNDA:0,(anonymous_13)
FNDA:0,(anonymous_14)
FNDA:0,(anonymous_15)
DA:33,0
DA:34,0
DA:35,0
DA:36,0
DA:37,0
DA:38,0
DA:40,0
DA:41,0
DA:49,0
DA:51,0
DA:52,0
DA:53,0
DA:57,0
DA:58,0
DA:59,0
DA:60,0
DA:61,0
DA:62,0
DA:63,0
DA:75,0
DA:76,0
DA:77,0
DA:79,0
DA:83,0
DA:84,0
DA:86,0
DA:87,0
DA:88,0
DA:89,0
DA:92,0
DA:93,0
DA:94,0
DA:95,0
DA:98,0
DA:99,0
DA:100,0
DA:101,0
DA:104,0
DA:105,0
DA:108,0
DA:109,0
DA:112,0
DA:113,0
DA:114,0
DA:115,0
DA:118,0
DA:119,0
DA:121,0
DA:123,0
DA:126,0
DA:127,0
DA:128,0
DA:130,0
DA:131,0
DA:134,0
DA:136,0
DA:137,0
DA:138,0
DA:140,0
DA:144,0
DA:145,0
DA:146,0
DA:147,0
DA:151,0
DA:152,0
DA:160,0
DA:176,0
DA:189,0
DA:206,0
DA:219,0
DA:232,0
DA:248,0
DA:272,0
LF:73
LH:0
BRDA:52,0,0,0
BRDA:52,0,1,0
BRDA:61,1,0,0
BRDA:61,1,1,0
BRDA:61,2,0,0
BRDA:61,2,1,0
BRDA:64,3,0,0
BRDA:64,3,1,0
BRDA:65,4,0,0
BRDA:65,4,1,0
BRDA:66,5,0,0
BRDA:66,5,1,0
BRDA:67,6,0,0
BRDA:67,6,1,0
BRDA:68,7,0,0
BRDA:68,7,1,0
BRDA:70,8,0,0
BRDA:70,8,1,0
BRDA:71,9,0,0
BRDA:71,9,1,0
BRDA:86,10,0,0
BRDA:86,10,1,0
BRDA:88,11,0,0
BRDA:88,11,1,0
BRDA:92,12,0,0
BRDA:92,12,1,0
BRDA:94,13,0,0
BRDA:94,13,1,0
BRDA:98,14,0,0
BRDA:98,14,1,0
BRDA:100,15,0,0
BRDA:100,15,1,0
BRDA:104,16,0,0
BRDA:104,16,1,0
BRDA:113,17,0,0
BRDA:113,17,1,0
BRDA:126,18,0,0
BRDA:126,18,1,0
BRDA:137,19,0,0
BRDA:137,19,1,0
BRDA:146,20,0,0
BRDA:146,20,1,0
BRDA:151,21,0,0
BRDA:151,21,1,0
BRDA:151,22,0,0
BRDA:151,22,1,0
BRDA:163,23,0,0
BRDA:163,23,1,0
BRDA:173,24,0,0
BRDA:173,24,1,0
BRDA:179,25,0,0
BRDA:179,25,1,0
BRDA:186,26,0,0
BRDA:186,26,1,0
BRDA:193,27,0,0
BRDA:193,27,1,0
BRDA:194,28,0,0
BRDA:194,28,1,0
BRDA:216,29,0,0
BRDA:216,29,1,0
BRDA:222,30,0,0
BRDA:222,30,1,0
BRDA:229,31,0,0
BRDA:229,31,1,0
BRDA:234,32,0,0
BRDA:234,32,1,0
BRDA:255,33,0,0
BRDA:255,33,1,0
BRDA:259,34,0,0
BRDA:259,34,1,0
BRDA:263,35,0,0
BRDA:263,35,1,0
BRF:72
BRH:0
end_of_record
TN:
SF:src/presentation/screens/ProductListScreen.tsx
FN:28,(anonymous_0)
FN:49,(anonymous_1)
FN:50,(anonymous_2)
FN:54,(anonymous_3)
FN:57,(anonymous_4)
FN:61,(anonymous_5)
FN:100,(anonymous_6)
FN:106,(anonymous_7)
FN:116,(anonymous_8)
FN:120,(anonymous_9)
FN:124,(anonymous_10)
FN:128,(anonymous_11)
FN:132,(anonymous_12)
FN:135,(anonymous_13)
FN:208,(anonymous_14)
FN:213,(anonymous_15)
FN:220,(anonymous_16)
FNF:17
FNH:0
FNDA:0,(anonymous_0)
FNDA:0,(anonymous_1)
FNDA:0,(anonymous_2)
FNDA:0,(anonymous_3)
FNDA:0,(anonymous_4)
FNDA:0,(anonymous_5)
FNDA:0,(anonymous_6)
FNDA:0,(anonymous_7)
FNDA:0,(anonymous_8)
FNDA:0,(anonymous_9)
FNDA:0,(anonymous_10)
FNDA:0,(anonymous_11)
FNDA:0,(anonymous_12)
FNDA:0,(anonymous_13)
FNDA:0,(anonymous_14)
FNDA:0,(anonymous_15)
FNDA:0,(anonymous_16)
DA:28,0
DA:29,0
DA:30,0
DA:31,0
DA:32,0
DA:33,0
DA:34,0
DA:35,0
DA:36,0
DA:39,0
DA:40,0
DA:41,0
DA:42,0
DA:45,0
DA:46,0
DA:49,0
DA:50,0
DA:51,0
DA:52,0
DA:54,0
DA:57,0
DA:58,0
DA:61,0
DA:62,0
DA:63,0
DA:64,0
DA:70,0
DA:71,0
DA:73,0
DA:74,0
DA:75,0
DA:76,0
DA:77,0
DA:78,0
DA:79,0
DA:80,0
DA:81,0
DA:84,0
DA:85,0
DA:86,0
DA:88,0
DA:93,0
DA:94,0
DA:96,0
DA:100,0
DA:101,0
DA:102,0
DA:103,0
DA:106,0
DA:107,0
DA:108,0
DA:110,0
DA:111,0
DA:113,0
DA:116,0
DA:117,0
DA:120,0
DA:121,0
DA:124,0
DA:125,0
DA:128,0
DA:129,0
DA:132,0
DA:133,0
DA:135,0
DA:175,0
DA:176,0
DA:184,0
DA:208,0
DA:213,0
DA:220,0
DA:247,0
LF:72
LH:0
BRDA:70,0,0,0
BRDA:70,0,1,0
BRDA:74,1,0,0
BRDA:74,1,1,0
BRDA:74,2,0,0
BRDA:74,2,1,0
BRDA:76,3,0,0
BRDA:76,3,1,0
BRDA:78,4,0,0
BRDA:78,4,1,0
BRDA:79,5,0,0
BRDA:79,5,1,0
BRDA:80,6,0,0
BRDA:80,6,1,0
BRDA:81,7,0,0
BRDA:81,7,1,0
BRDA:84,8,0,0
BRDA:84,8,1,0
BRDA:84,9,0,0
BRDA:84,9,1,0
BRDA:107,10,0,0
BRDA:107,10,1,0
BRDA:108,11,0,0
BRDA:108,11,1,0
BRDA:117,12,0,0
BRDA:117,12,1,0
BRDA:137,13,0,0
BRDA:137,13,1,0
BRDA:144,14,0,0
BRDA:144,14,1,0
BRDA:147,15,0,0
BRDA:147,15,1,0
BRDA:162,16,0,0
BRDA:162,16,1,0
BRDA:162,16,2,0
BRDA:166,17,0,0
BRDA:166,17,1,0
BRDA:175,18,0,0
BRDA:175,18,1,0
BRF:39
BRH:0
end_of_record
TN:
SF:src/presentation/screens/RateDetailScreen.tsx
FN:25,(anonymous_0)
FN:36,(anonymous_1)
FN:42,(anonymous_2)
FN:59,(anonymous_3)
FN:65,(anonymous_4)
FN:69,(anonymous_5)
FN:78,(anonymous_6)
FN:94,(anonymous_7)
FN:129,(anonymous_8)
FNF:9
FNH:0
FNDA:0,(anonymous_0)
FNDA:0,(anonymous_1)
FNDA:0,(anonymous_2)
FNDA:0,(anonymous_3)
FNDA:0,(anonymous_4)
FNDA:0,(anonymous_5)
FNDA:0,(anonymous_6)
FNDA:0,(anonymous_7)
FNDA:0,(anonymous_8)
DA:25,0
DA:26,0
DA:27,0
DA:28,0
DA:29,0
DA:30,0
DA:32,0
DA:33,0
DA:34,0
DA:36,0
DA:37,0
DA:38,0
DA:42,0
DA:43,0
DA:44,0
DA:46,0
DA:48,0
DA:49,0
DA:52,0
DA:53,0
DA:55,0
DA:59,0
DA:60,0
DA:61,0
DA:62,0
DA:65,0
DA:66,0
DA:69,0
DA:70,0
DA:79,0
DA:80,0
DA:81,0
DA:82,0
DA:84,0
DA:85,0
DA:86,0
DA:94,0
DA:95,0
DA:96,0
DA:100,0
DA:101,0
DA:109,0
DA:110,0
DA:117,0
DA:119,0
DA:129,0
DA:257,0
LF:47
LH:0
BRDA:37,0,0,0
BRDA:37,0,1,0
BRDA:48,1,0,0
BRDA:48,1,1,0
BRDA:48,2,0,0
BRDA:48,2,1,0
BRDA:85,3,0,0
BRDA:85,3,1,0
BRDA:95,4,0,0
BRDA:95,4,1,0
BRDA:100,5,0,0
BRDA:100,5,1,0
BRDA:109,6,0,0
BRDA:109,6,1,0
BRDA:117,7,0,0
BRDA:117,7,1,0
BRDA:134,8,0,0
BRDA:134,8,1,0
BRDA:139,9,0,0
BRDA:139,9,1,0
BRDA:151,10,0,0
BRDA:151,10,1,0
BRDA:170,11,0,0
BRDA:170,11,1,0
BRDA:171,12,0,0
BRDA:171,12,1,0
BRDA:171,13,0,0
BRDA:171,13,1,0
BRDA:177,14,0,0
BRDA:177,14,1,0
BRDA:202,15,0,0
BRDA:202,15,1,0
BRDA:239,16,0,0
BRDA:239,16,1,0
BRDA:242,17,0,0
BRDA:242,17,1,0
BRDA:242,17,2,0
BRDA:247,18,0,0
BRDA:247,18,1,0
BRF:39
BRH:0
end_of_record
TN:
SF:src/presentation/screens/RateFormScreen.tsx
FN:34,(anonymous_0)
FN:60,(anonymous_1)
FN:67,(anonymous_2)
FN:80,(anonymous_3)
FN:96,(anonymous_4)
FN:112,(anonymous_5)
FN:147,(anonymous_6)
FN:183,(anonymous_7)
FN:184,(anonymous_8)
FN:186,(anonymous_9)
FN:190,(anonymous_10)
FN:199,(anonymous_11)
FN:218,(anonymous_12)
FN:233,(anonymous_13)
FN:244,(anonymous_14)
FN:248,(anonymous_15)
FN:265,(anonymous_16)
FN:279,(anonymous_17)
FN:296,(anonymous_18)
FN:310,(anonymous_19)
FN:318,(anonymous_20)
FN:330,(anonymous_21)
FNF:22
FNH:0
FNDA:0,(anonymous_0)
FNDA:0,(anonymous_1)
FNDA:0,(anonymous_2)
FNDA:0,(anonymous_3)
FNDA:0,(anonymous_4)
FNDA:0,(anonymous_5)
FNDA:0,(anonymous_6)
FNDA:0,(anonymous_7)
FNDA:0,(anonymous_8)
FNDA:0,(anonymous_9)
FNDA:0,(anonymous_10)
FNDA:0,(anonymous_11)
FNDA:0,(anonymous_12)
FNDA:0,(anonymous_13)
FNDA:0,(anonymous_14)
FNDA:0,(anonymous_15)
FNDA:0,(anonymous_16)
FNDA:0,(anonymous_17)
FNDA:0,(anonymous_18)
FNDA:0,(anonymous_19)
FNDA:0,(anonymous_20)
FNDA:0,(anonymous_21)
DA:34,0
DA:35,0
DA:36,0
DA:37,0
DA:38,0
DA:39,0
DA:41,0
DA:42,0
DA:43,0
DA:44,0
DA:45,0
DA:50,0
DA:58,0
DA:60,0
DA:61,0
DA:62,0
DA:63,0
DA:67,0
DA:68,0
DA:69,0
DA:70,0
DA:71,0
DA:72,0
DA:75,0
DA:76,0
DA:80,0
DA:81,0
DA:82,0
DA:83,0
DA:84,0
DA:85,0
DA:86,0
DA:96,0
DA:97,0
DA:98,0
DA:99,0
DA:100,0
DA:104,0
DA:105,0
DA:106,0
DA:108,0
DA:112,0
DA:113,0
DA:115,0
DA:116,0
DA:119,0
DA:120,0
DA:121,0
DA:122,0
DA:125,0
DA:126,0
DA:127,0
DA:128,0
DA:131,0
DA:132,0
DA:135,0
DA:136,0
DA:137,0
DA:138,0
DA:139,0
DA:143,0
DA:144,0
DA:147,0
DA:148,0
DA:149,0
DA:150,0
DA:153,0
DA:154,0
DA:156,0
DA:165,0
DA:166,0
DA:167,0
DA:169,0
DA:170,0
DA:173,0
DA:175,0
DA:176,0
DA:177,0
DA:179,0
DA:183,0
DA:184,0
DA:185,0
DA:186,0
DA:190,0
DA:191,0
DA:193,0
DA:194,0
DA:195,0
DA:199,0
DA:200,0
DA:201,0
DA:202,0
DA:203,0
DA:206,0
DA:207,0
DA:215,0
DA:218,0
DA:233,0
DA:245,0
DA:248,0
DA:265,0
DA:279,0
DA:296,0
DA:310,0
DA:318,0
DA:330,0
DA:373,0
LF:107
LH:0
BRDA:62,0,0,0
BRDA:62,0,1,0
BRDA:70,1,0,0
BRDA:70,1,1,0
BRDA:70,2,0,0
BRDA:70,2,1,0
BRDA:71,3,0,0
BRDA:71,3,1,0
BRDA:84,4,0,0
BRDA:84,4,1,0
BRDA:84,5,0,0
BRDA:84,5,1,0
BRDA:89,6,0,0
BRDA:89,6,1,0
BRDA:90,7,0,0
BRDA:90,7,1,0
BRDA:91,8,0,0
BRDA:91,8,1,0
BRDA:92,9,0,0
BRDA:92,9,1,0
BRDA:97,10,0,0
BRDA:97,10,1,0
BRDA:99,11,0,0
BRDA:99,11,1,0
BRDA:115,12,0,0
BRDA:115,12,1,0
BRDA:119,13,0,0
BRDA:119,13,1,0
BRDA:121,14,0,0
BRDA:121,14,1,0
BRDA:121,15,0,0
BRDA:121,15,1,0
BRDA:125,16,0,0
BRDA:125,16,1,0
BRDA:127,17,0,0
BRDA:127,17,1,0
BRDA:131,18,0,0
BRDA:131,18,1,0
BRDA:135,19,0,0
BRDA:135,19,1,0
BRDA:135,20,0,0
BRDA:135,20,1,0
BRDA:138,21,0,0
BRDA:138,21,1,0
BRDA:148,22,0,0
BRDA:148,22,1,0
BRDA:161,23,0,0
BRDA:161,23,1,0
BRDA:165,24,0,0
BRDA:165,24,1,0
BRDA:176,25,0,0
BRDA:176,25,1,0
BRDA:185,26,0,0
BRDA:185,26,1,0
BRDA:193,27,0,0
BRDA:193,27,1,0
BRDA:193,28,0,0
BRDA:193,28,1,0
BRDA:193,28,2,0
BRDA:206,29,0,0
BRDA:206,29,1,0
BRDA:206,30,0,0
BRDA:206,30,1,0
BRDA:221,31,0,0
BRDA:221,31,1,0
BRDA:232,32,0,0
BRDA:232,32,1,0
BRDA:235,33,0,0
BRDA:235,33,1,0
BRDA:236,34,0,0
BRDA:236,34,1,0
BRDA:239,35,0,0
BRDA:239,35,1,0
BRDA:241,36,0,0
BRDA:241,36,1,0
BRDA:263,37,0,0
BRDA:263,37,1,0
BRDA:270,38,0,0
BRDA:270,38,1,0
BRDA:277,39,0,0
BRDA:277,39,1,0
BRDA:283,40,0,0
BRDA:283,40,1,0
BRDA:284,41,0,0
BRDA:284,41,1,0
BRDA:286,42,0,0
BRDA:286,42,1,0
BRDA:295,43,0,0
BRDA:295,43,1,0
BRDA:299,44,0,0
BRDA:299,44,1,0
BRDA:302,45,0,0
BRDA:302,45,1,0
BRDA:309,46,0,0
BRDA:309,46,1,0
BRDA:312,47,0,0
BRDA:312,47,1,0
BRDA:313,48,0,0
BRDA:313,48,1,0
BRDA:316,49,0,0
BRDA:316,49,1,0
BRDA:317,50,0,0
BRDA:317,50,1,0
BRDA:342,51,0,0
BRDA:342,51,1,0
BRDA:346,52,0,0
BRDA:346,52,1,0
BRDA:350,53,0,0
BRDA:350,53,1,0
BRDA:357,54,0,0
BRDA:357,54,1,0
BRDA:357,54,2,0
BRDA:360,55,0,0
BRDA:360,55,1,0
BRF:114
BRH:0
end_of_record
TN:
SF:src/presentation/screens/RateHistoryScreen.tsx
FN:22,(anonymous_0)
FN:31,(anonymous_1)
FN:35,(anonymous_2)
FN:52,(anonymous_3)
FN:111,(anonymous_4)
FN:125,(anonymous_5)
FNF:6
FNH:0
FNDA:0,(anonymous_0)
FNDA:0,(anonymous_1)
FNDA:0,(anonymous_2)
FNDA:0,(anonymous_3)
FNDA:0,(anonymous_4)
FNDA:0,(anonymous_5)
DA:22,0
DA:23,0
DA:24,0
DA:25,0
DA:26,0
DA:28,0
DA:29,0
DA:31,0
DA:32,0
DA:35,0
DA:36,0
DA:37,0
DA:38,0
DA:39,0
DA:42,0
DA:45,0
DA:46,0
DA:48,0
DA:52,0
DA:53,0
DA:55,0
DA:99,0
DA:100,0
DA:108,0
DA:111,0
DA:125,0
DA:134,0
LF:27
LH:0
BRDA:25,0,0,0
BRDA:25,0,1,0
BRDA:38,1,0,0
BRDA:38,1,1,0
BRDA:38,2,0,0
BRDA:38,2,1,0
BRDA:39,3,0,0
BRDA:39,3,1,0
BRDA:41,4,0,0
BRDA:41,4,1,0
BRDA:41,5,0,0
BRDA:41,5,1,0
BRDA:53,6,0,0
BRDA:53,6,1,0
BRDA:59,7,0,0
BRDA:59,7,1,0
BRDA:79,8,0,0
BRDA:79,8,1,0
BRDA:99,9,0,0
BRDA:99,9,1,0
BRDA:115,10,0,0
BRDA:115,10,1,0
BRDA:118,11,0,0
BRDA:118,11,1,0
BRDA:125,12,0,0
BRDA:125,12,1,0
BRF:26
BRH:0
end_of_record
TN:
SF:src/presentation/screens/RateListScreen.tsx
FN:27,(anonymous_0)
FN:48,(anonymous_1)
FN:49,(anonymous_2)
FN:54,(anonymous_3)
FN:57,(anonymous_4)
FN:61,(anonymous_5)
FN:96,(anonymous_6)
FN:102,(anonymous_7)
FN:112,(anonymous_8)
FN:116,(anonymous_9)
FN:120,(anonymous_10)
FN:126,(anonymous_11)
FN:171,(anonymous_12)
FN:188,(anonymous_13)
FN:206,(anonymous_14)
FN:211,(anonymous_15)
FN:216,(anonymous_16)
FN:230,(anonymous_17)
FNF:18
FNH:0
FNDA:0,(anonymous_0)
FNDA:0,(anonymous_1)
FNDA:0,(anonymous_2)
FNDA:0,(anonymous_3)
FNDA:0,(anonymous_4)
FNDA:0,(anonymous_5)
FNDA:0,(anonymous_6)
FNDA:0,(anonymous_7)
FNDA:0,(anonymous_8)
FNDA:0,(anonymous_9)
FNDA:0,(anonymous_10)
FNDA:0,(anonymous_11)
FNDA:0,(anonymous_12)
FNDA:0,(anonymous_13)
FNDA:0,(anonymous_14)
FNDA:0,(anonymous_15)
FNDA:0,(anonymous_16)
FNDA:0,(anonymous_17)
DA:27,0
DA:28,0
DA:29,0
DA:30,0
DA:31,0
DA:32,0
DA:33,0
DA:34,0
DA:35,0
DA:38,0
DA:39,0
DA:40,0
DA:41,0
DA:44,0
DA:45,0
DA:48,0
DA:49,0
DA:50,0
DA:51,0
DA:54,0
DA:57,0
DA:58,0
DA:61,0
DA:62,0
DA:63,0
DA:66,0
DA:73,0
DA:74,0
DA:77,0
DA:78,0
DA:80,0
DA:81,0
DA:82,0
DA:83,0
DA:84,0
DA:85,0
DA:86,0
DA:89,0
DA:90,0
DA:92,0
DA:96,0
DA:97,0
DA:98,0
DA:99,0
DA:102,0
DA:103,0
DA:104,0
DA:106,0
DA:107,0
DA:109,0
DA:112,0
DA:113,0
DA:116,0
DA:117,0
DA:120,0
DA:121,0
DA:123,0
DA:126,0
DA:171,0
DA:172,0
DA:182,0
DA:188,0
DA:206,0
DA:211,0
DA:216,0
DA:230,0
DA:269,0
LF:67
LH:0
BRDA:73,0,0,0
BRDA:73,0,1,0
BRDA:78,1,0,0
BRDA:78,1,1,0
BRDA:78,2,0,0
BRDA:78,2,1,0
BRDA:81,3,0,0
BRDA:81,3,1,0
BRDA:83,4,0,0
BRDA:83,4,1,0
BRDA:84,5,0,0
BRDA:84,5,1,0
BRDA:85,6,0,0
BRDA:85,6,1,0
BRDA:86,7,0,0
BRDA:86,7,1,0
BRDA:103,8,0,0
BRDA:103,8,1,0
BRDA:104,9,0,0
BRDA:104,9,1,0
BRDA:121,10,0,0
BRDA:121,10,1,0
BRDA:128,11,0,0
BRDA:128,11,1,0
BRDA:128,12,0,0
BRDA:128,12,1,0
BRDA:134,13,0,0
BRDA:134,13,1,0
BRDA:138,14,0,0
BRDA:138,14,1,0
BRDA:158,15,0,0
BRDA:158,15,1,0
BRDA:174,16,0,0
BRDA:174,16,1,0
BRDA:205,17,0,0
BRDA:205,17,1,0
BRDA:210,18,0,0
BRDA:210,18,1,0
BRDA:215,19,0,0
BRDA:215,19,1,0
BRDA:221,20,0,0
BRDA:221,20,1,0
BRDA:221,21,0,0
BRDA:221,21,1,0
BRDA:242,22,0,0
BRDA:242,22,1,0
BRDA:257,23,0,0
BRDA:257,23,1,0
BRF:48
BRH:0
end_of_record
TN:
SF:src/presentation/screens/RegisterScreen.tsx
FN:24,(anonymous_0)
FN:34,(anonymous_1)
FN:60,(anonymous_2)
FN:81,(anonymous_3)
FNF:4
FNH:0
FNDA:0,(anonymous_0)
FNDA:0,(anonymous_1)
FNDA:0,(anonymous_2)
FNDA:0,(anonymous_3)
DA:24,0
DA:25,0
DA:26,0
DA:27,0
DA:28,0
DA:29,0
DA:30,0
DA:31,0
DA:32,0
DA:34,0
DA:35,0
DA:36,0
DA:37,0
DA:40,0
DA:41,0
DA:42,0
DA:45,0
DA:46,0
DA:47,0
DA:51,0
DA:52,0
DA:53,0
DA:54,0
DA:57,0
DA:60,0
DA:61,0
DA:62,0
DA:65,0
DA:66,0
DA:67,0
DA:73,0
DA:75,0
DA:77,0
DA:81,0
DA:82,0
DA:85,0
DA:180,0
LF:37
LH:0
BRDA:35,0,0,0
BRDA:35,0,1,0
BRDA:35,1,0,0
BRDA:35,1,1,0
BRDA:35,1,2,0
BRDA:35,1,3,0
BRDA:40,2,0,0
BRDA:40,2,1,0
BRDA:45,3,0,0
BRDA:45,3,1,0
BRDA:52,4,0,0
BRDA:52,4,1,0
BRDA:61,5,0,0
BRDA:61,5,1,0
BRDA:75,6,0,0
BRDA:75,6,1,0
BRDA:88,7,0,0
BRDA:88,7,1,0
BRDA:140,8,0,0
BRDA:140,8,1,0
BRDA:148,9,0,0
BRDA:148,9,1,0
BRF:22
BRH:0
end_of_record
TN:
SF:src/presentation/screens/ReportsScreen.tsx
FN:60,(anonymous_0)
FN:75,(anonymous_1)
FN:79,(anonymous_2)
FN:94,(anonymous_3)
FN:117,(anonymous_4)
FN:129,(anonymous_5)
FN:135,(anonymous_6)
FN:139,(anonymous_7)
FN:145,(anonymous_8)
FN:152,(anonymous_9)
FN:182,(anonymous_10)
FN:347,(anonymous_11)
FN:371,(anonymous_12)
FN:383,(anonymous_13)
FN:406,(anonymous_14)
FN:414,(anonymous_15)
FN:418,(anonymous_16)
FN:431,(anonymous_17)
FN:506,(anonymous_18)
FN:514,(anonymous_19)
FN:520,(anonymous_20)
FN:526,(anonymous_21)
FN:532,(anonymous_22)
FN:648,(anonymous_23)
FN:683,(anonymous_24)
FN:692,(anonymous_25)
FN:701,(anonymous_26)
FN:716,(anonymous_27)
FNF:28
FNH:0
FNDA:0,(anonymous_0)
FNDA:0,(anonymous_1)
FNDA:0,(anonymous_2)
FNDA:0,(anonymous_3)
FNDA:0,(anonymous_4)
FNDA:0,(anonymous_5)
FNDA:0,(anonymous_6)
FNDA:0,(anonymous_7)
FNDA:0,(anonymous_8)
FNDA:0,(anonymous_9)
FNDA:0,(anonymous_10)
FNDA:0,(anonymous_11)
FNDA:0,(anonymous_12)
FNDA:0,(anonymous_13)
FNDA:0,(anonymous_14)
FNDA:0,(anonymous_15)
FNDA:0,(anonymous_16)
FNDA:0,(anonymous_17)
FNDA:0,(anonymous_18)
FNDA:0,(anonymous_19)
FNDA:0,(anonymous_20)
FNDA:0,(anonymous_21)
FNDA:0,(anonymous_22)
FNDA:0,(anonymous_23)
FNDA:0,(anonymous_24)
FNDA:0,(anonymous_25)
FNDA:0,(anonymous_26)
FNDA:0,(anonymous_27)
DA:60,0
DA:61,0
DA:62,0
DA:63,0
DA:64,0
DA:65,0
DA:66,0
DA:67,0
DA:68,0
DA:69,0
DA:73,0
DA:75,0
DA:76,0
DA:79,0
DA:80,0
DA:81,0
DA:82,0
DA:87,0
DA:88,0
DA:90,0
DA:94,0
DA:95,0
DA:97,0
DA:99,0
DA:113,0
DA:117,0
DA:118,0
DA:120,0
DA:121,0
DA:123,0
DA:125,0
DA:129,0
DA:130,0
DA:131,0
DA:132,0
DA:135,0
DA:136,0
DA:139,0
DA:140,0
DA:141,0
DA:142,0
DA:145,0
DA:146,0
DA:147,0
DA:148,0
DA:149,0
DA:152,0
DA:153,0
DA:154,0
DA:155,0
DA:157,0
DA:159,0
DA:160,0
DA:162,0
DA:163,0
DA:164,0
DA:165,0
DA:167,0
DA:168,0
DA:169,0
DA:170,0
DA:172,0
DA:173,0
DA:174,0
DA:177,0
DA:178,0
DA:179,0
DA:182,0
DA:184,0
DA:185,0
DA:186,0
DA:187,0
DA:188,0
DA:189,0
DA:190,0
DA:192,0
DA:347,0
DA:371,0
DA:372,0
DA:373,0
DA:374,0
DA:378,0
DA:379,0
DA:383,0
DA:384,0
DA:385,0
DA:386,0
DA:391,0
DA:392,0
DA:398,0
DA:401,0
DA:402,0
DA:406,0
DA:407,0
DA:408,0
DA:414,0
DA:418,0
DA:427,0
DA:431,0
DA:432,0
DA:434,0
DA:435,0
DA:436,0
DA:437,0
DA:441,0
DA:442,0
DA:444,0
DA:445,0
DA:449,0
DA:453,0
DA:454,0
DA:456,0
DA:466,0
DA:467,0
DA:469,0
DA:470,0
DA:476,0
DA:480,0
DA:481,0
DA:485,0
DA:486,0
DA:493,0
DA:506,0
DA:514,0
DA:520,0
DA:526,0
DA:532,0
DA:649,0
DA:683,0
DA:692,0
DA:701,0
DA:716,0
DA:734,0
LF:133
LH:0
BRDA:100,0,0,0
BRDA:100,0,1,0
BRDA:101,1,0,0
BRDA:101,1,1,0
BRDA:102,2,0,0
BRDA:102,2,1,0
BRDA:103,3,0,0
BRDA:103,3,1,0
BRDA:104,4,0,0
BRDA:104,4,1,0
BRDA:105,5,0,0
BRDA:105,5,1,0
BRDA:106,6,0,0
BRDA:106,6,1,0
BRDA:107,7,0,0
BRDA:107,7,1,0
BRDA:108,8,0,0
BRDA:108,8,1,0
BRDA:109,9,0,0
BRDA:109,9,1,0
BRDA:110,10,0,0
BRDA:110,10,1,0
BRDA:121,11,0,0
BRDA:121,11,1,0
BRDA:157,12,0,0
BRDA:157,12,1,0
BRDA:157,12,2,0
BRDA:157,12,3,0
BRDA:283,13,0,0
BRDA:283,13,1,0
BRDA:292,14,0,0
BRDA:292,14,1,0
BRDA:294,15,0,0
BRDA:294,15,1,0
BRDA:298,16,0,0
BRDA:298,16,1,0
BRDA:300,17,0,0
BRDA:300,17,1,0
BRDA:304,18,0,0
BRDA:304,18,1,0
BRDA:306,19,0,0
BRDA:306,19,1,0
BRDA:318,20,0,0
BRDA:318,20,1,0
BRDA:322,21,0,0
BRDA:322,21,1,0
BRDA:326,22,0,0
BRDA:326,22,1,0
BRDA:326,23,0,0
BRDA:326,23,1,0
BRDA:327,24,0,0
BRDA:327,24,1,0
BRDA:353,25,0,0
BRDA:353,25,1,0
BRDA:391,26,0,0
BRDA:391,26,1,0
BRDA:435,27,0,0
BRDA:435,27,1,0
BRDA:444,28,0,0
BRDA:444,28,1,0
BRDA:444,29,0,0
BRDA:444,29,1,0
BRDA:444,29,2,0
BRDA:467,30,0,0
BRDA:467,30,1,0
BRDA:467,31,0,0
BRDA:467,31,1,0
BRDA:469,32,0,0
BRDA:469,32,1,0
BRDA:485,33,0,0
BRDA:485,33,1,0
BRDA:505,34,0,0
BRDA:505,34,1,0
BRDA:508,35,0,0
BRDA:508,35,1,0
BRDA:573,36,0,0
BRDA:573,36,1,0
BRDA:577,37,0,0
BRDA:577,37,1,0
BRDA:584,38,0,0
BRDA:584,38,1,0
BRDA:588,39,0,0
BRDA:588,39,1,0
BRDA:602,40,0,0
BRDA:602,40,1,0
BRDA:608,41,0,0
BRDA:608,41,1,0
BRDA:615,42,0,0
BRDA:615,42,1,0
BRDA:615,43,0,0
BRDA:615,43,1,0
BRDA:617,44,0,0
BRDA:617,44,1,0
BRDA:629,45,0,0
BRDA:629,45,1,0
BRDA:633,46,0,0
BRDA:633,46,1,0
BRDA:643,47,0,0
BRDA:643,47,1,0
BRDA:656,48,0,0
BRDA:656,48,1,0
BRDA:659,49,0,0
BRDA:659,49,1,0
BRDA:664,50,0,0
BRDA:664,50,1,0
BRDA:666,51,0,0
BRDA:666,51,1,0
BRF:107
BRH:0
end_of_record
TN:
SF:src/presentation/screens/RoleDetailScreen.tsx
FN:24,(anonymous_0)
FN:34,(anonymous_1)
FN:38,(anonymous_2)
FN:52,(anonymous_3)
FN:56,(anonymous_4)
FN:71,(anonymous_5)
FN:95,(anonymous_6)
FN:105,(anonymous_7)
FN:148,(anonymous_8)
FNF:9
FNH:0
FNDA:0,(anonymous_0)
FNDA:0,(anonymous_1)
FNDA:0,(anonymous_2)
FNDA:0,(anonymous_3)
FNDA:0,(anonymous_4)
FNDA:0,(anonymous_5)
FNDA:0,(anonymous_6)
FNDA:0,(anonymous_7)
FNDA:0,(anonymous_8)
DA:24,0
DA:25,0
DA:26,0
DA:27,0
DA:28,0
DA:29,0
DA:31,0
DA:32,0
DA:34,0
DA:35,0
DA:38,0
DA:39,0
DA:40,0
DA:41,0
DA:42,0
DA:45,0
DA:46,0
DA:48,0
DA:52,0
DA:53,0
DA:56,0
DA:57,0
DA:71,0
DA:72,0
DA:73,0
DA:74,0
DA:75,0
DA:77,0
DA:78,0
DA:82,0
DA:83,0
DA:91,0
DA:92,0
DA:95,0
DA:102,0
DA:105,0
DA:149,0
DA:173,0
LF:38
LH:0
BRDA:41,0,0,0
BRDA:41,0,1,0
BRDA:41,1,0,0
BRDA:41,1,1,0
BRDA:82,2,0,0
BRDA:82,2,1,0
BRDA:91,3,0,0
BRDA:91,3,1,0
BRDA:122,4,0,0
BRDA:122,4,1,0
BRDA:126,5,0,0
BRDA:126,5,1,0
BRDA:131,6,0,0
BRDA:131,6,1,0
BRDA:144,7,0,0
BRDA:144,7,1,0
BRDA:157,8,0,0
BRDA:157,8,1,0
BRDA:163,9,0,0
BRDA:163,9,1,0
BRF:20
BRH:0
end_of_record
TN:
SF:src/presentation/screens/RoleFormScreen.tsx
FN:24,(anonymous_0)
FN:75,(anonymous_1)
FN:89,(anonymous_2)
FN:95,(anonymous_3)
FN:119,(anonymous_4)
FN:120,(anonymous_5)
FN:122,(anonymous_6)
FN:127,(anonymous_7)
FN:128,(anonymous_8)
FN:134,(anonymous_9)
FN:135,(anonymous_10)
FN:139,(anonymous_11)
FN:141,(anonymous_12)
FN:151,(anonymous_13)
FN:216,(anonymous_14)
FN:269,(anonymous_15)
FN:270,(anonymous_16)
FN:278,(anonymous_17)
FN:290,(anonymous_18)
FN:294,(anonymous_19)
FNF:20
FNH:0
FNDA:0,(anonymous_0)
FNDA:0,(anonymous_1)
FNDA:0,(anonymous_2)
FNDA:0,(anonymous_3)
FNDA:0,(anonymous_4)
FNDA:0,(anonymous_5)
FNDA:0,(anonymous_6)
FNDA:0,(anonymous_7)
FNDA:0,(anonymous_8)
FNDA:0,(anonymous_9)
FNDA:0,(anonymous_10)
FNDA:0,(anonymous_11)
FNDA:0,(anonymous_12)
FNDA:0,(anonymous_13)
FNDA:0,(anonymous_14)
FNDA:0,(anonymous_15)
FNDA:0,(anonymous_16)
FNDA:0,(anonymous_17)
FNDA:0,(anonymous_18)
FNDA:0,(anonymous_19)
DA:24,0
DA:26,0
DA:30,0
DA:75,0
DA:76,0
DA:77,0
DA:78,0
DA:79,0
DA:80,0
DA:82,0
DA:83,0
DA:84,0
DA:85,0
DA:86,0
DA:87,0
DA:89,0
DA:90,0
DA:91,0
DA:95,0
DA:96,0
DA:97,0
DA:98,0
DA:99,0
DA:100,0
DA:101,0
DA:102,0
DA:105,0
DA:109,0
DA:112,0
DA:113,0
DA:115,0
DA:119,0
DA:120,0
DA:121,0
DA:122,0
DA:127,0
DA:128,0
DA:129,0
DA:132,0
DA:134,0
DA:135,0
DA:139,0
DA:140,0
DA:141,0
DA:142,0
DA:143,0
DA:146,0
DA:151,0
DA:153,0
DA:154,0
DA:155,0
DA:158,0
DA:159,0
DA:160,0
DA:163,0
DA:164,0
DA:165,0
DA:168,0
DA:169,0
DA:170,0
DA:173,0
DA:174,0
DA:175,0
DA:178,0
DA:179,0
DA:180,0
DA:187,0
DA:188,0
DA:189,0
DA:191,0
DA:192,0
DA:194,0
DA:196,0
DA:197,0
DA:198,0
DA:200,0
DA:204,0
DA:205,0
DA:213,0
DA:216,0
DA:270,0
DA:271,0
DA:274,0
DA:278,0
DA:291,0
DA:294,0
DA:334,0
LF:87
LH:0
BRDA:90,0,0,0
BRDA:90,0,1,0
BRDA:99,1,0,0
BRDA:99,1,1,0
BRDA:99,2,0,0
BRDA:99,2,1,0
BRDA:105,3,0,0
BRDA:105,3,1,0
BRDA:121,4,0,0
BRDA:121,4,1,0
BRDA:132,5,0,0
BRDA:132,5,1,0
BRDA:142,6,0,0
BRDA:142,6,1,0
BRDA:153,7,0,0
BRDA:153,7,1,0
BRDA:153,8,0,0
BRDA:153,8,1,0
BRDA:158,9,0,0
BRDA:158,9,1,0
BRDA:163,10,0,0
BRDA:163,10,1,0
BRDA:163,11,0,0
BRDA:163,11,1,0
BRDA:168,12,0,0
BRDA:168,12,1,0
BRDA:173,13,0,0
BRDA:173,13,1,0
BRDA:183,14,0,0
BRDA:183,14,1,0
BRDA:187,15,0,0
BRDA:187,15,1,0
BRDA:197,16,0,0
BRDA:197,16,1,0
BRDA:204,17,0,0
BRDA:204,17,1,0
BRDA:219,18,0,0
BRDA:219,18,1,0
BRDA:235,19,0,0
BRDA:235,19,1,0
BRDA:283,20,0,0
BRDA:283,20,1,0
BRDA:285,21,0,0
BRDA:285,21,1,0
BRDA:298,22,0,0
BRDA:298,22,1,0
BRDA:300,23,0,0
BRDA:300,23,1,0
BRDA:316,24,0,0
BRDA:316,24,1,0
BRDA:320,25,0,0
BRDA:320,25,1,0
BRDA:324,26,0,0
BRDA:324,26,1,0
BRF:54
BRH:0
end_of_record
TN:
SF:src/presentation/screens/RoleListScreen.tsx
FN:26,(anonymous_0)
FN:46,(anonymous_1)
FN:47,(anonymous_2)
FN:52,(anonymous_3)
FN:55,(anonymous_4)
FN:59,(anonymous_5)
FN:93,(anonymous_6)
FN:105,(anonymous_7)
FN:109,(anonymous_8)
FN:113,(anonymous_9)
FN:117,(anonymous_10)
FN:121,(anonymous_11)
FN:124,(anonymous_12)
FN:181,(anonymous_13)
FN:186,(anonymous_14)
FN:192,(anonymous_15)
FNF:16
FNH:0
FNDA:0,(anonymous_0)
FNDA:0,(anonymous_1)
FNDA:0,(anonymous_2)
FNDA:0,(anonymous_3)
FNDA:0,(anonymous_4)
FNDA:0,(anonymous_5)
FNDA:0,(anonymous_6)
FNDA:0,(anonymous_7)
FNDA:0,(anonymous_8)
FNDA:0,(anonymous_9)
FNDA:0,(anonymous_10)
FNDA:0,(anonymous_11)
FNDA:0,(anonymous_12)
FNDA:0,(anonymous_13)
FNDA:0,(anonymous_14)
FNDA:0,(anonymous_15)
DA:26,0
DA:27,0
DA:28,0
DA:29,0
DA:30,0
DA:31,0
DA:32,0
DA:33,0
DA:36,0
DA:37,0
DA:38,0
DA:39,0
DA:42,0
DA:43,0
DA:46,0
DA:47,0
DA:48,0
DA:49,0
DA:52,0
DA:55,0
DA:56,0
DA:59,0
DA:60,0
DA:61,0
DA:64,0
DA:71,0
DA:72,0
DA:75,0
DA:76,0
DA:78,0
DA:79,0
DA:80,0
DA:81,0
DA:82,0
DA:83,0
DA:86,0
DA:87,0
DA:89,0
DA:93,0
DA:94,0
DA:96,0
DA:99,0
DA:100,0
DA:102,0
DA:105,0
DA:106,0
DA:109,0
DA:110,0
DA:113,0
DA:114,0
DA:117,0
DA:118,0
DA:121,0
DA:122,0
DA:124,0
DA:147,0
DA:148,0
DA:156,0
DA:181,0
DA:186,0
DA:192,0
DA:217,0
LF:62
LH:0
BRDA:71,0,0,0
BRDA:71,0,1,0
BRDA:76,1,0,0
BRDA:76,1,1,0
BRDA:76,2,0,0
BRDA:76,2,1,0
BRDA:79,3,0,0
BRDA:79,3,1,0
BRDA:80,4,0,0
BRDA:80,4,1,0
BRDA:81,5,0,0
BRDA:81,5,1,0
BRDA:82,6,0,0
BRDA:82,6,1,0
BRDA:83,7,0,0
BRDA:83,7,1,0
BRDA:94,8,0,0
BRDA:94,8,1,0
BRDA:96,9,0,0
BRDA:96,9,1,0
BRDA:106,10,0,0
BRDA:106,10,1,0
BRDA:126,11,0,0
BRDA:126,11,1,0
BRDA:131,12,0,0
BRDA:131,12,1,0
BRDA:134,13,0,0
BRDA:134,13,1,0
BRDA:142,14,0,0
BRDA:142,14,1,0
BRDA:147,15,0,0
BRDA:147,15,1,0
BRF:32
BRH:0
end_of_record
TN:
SF:src/presentation/screens/SupplierDetailScreen.tsx
FN:30,(anonymous_0)
FN:41,(anonymous_1)
FN:45,(anonymous_2)
FN:60,(anonymous_3)
FN:71,(anonymous_4)
FN:75,(anonymous_5)
FNF:6
FNH:0
FNDA:0,(anonymous_0)
FNDA:0,(anonymous_1)
FNDA:0,(anonymous_2)
FNDA:0,(anonymous_3)
FNDA:0,(anonymous_4)
FNDA:0,(anonymous_5)
DA:30,0
DA:31,0
DA:32,0
DA:33,0
DA:34,0
DA:35,0
DA:38,0
DA:39,0
DA:41,0
DA:42,0
DA:45,0
DA:46,0
DA:60,0
DA:61,0
DA:62,0
DA:63,0
DA:64,0
DA:66,0
DA:67,0
DA:71,0
DA:72,0
DA:75,0
DA:76,0
DA:79,0
DA:80,0
DA:83,0
DA:84,0
DA:91,0
DA:118,0
LF:29
LH:0
BRDA:79,0,0,0
BRDA:79,0,1,0
BRDA:83,1,0,0
BRDA:83,1,1,0
BRDA:100,2,0,0
BRDA:100,2,1,0
BRF:6
BRH:0
end_of_record
TN:
SF:src/presentation/screens/SupplierFormScreen.tsx
FN:35,(anonymous_0)
FN:55,(anonymous_1)
FN:61,(anonymous_2)
FN:87,(anonymous_3)
FN:126,(anonymous_4)
FN:153,(anonymous_5)
FN:154,(anonymous_6)
FN:156,(anonymous_7)
FN:174,(anonymous_8)
FN:183,(anonymous_9)
FN:195,(anonymous_10)
FN:208,(anonymous_11)
FN:220,(anonymous_12)
FN:233,(anonymous_13)
FN:247,(anonymous_14)
FN:259,(anonymous_15)
FN:271,(anonymous_16)
FN:281,(anonymous_17)
FNF:18
FNH:0
FNDA:0,(anonymous_0)
FNDA:0,(anonymous_1)
FNDA:0,(anonymous_2)
FNDA:0,(anonymous_3)
FNDA:0,(anonymous_4)
FNDA:0,(anonymous_5)
FNDA:0,(anonymous_6)
FNDA:0,(anonymous_7)
FNDA:0,(anonymous_8)
FNDA:0,(anonymous_9)
FNDA:0,(anonymous_10)
FNDA:0,(anonymous_11)
FNDA:0,(anonymous_12)
FNDA:0,(anonymous_13)
FNDA:0,(anonymous_14)
FNDA:0,(anonymous_15)
FNDA:0,(anonymous_16)
FNDA:0,(anonymous_17)
DA:35,0
DA:36,0
DA:37,0
DA:38,0
DA:39,0
DA:40,0
DA:42,0
DA:43,0
DA:53,0
DA:55,0
DA:56,0
DA:57,0
DA:61,0
DA:62,0
DA:63,0
DA:64,0
DA:65,0
DA:66,0
DA:67,0
DA:79,0
DA:80,0
DA:81,0
DA:83,0
DA:87,0
DA:88,0
DA:90,0
DA:91,0
DA:92,0
DA:93,0
DA:96,0
DA:97,0
DA:98,0
DA:99,0
DA:102,0
DA:103,0
DA:106,0
DA:107,0
DA:110,0
DA:111,0
DA:112,0
DA:113,0
DA:114,0
DA:118,0
DA:119,0
DA:122,0
DA:123,0
DA:126,0
DA:127,0
DA:128,0
DA:129,0
DA:132,0
DA:133,0
DA:135,0
DA:136,0
DA:137,0
DA:139,0
DA:140,0
DA:143,0
DA:145,0
DA:146,0
DA:147,0
DA:149,0
DA:153,0
DA:154,0
DA:155,0
DA:156,0
DA:160,0
DA:161,0
DA:169,0
DA:174,0
DA:183,0
DA:195,0
DA:208,0
DA:220,0
DA:233,0
DA:247,0
DA:259,0
DA:271,0
DA:281,0
DA:306,0
LF:80
LH:0
BRDA:56,0,0,0
BRDA:56,0,1,0
BRDA:65,1,0,0
BRDA:65,1,1,0
BRDA:65,2,0,0
BRDA:65,2,1,0
BRDA:68,3,0,0
BRDA:68,3,1,0
BRDA:69,4,0,0
BRDA:69,4,1,0
BRDA:70,5,0,0
BRDA:70,5,1,0
BRDA:71,6,0,0
BRDA:71,6,1,0
BRDA:72,7,0,0
BRDA:72,7,1,0
BRDA:73,8,0,0
BRDA:73,8,1,0
BRDA:74,9,0,0
BRDA:74,9,1,0
BRDA:75,10,0,0
BRDA:75,10,1,0
BRDA:90,11,0,0
BRDA:90,11,1,0
BRDA:92,12,0,0
BRDA:92,12,1,0
BRDA:96,13,0,0
BRDA:96,13,1,0
BRDA:98,14,0,0
BRDA:98,14,1,0
BRDA:102,15,0,0
BRDA:102,15,1,0
BRDA:102,16,0,0
BRDA:102,16,1,0
BRDA:106,17,0,0
BRDA:106,17,1,0
BRDA:106,18,0,0
BRDA:106,18,1,0
BRDA:110,19,0,0
BRDA:110,19,1,0
BRDA:111,20,0,0
BRDA:111,20,1,0
BRDA:113,21,0,0
BRDA:113,21,1,0
BRDA:118,22,0,0
BRDA:118,22,1,0
BRDA:118,23,0,0
BRDA:118,23,1,0
BRDA:127,24,0,0
BRDA:127,24,1,0
BRDA:135,25,0,0
BRDA:135,25,1,0
BRDA:146,26,0,0
BRDA:146,26,1,0
BRDA:155,27,0,0
BRDA:155,27,1,0
BRDA:160,28,0,0
BRDA:160,28,1,0
BRDA:160,29,0,0
BRDA:160,29,1,0
BRDA:172,30,0,0
BRDA:172,30,1,0
BRDA:181,31,0,0
BRDA:181,31,1,0
BRDA:187,32,0,0
BRDA:187,32,1,0
BRDA:193,33,0,0
BRDA:193,33,1,0
BRDA:200,34,0,0
BRDA:200,34,1,0
BRDA:206,35,0,0
BRDA:206,35,1,0
BRDA:212,36,0,0
BRDA:212,36,1,0
BRDA:218,37,0,0
BRDA:218,37,1,0
BRDA:225,38,0,0
BRDA:225,38,1,0
BRDA:231,39,0,0
BRDA:231,39,1,0
BRDA:239,40,0,0
BRDA:239,40,1,0
BRDA:257,41,0,0
BRDA:257,41,1,0
BRDA:263,42,0,0
BRDA:263,42,1,0
BRDA:273,43,0,0
BRDA:273,43,1,0
BRDA:288,44,0,0
BRDA:288,44,1,0
BRDA:292,45,0,0
BRDA:292,45,1,0
BRDA:296,46,0,0
BRDA:296,46,1,0
BRF:94
BRH:0
end_of_record
TN:
SF:src/presentation/screens/SupplierListScreen.tsx
FN:28,(anonymous_0)
FN:49,(anonymous_1)
FN:50,(anonymous_2)
FN:55,(anonymous_3)
FN:58,(anonymous_4)
FN:62,(anonymous_5)
FN:106,(anonymous_6)
FN:112,(anonymous_7)
FN:124,(anonymous_8)
FN:128,(anonymous_9)
FN:132,(anonymous_10)
FN:136,(anonymous_11)
FN:140,(anonymous_12)
FN:143,(anonymous_13)
FN:208,(anonymous_14)
FN:213,(anonymous_15)
FN:218,(anonymous_16)
FN:225,(anonymous_17)
FNF:18
FNH:0
FNDA:0,(anonymous_0)
FNDA:0,(anonymous_1)
FNDA:0,(anonymous_2)
FNDA:0,(anonymous_3)
FNDA:0,(anonymous_4)
FNDA:0,(anonymous_5)
FNDA:0,(anonymous_6)
FNDA:0,(anonymous_7)
FNDA:0,(anonymous_8)
FNDA:0,(anonymous_9)
FNDA:0,(anonymous_10)
FNDA:0,(anonymous_11)
FNDA:0,(anonymous_12)
FNDA:0,(anonymous_13)
FNDA:0,(anonymous_14)
FNDA:0,(anonymous_15)
FNDA:0,(anonymous_16)
FNDA:0,(anonymous_17)
DA:28,0
DA:29,0
DA:30,0
DA:31,0
DA:32,0
DA:33,0
DA:34,0
DA:35,0
DA:36,0
DA:39,0
DA:40,0
DA:41,0
DA:42,0
DA:45,0
DA:46,0
DA:49,0
DA:50,0
DA:51,0
DA:52,0
DA:55,0
DA:58,0
DA:59,0
DA:62,0
DA:63,0
DA:64,0
DA:67,0
DA:74,0
DA:75,0
DA:78,0
DA:79,0
DA:81,0
DA:82,0
DA:83,0
DA:84,0
DA:85,0
DA:86,0
DA:87,0
DA:90,0
DA:91,0
DA:92,0
DA:94,0
DA:99,0
DA:100,0
DA:102,0
DA:106,0
DA:107,0
DA:108,0
DA:109,0
DA:112,0
DA:113,0
DA:115,0
DA:118,0
DA:119,0
DA:121,0
DA:124,0
DA:125,0
DA:128,0
DA:129,0
DA:132,0
DA:133,0
DA:136,0
DA:137,0
DA:140,0
DA:141,0
DA:143,0
DA:172,0
DA:173,0
DA:181,0
DA:208,0
DA:213,0
DA:218,0
DA:225,0
DA:255,0
LF:73
LH:0
BRDA:74,0,0,0
BRDA:74,0,1,0
BRDA:79,1,0,0
BRDA:79,1,1,0
BRDA:79,2,0,0
BRDA:79,2,1,0
BRDA:82,3,0,0
BRDA:82,3,1,0
BRDA:84,4,0,0
BRDA:84,4,1,0
BRDA:85,5,0,0
BRDA:85,5,1,0
BRDA:86,6,0,0
BRDA:86,6,1,0
BRDA:87,7,0,0
BRDA:87,7,1,0
BRDA:90,8,0,0
BRDA:90,8,1,0
BRDA:90,9,0,0
BRDA:90,9,1,0
BRDA:113,10,0,0
BRDA:113,10,1,0
BRDA:115,11,0,0
BRDA:115,11,1,0
BRDA:125,12,0,0
BRDA:125,12,1,0
BRDA:145,13,0,0
BRDA:145,13,1,0
BRDA:152,14,0,0
BRDA:152,14,1,0
BRDA:155,15,0,0
BRDA:155,15,1,0
BRDA:162,16,0,0
BRDA:162,16,1,0
BRDA:165,17,0,0
BRDA:165,17,1,0
BRDA:172,18,0,0
BRDA:172,18,1,0
BRDA:234,19,0,0
BRDA:234,19,1,0
BRF:40
BRH:0
end_of_record
TN:
SF:src/presentation/screens/UserDetailScreen.tsx
FN:22,(anonymous_0)
FN:31,(anonymous_1)
FN:35,(anonymous_2)
FN:49,(anonymous_3)
FN:53,(anonymous_4)
FN:68,(anonymous_5)
FN:92,(anonymous_6)
FN:102,(anonymous_7)
FNF:8
FNH:0
FNDA:0,(anonymous_0)
FNDA:0,(anonymous_1)
FNDA:0,(anonymous_2)
FNDA:0,(anonymous_3)
FNDA:0,(anonymous_4)
FNDA:0,(anonymous_5)
FNDA:0,(anonymous_6)
FNDA:0,(anonymous_7)
DA:22,0
DA:23,0
DA:24,0
DA:25,0
DA:26,0
DA:28,0
DA:29,0
DA:31,0
DA:32,0
DA:35,0
DA:36,0
DA:37,0
DA:38,0
DA:39,0
DA:42,0
DA:43,0
DA:45,0
DA:49,0
DA:50,0
DA:53,0
DA:54,0
DA:68,0
DA:69,0
DA:70,0
DA:71,0
DA:72,0
DA:74,0
DA:75,0
DA:79,0
DA:80,0
DA:88,0
DA:89,0
DA:92,0
DA:99,0
DA:102,0
DA:155,0
LF:36
LH:0
BRDA:38,0,0,0
BRDA:38,0,1,0
BRDA:38,1,0,0
BRDA:38,1,1,0
BRDA:79,2,0,0
BRDA:79,2,1,0
BRDA:88,3,0,0
BRDA:88,3,1,0
BRDA:112,4,0,0
BRDA:112,4,1,0
BRDA:115,5,0,0
BRDA:115,5,1,0
BRDA:125,6,0,0
BRDA:125,6,1,0
BRDA:132,7,0,0
BRDA:132,7,1,0
BRF:16
BRH:0
end_of_record
TN:
SF:src/presentation/screens/UserFormScreen.tsx
FN:24,(anonymous_0)
FN:40,(anonymous_1)
FN:46,(anonymous_2)
FN:64,(anonymous_3)
FN:166,(anonymous_4)
FN:227,(anonymous_5)
FNF:6
FNH:0
FNDA:0,(anonymous_0)
FNDA:0,(anonymous_1)
FNDA:0,(anonymous_2)
FNDA:0,(anonymous_3)
FNDA:0,(anonymous_4)
FNDA:0,(anonymous_5)
DA:24,0
DA:25,0
DA:26,0
DA:27,0
DA:28,0
DA:29,0
DA:31,0
DA:32,0
DA:33,0
DA:34,0
DA:35,0
DA:36,0
DA:37,0
DA:38,0
DA:40,0
DA:41,0
DA:42,0
DA:46,0
DA:47,0
DA:48,0
DA:49,0
DA:50,0
DA:51,0
DA:52,0
DA:53,0
DA:54,0
DA:57,0
DA:58,0
DA:60,0
DA:64,0
DA:66,0
DA:67,0
DA:68,0
DA:71,0
DA:72,0
DA:73,0
DA:77,0
DA:78,0
DA:79,0
DA:82,0
DA:83,0
DA:84,0
DA:85,0
DA:88,0
DA:89,0
DA:90,0
DA:94,0
DA:95,0
DA:96,0
DA:100,0
DA:101,0
DA:102,0
DA:106,0
DA:107,0
DA:108,0
DA:109,0
DA:112,0
DA:113,0
DA:114,0
DA:118,0
DA:119,0
DA:120,0
DA:126,0
DA:127,0
DA:130,0
DA:131,0
DA:132,0
DA:135,0
DA:136,0
DA:137,0
DA:139,0
DA:140,0
DA:142,0
DA:144,0
DA:145,0
DA:146,0
DA:148,0
DA:152,0
DA:153,0
DA:161,0
DA:166,0
DA:227,0
DA:261,0
LF:83
LH:0
BRDA:41,0,0,0
BRDA:41,0,1,0
BRDA:50,1,0,0
BRDA:50,1,1,0
BRDA:50,2,0,0
BRDA:50,2,1,0
BRDA:53,3,0,0
BRDA:53,3,1,0
BRDA:66,4,0,0
BRDA:66,4,1,0
BRDA:66,5,0,0
BRDA:66,5,1,0
BRDA:71,6,0,0
BRDA:71,6,1,0
BRDA:77,7,0,0
BRDA:77,7,1,0
BRDA:77,8,0,0
BRDA:77,8,1,0
BRDA:83,9,0,0
BRDA:83,9,1,0
BRDA:88,10,0,0
BRDA:88,10,1,0
BRDA:94,11,0,0
BRDA:94,11,1,0
BRDA:94,12,0,0
BRDA:94,12,1,0
BRDA:94,12,2,0
BRDA:100,13,0,0
BRDA:100,13,1,0
BRDA:100,14,0,0
BRDA:100,14,1,0
BRDA:100,14,2,0
BRDA:106,15,0,0
BRDA:106,15,1,0
BRDA:106,16,0,0
BRDA:106,16,1,0
BRDA:107,17,0,0
BRDA:107,17,1,0
BRDA:112,18,0,0
BRDA:112,18,1,0
BRDA:126,19,0,0
BRDA:126,19,1,0
BRDA:126,20,0,0
BRDA:126,20,1,0
BRDA:130,21,0,0
BRDA:130,21,1,0
BRDA:135,22,0,0
BRDA:135,22,1,0
BRDA:145,23,0,0
BRDA:145,23,1,0
BRDA:152,24,0,0
BRDA:152,24,1,0
BRDA:164,25,0,0
BRDA:164,25,1,0
BRDA:197,26,0,0
BRDA:197,26,1,0
BRDA:203,27,0,0
BRDA:203,27,1,0
BRDA:210,28,0,0
BRDA:210,28,1,0
BRDA:222,29,0,0
BRDA:222,29,1,0
BRDA:225,30,0,0
BRDA:225,30,1,0
BRDA:238,31,0,0
BRDA:238,31,1,0
BRDA:243,32,0,0
BRDA:243,32,1,0
BRDA:247,33,0,0
BRDA:247,33,1,0
BRDA:251,34,0,0
BRDA:251,34,1,0
BRF:72
BRH:0
end_of_record
TN:
SF:src/presentation/screens/UserListScreen.tsx
FN:26,(anonymous_0)
FN:46,(anonymous_1)
FN:47,(anonymous_2)
FN:52,(anonymous_3)
FN:55,(anonymous_4)
FN:59,(anonymous_5)
FN:93,(anonymous_6)
FN:105,(anonymous_7)
FN:109,(anonymous_8)
FN:113,(anonymous_9)
FN:117,(anonymous_10)
FN:121,(anonymous_11)
FN:124,(anonymous_12)
FN:181,(anonymous_13)
FN:186,(anonymous_14)
FN:192,(anonymous_15)
FNF:16
FNH:0
FNDA:0,(anonymous_0)
FNDA:0,(anonymous_1)
FNDA:0,(anonymous_2)
FNDA:0,(anonymous_3)
FNDA:0,(anonymous_4)
FNDA:0,(anonymous_5)
FNDA:0,(anonymous_6)
FNDA:0,(anonymous_7)
FNDA:0,(anonymous_8)
FNDA:0,(anonymous_9)
FNDA:0,(anonymous_10)
FNDA:0,(anonymous_11)
FNDA:0,(anonymous_12)
FNDA:0,(anonymous_13)
FNDA:0,(anonymous_14)
FNDA:0,(anonymous_15)
DA:26,0
DA:27,0
DA:28,0
DA:29,0
DA:30,0
DA:31,0
DA:32,0
DA:33,0
DA:36,0
DA:37,0
DA:38,0
DA:39,0
DA:42,0
DA:43,0
DA:46,0
DA:47,0
DA:48,0
DA:49,0
DA:52,0
DA:55,0
DA:56,0
DA:59,0
DA:60,0
DA:61,0
DA:64,0
DA:71,0
DA:72,0
DA:75,0
DA:76,0
DA:78,0
DA:79,0
DA:80,0
DA:81,0
DA:82,0
DA:83,0
DA:86,0
DA:87,0
DA:89,0
DA:93,0
DA:94,0
DA:96,0
DA:99,0
DA:100,0
DA:102,0
DA:105,0
DA:106,0
DA:109,0
DA:110,0
DA:113,0
DA:114,0
DA:117,0
DA:118,0
DA:121,0
DA:122,0
DA:124,0
DA:147,0
DA:148,0
DA:156,0
DA:181,0
DA:186,0
DA:192,0
DA:217,0
LF:62
LH:0
BRDA:71,0,0,0
BRDA:71,0,1,0
BRDA:76,1,0,0
BRDA:76,1,1,0
BRDA:76,2,0,0
BRDA:76,2,1,0
BRDA:79,3,0,0
BRDA:79,3,1,0
BRDA:80,4,0,0
BRDA:80,4,1,0
BRDA:81,5,0,0
BRDA:81,5,1,0
BRDA:82,6,0,0
BRDA:82,6,1,0
BRDA:83,7,0,0
BRDA:83,7,1,0
BRDA:94,8,0,0
BRDA:94,8,1,0
BRDA:96,9,0,0
BRDA:96,9,1,0
BRDA:106,10,0,0
BRDA:106,10,1,0
BRDA:126,11,0,0
BRDA:126,11,1,0
BRDA:126,12,0,0
BRDA:126,12,1,0
BRDA:133,13,0,0
BRDA:133,13,1,0
BRDA:136,14,0,0
BRDA:136,14,1,0
BRDA:141,15,0,0
BRDA:141,15,1,0
BRDA:147,16,0,0
BRDA:147,16,1,0
BRF:34
BRH:0
end_of_record
